[2020-12-02 02:59:34] local.ERROR: PDOException: SQLSTATE[HY000] [1045] Access denied for user 'aplikasi_farah'@'localhost' (using password: YES) in /Applications/AMPPS/www/farah_accounting/vendor/illuminate/database/Connectors/Connector.php:70
Stack trace:
#0 /Applications/AMPPS/www/farah_accounting/vendor/illuminate/database/Connectors/Connector.php(70): PDO->__construct('mysql:host=127....', 'aplikasi_farah', 'farahhanifah18@...', Array)
#1 /Applications/AMPPS/www/farah_accounting/vendor/illuminate/database/Connectors/Connector.php(46): Illuminate\Database\Connectors\Connector->createPdoConnection('mysql:host=127....', 'aplikasi_farah', 'farahhanifah18@...', Array)
#2 /Applications/AMPPS/www/farah_accounting/vendor/illuminate/database/Connectors/MySqlConnector.php(24): Illuminate\Database\Connectors\Connector->createConnection('mysql:host=127....', Array, Array)
#3 /Applications/AMPPS/www/farah_accounting/vendor/illuminate/database/Connectors/ConnectionFactory.php(184): Illuminate\Database\Connectors\MySqlConnector->connect(Array)
#4 [internal function]: Illuminate\Database\Connectors\ConnectionFactory->Illuminate\Database\Connectors\{closure}()
#5 /Applications/AMPPS/www/farah_accounting/vendor/illuminate/database/Connection.php(926): call_user_func(Object(Closure))
#6 /Applications/AMPPS/www/farah_accounting/vendor/illuminate/database/Connection.php(961): Illuminate\Database\Connection->getPdo()
#7 /Applications/AMPPS/www/farah_accounting/vendor/illuminate/database/Connection.php(405): Illuminate\Database\Connection->getReadPdo()
#8 /Applications/AMPPS/www/farah_accounting/vendor/illuminate/database/Connection.php(331): Illuminate\Database\Connection->getPdoForSelect(true)
#9 /Applications/AMPPS/www/farah_accounting/vendor/illuminate/database/Connection.php(664): Illuminate\Database\Connection->Illuminate\Database\{closure}('select * from `...', Array)
#10 /Applications/AMPPS/www/farah_accounting/vendor/illuminate/database/Connection.php(631): Illuminate\Database\Connection->runQueryCallback('select * from `...', Array, Object(Closure))
#11 /Applications/AMPPS/www/farah_accounting/vendor/illuminate/database/Connection.php(339): Illuminate\Database\Connection->run('select * from `...', Array, Object(Closure))
#12 /Applications/AMPPS/www/farah_accounting/vendor/illuminate/database/Query/Builder.php(2260): Illuminate\Database\Connection->select('select * from `...', Array, true)
#13 /Applications/AMPPS/www/farah_accounting/vendor/illuminate/database/Query/Builder.php(2248): Illuminate\Database\Query\Builder->runSelect()
#14 /Applications/AMPPS/www/farah_accounting/vendor/illuminate/database/Query/Builder.php(2743): Illuminate\Database\Query\Builder->Illuminate\Database\Query\{closure}()
#15 /Applications/AMPPS/www/farah_accounting/vendor/illuminate/database/Query/Builder.php(2249): Illuminate\Database\Query\Builder->onceWithColumns(Array, Object(Closure))
#16 /Applications/AMPPS/www/farah_accounting/vendor/illuminate/database/Eloquent/Builder.php(539): Illuminate\Database\Query\Builder->get(Array)
#17 /Applications/AMPPS/www/farah_accounting/vendor/illuminate/database/Eloquent/Builder.php(523): Illuminate\Database\Eloquent\Builder->getModels(Array)
#18 /Applications/AMPPS/www/farah_accounting/app/Http/Controllers/OutcomeController.php(204): Illuminate\Database\Eloquent\Builder->get()
#19 /Applications/AMPPS/www/farah_accounting/app/Http/Controllers/OutcomeController.php(43): App\Http\Controllers\OutcomeController->isItNotValid(Object(Laravel\Lumen\Http\Request), 'unique')
#20 [internal function]: App\Http\Controllers\OutcomeController->store(Object(Laravel\Lumen\Http\Request))
#21 /Applications/AMPPS/www/farah_accounting/vendor/illuminate/container/BoundMethod.php(37): call_user_func_array(Array, Array)
#22 /Applications/AMPPS/www/farah_accounting/vendor/illuminate/container/Util.php(37): Illuminate\Container\BoundMethod::Illuminate\Container\{closure}()
#23 /Applications/AMPPS/www/farah_accounting/vendor/illuminate/container/BoundMethod.php(95): Illuminate\Container\Util::unwrapIfClosure(Object(Closure))
#24 /Applications/AMPPS/www/farah_accounting/vendor/illuminate/container/BoundMethod.php(39): Illuminate\Container\BoundMethod::callBoundMethod(Object(Laravel\Lumen\Application), Array, Object(Closure))
#25 /Applications/AMPPS/www/farah_accounting/vendor/illuminate/container/Container.php(596): Illuminate\Container\BoundMethod::call(Object(Laravel\Lumen\Application), Array, Array, NULL)
#26 /Applications/AMPPS/www/farah_accounting/vendor/laravel/lumen-framework/src/Concerns/RoutesRequests.php(386): Illuminate\Container\Container->call(Array, Array)
#27 /Applications/AMPPS/www/farah_accounting/vendor/laravel/lumen-framework/src/Concerns/RoutesRequests.php(352): Laravel\Lumen\Application->callControllerCallable(Array, Array)
#28 /Applications/AMPPS/www/farah_accounting/vendor/laravel/lumen-framework/src/Concerns/RoutesRequests.php(326): Laravel\Lumen\Application->callLumenController(Object(App\Http\Controllers\OutcomeController), 'store', Array)
#29 /Applications/AMPPS/www/farah_accounting/vendor/laravel/lumen-framework/src/Concerns/RoutesRequests.php(279): Laravel\Lumen\Application->callControllerAction(Array)
#30 /Applications/AMPPS/www/farah_accounting/vendor/laravel/lumen-framework/src/Concerns/RoutesRequests.php(264): Laravel\Lumen\Application->callActionOnArrayBasedRoute(Array)
#31 /Applications/AMPPS/www/farah_accounting/vendor/laravel/lumen-framework/src/Concerns/RoutesRequests.php(166): Laravel\Lumen\Application->handleFoundRoute(Array)
#32 [internal function]: Laravel\Lumen\Application->Laravel\Lumen\Concerns\{closure}(Object(Laravel\Lumen\Http\Request))
#33 /Applications/AMPPS/www/farah_accounting/vendor/laravel/lumen-framework/src/Routing/Pipeline.php(48): call_user_func(Object(Closure), Object(Laravel\Lumen\Http\Request))
#34 /Applications/AMPPS/www/farah_accounting/app/Http/Middleware/CorsMiddleware.php(39): Laravel\Lumen\Routing\Pipeline->Laravel\Lumen\Routing\{closure}(Object(Laravel\Lumen\Http\Request))
#35 /Applications/AMPPS/www/farah_accounting/vendor/illuminate/pipeline/Pipeline.php(167): App\Http\Middleware\CorsMiddleware->handle(Object(Laravel\Lumen\Http\Request), Object(Closure))
#36 [internal function]: Illuminate\Pipeline\Pipeline->Illuminate\Pipeline\{closure}(Object(Laravel\Lumen\Http\Request))
#37 /Applications/AMPPS/www/farah_accounting/vendor/laravel/lumen-framework/src/Routing/Pipeline.php(30): call_user_func(Object(Closure), Object(Laravel\Lumen\Http\Request))
#38 /Applications/AMPPS/www/farah_accounting/vendor/illuminate/pipeline/Pipeline.php(103): Laravel\Lumen\Routing\Pipeline->Laravel\Lumen\Routing\{closure}(Object(Laravel\Lumen\Http\Request))
#39 /Applications/AMPPS/www/farah_accounting/vendor/laravel/lumen-framework/src/Concerns/RoutesRequests.php(423): Illuminate\Pipeline\Pipeline->then(Object(Closure))
#40 /Applications/AMPPS/www/farah_accounting/vendor/laravel/lumen-framework/src/Concerns/RoutesRequests.php(172): Laravel\Lumen\Application->sendThroughPipeline(Array, Object(Closure))
#41 /Applications/AMPPS/www/farah_accounting/vendor/laravel/lumen-framework/src/Concerns/RoutesRequests.php(109): Laravel\Lumen\Application->dispatch(NULL)
#42 /Applications/AMPPS/www/farah_accounting/public/index.php(28): Laravel\Lumen\Application->run()
#43 {main}

Next Illuminate\Database\QueryException: SQLSTATE[HY000] [1045] Access denied for user 'aplikasi_farah'@'localhost' (using password: YES) (SQL: select * from `outcomes` where `invoice_number` = INV/20200823/XI/9989249) in /Applications/AMPPS/www/farah_accounting/vendor/illuminate/database/Connection.php:671
Stack trace:
#0 /Applications/AMPPS/www/farah_accounting/vendor/illuminate/database/Connection.php(631): Illuminate\Database\Connection->runQueryCallback('select * from `...', Array, Object(Closure))
#1 /Applications/AMPPS/www/farah_accounting/vendor/illuminate/database/Connection.php(339): Illuminate\Database\Connection->run('select * from `...', Array, Object(Closure))
#2 /Applications/AMPPS/www/farah_accounting/vendor/illuminate/database/Query/Builder.php(2260): Illuminate\Database\Connection->select('select * from `...', Array, true)
#3 /Applications/AMPPS/www/farah_accounting/vendor/illuminate/database/Query/Builder.php(2248): Illuminate\Database\Query\Builder->runSelect()
#4 /Applications/AMPPS/www/farah_accounting/vendor/illuminate/database/Query/Builder.php(2743): Illuminate\Database\Query\Builder->Illuminate\Database\Query\{closure}()
#5 /Applications/AMPPS/www/farah_accounting/vendor/illuminate/database/Query/Builder.php(2249): Illuminate\Database\Query\Builder->onceWithColumns(Array, Object(Closure))
#6 /Applications/AMPPS/www/farah_accounting/vendor/illuminate/database/Eloquent/Builder.php(539): Illuminate\Database\Query\Builder->get(Array)
#7 /Applications/AMPPS/www/farah_accounting/vendor/illuminate/database/Eloquent/Builder.php(523): Illuminate\Database\Eloquent\Builder->getModels(Array)
#8 /Applications/AMPPS/www/farah_accounting/app/Http/Controllers/OutcomeController.php(204): Illuminate\Database\Eloquent\Builder->get()
#9 /Applications/AMPPS/www/farah_accounting/app/Http/Controllers/OutcomeController.php(43): App\Http\Controllers\OutcomeController->isItNotValid(Object(Laravel\Lumen\Http\Request), 'unique')
#10 [internal function]: App\Http\Controllers\OutcomeController->store(Object(Laravel\Lumen\Http\Request))
#11 /Applications/AMPPS/www/farah_accounting/vendor/illuminate/container/BoundMethod.php(37): call_user_func_array(Array, Array)
#12 /Applications/AMPPS/www/farah_accounting/vendor/illuminate/container/Util.php(37): Illuminate\Container\BoundMethod::Illuminate\Container\{closure}()
#13 /Applications/AMPPS/www/farah_accounting/vendor/illuminate/container/BoundMethod.php(95): Illuminate\Container\Util::unwrapIfClosure(Object(Closure))
#14 /Applications/AMPPS/www/farah_accounting/vendor/illuminate/container/BoundMethod.php(39): Illuminate\Container\BoundMethod::callBoundMethod(Object(Laravel\Lumen\Application), Array, Object(Closure))
#15 /Applications/AMPPS/www/farah_accounting/vendor/illuminate/container/Container.php(596): Illuminate\Container\BoundMethod::call(Object(Laravel\Lumen\Application), Array, Array, NULL)
#16 /Applications/AMPPS/www/farah_accounting/vendor/laravel/lumen-framework/src/Concerns/RoutesRequests.php(386): Illuminate\Container\Container->call(Array, Array)
#17 /Applications/AMPPS/www/farah_accounting/vendor/laravel/lumen-framework/src/Concerns/RoutesRequests.php(352): Laravel\Lumen\Application->callControllerCallable(Array, Array)
#18 /Applications/AMPPS/www/farah_accounting/vendor/laravel/lumen-framework/src/Concerns/RoutesRequests.php(326): Laravel\Lumen\Application->callLumenController(Object(App\Http\Controllers\OutcomeController), 'store', Array)
#19 /Applications/AMPPS/www/farah_accounting/vendor/laravel/lumen-framework/src/Concerns/RoutesRequests.php(279): Laravel\Lumen\Application->callControllerAction(Array)
#20 /Applications/AMPPS/www/farah_accounting/vendor/laravel/lumen-framework/src/Concerns/RoutesRequests.php(264): Laravel\Lumen\Application->callActionOnArrayBasedRoute(Array)
#21 /Applications/AMPPS/www/farah_accounting/vendor/laravel/lumen-framework/src/Concerns/RoutesRequests.php(166): Laravel\Lumen\Application->handleFoundRoute(Array)
#22 [internal function]: Laravel\Lumen\Application->Laravel\Lumen\Concerns\{closure}(Object(Laravel\Lumen\Http\Request))
#23 /Applications/AMPPS/www/farah_accounting/vendor/laravel/lumen-framework/src/Routing/Pipeline.php(48): call_user_func(Object(Closure), Object(Laravel\Lumen\Http\Request))
#24 /Applications/AMPPS/www/farah_accounting/app/Http/Middleware/CorsMiddleware.php(39): Laravel\Lumen\Routing\Pipeline->Laravel\Lumen\Routing\{closure}(Object(Laravel\Lumen\Http\Request))
#25 /Applications/AMPPS/www/farah_accounting/vendor/illuminate/pipeline/Pipeline.php(167): App\Http\Middleware\CorsMiddleware->handle(Object(Laravel\Lumen\Http\Request), Object(Closure))
#26 [internal function]: Illuminate\Pipeline\Pipeline->Illuminate\Pipeline\{closure}(Object(Laravel\Lumen\Http\Request))
#27 /Applications/AMPPS/www/farah_accounting/vendor/laravel/lumen-framework/src/Routing/Pipeline.php(30): call_user_func(Object(Closure), Object(Laravel\Lumen\Http\Request))
#28 /Applications/AMPPS/www/farah_accounting/vendor/illuminate/pipeline/Pipeline.php(103): Laravel\Lumen\Routing\Pipeline->Laravel\Lumen\Routing\{closure}(Object(Laravel\Lumen\Http\Request))
#29 /Applications/AMPPS/www/farah_accounting/vendor/laravel/lumen-framework/src/Concerns/RoutesRequests.php(423): Illuminate\Pipeline\Pipeline->then(Object(Closure))
#30 /Applications/AMPPS/www/farah_accounting/vendor/laravel/lumen-framework/src/Concerns/RoutesRequests.php(172): Laravel\Lumen\Application->sendThroughPipeline(Array, Object(Closure))
#31 /Applications/AMPPS/www/farah_accounting/vendor/laravel/lumen-framework/src/Concerns/RoutesRequests.php(109): Laravel\Lumen\Application->dispatch(NULL)
#32 /Applications/AMPPS/www/farah_accounting/public/index.php(28): Laravel\Lumen\Application->run()
#33 {main} {"exception":"[object] (Illuminate\\Database\\QueryException(code: 1045): SQLSTATE[HY000] [1045] Access denied for user 'aplikasi_farah'@'localhost' (using password: YES) (SQL: select * from `outcomes` where `invoice_number` = INV/20200823/XI/9989249) at /Applications/AMPPS/www/farah_accounting/vendor/illuminate/database/Connection.php:671)
[stacktrace]
#0 /Applications/AMPPS/www/farah_accounting/vendor/illuminate/database/Connection.php(631): Illuminate\\Database\\Connection->runQueryCallback('select * from `...', Array, Object(Closure))
#1 /Applications/AMPPS/www/farah_accounting/vendor/illuminate/database/Connection.php(339): Illuminate\\Database\\Connection->run('select * from `...', Array, Object(Closure))
#2 /Applications/AMPPS/www/farah_accounting/vendor/illuminate/database/Query/Builder.php(2260): Illuminate\\Database\\Connection->select('select * from `...', Array, true)
#3 /Applications/AMPPS/www/farah_accounting/vendor/illuminate/database/Query/Builder.php(2248): Illuminate\\Database\\Query\\Builder->runSelect()
#4 /Applications/AMPPS/www/farah_accounting/vendor/illuminate/database/Query/Builder.php(2743): Illuminate\\Database\\Query\\Builder->Illuminate\\Database\\Query\\{closure}()
#5 /Applications/AMPPS/www/farah_accounting/vendor/illuminate/database/Query/Builder.php(2249): Illuminate\\Database\\Query\\Builder->onceWithColumns(Array, Object(Closure))
#6 /Applications/AMPPS/www/farah_accounting/vendor/illuminate/database/Eloquent/Builder.php(539): Illuminate\\Database\\Query\\Builder->get(Array)
#7 /Applications/AMPPS/www/farah_accounting/vendor/illuminate/database/Eloquent/Builder.php(523): Illuminate\\Database\\Eloquent\\Builder->getModels(Array)
#8 /Applications/AMPPS/www/farah_accounting/app/Http/Controllers/OutcomeController.php(204): Illuminate\\Database\\Eloquent\\Builder->get()
#9 /Applications/AMPPS/www/farah_accounting/app/Http/Controllers/OutcomeController.php(43): App\\Http\\Controllers\\OutcomeController->isItNotValid(Object(Laravel\\Lumen\\Http\\Request), 'unique')
#10 [internal function]: App\\Http\\Controllers\\OutcomeController->store(Object(Laravel\\Lumen\\Http\\Request))
#11 /Applications/AMPPS/www/farah_accounting/vendor/illuminate/container/BoundMethod.php(37): call_user_func_array(Array, Array)
#12 /Applications/AMPPS/www/farah_accounting/vendor/illuminate/container/Util.php(37): Illuminate\\Container\\BoundMethod::Illuminate\\Container\\{closure}()
#13 /Applications/AMPPS/www/farah_accounting/vendor/illuminate/container/BoundMethod.php(95): Illuminate\\Container\\Util::unwrapIfClosure(Object(Closure))
#14 /Applications/AMPPS/www/farah_accounting/vendor/illuminate/container/BoundMethod.php(39): Illuminate\\Container\\BoundMethod::callBoundMethod(Object(Laravel\\Lumen\\Application), Array, Object(Closure))
#15 /Applications/AMPPS/www/farah_accounting/vendor/illuminate/container/Container.php(596): Illuminate\\Container\\BoundMethod::call(Object(Laravel\\Lumen\\Application), Array, Array, NULL)
#16 /Applications/AMPPS/www/farah_accounting/vendor/laravel/lumen-framework/src/Concerns/RoutesRequests.php(386): Illuminate\\Container\\Container->call(Array, Array)
#17 /Applications/AMPPS/www/farah_accounting/vendor/laravel/lumen-framework/src/Concerns/RoutesRequests.php(352): Laravel\\Lumen\\Application->callControllerCallable(Array, Array)
#18 /Applications/AMPPS/www/farah_accounting/vendor/laravel/lumen-framework/src/Concerns/RoutesRequests.php(326): Laravel\\Lumen\\Application->callLumenController(Object(App\\Http\\Controllers\\OutcomeController), 'store', Array)
#19 /Applications/AMPPS/www/farah_accounting/vendor/laravel/lumen-framework/src/Concerns/RoutesRequests.php(279): Laravel\\Lumen\\Application->callControllerAction(Array)
#20 /Applications/AMPPS/www/farah_accounting/vendor/laravel/lumen-framework/src/Concerns/RoutesRequests.php(264): Laravel\\Lumen\\Application->callActionOnArrayBasedRoute(Array)
#21 /Applications/AMPPS/www/farah_accounting/vendor/laravel/lumen-framework/src/Concerns/RoutesRequests.php(166): Laravel\\Lumen\\Application->handleFoundRoute(Array)
#22 [internal function]: Laravel\\Lumen\\Application->Laravel\\Lumen\\Concerns\\{closure}(Object(Laravel\\Lumen\\Http\\Request))
#23 /Applications/AMPPS/www/farah_accounting/vendor/laravel/lumen-framework/src/Routing/Pipeline.php(48): call_user_func(Object(Closure), Object(Laravel\\Lumen\\Http\\Request))
#24 /Applications/AMPPS/www/farah_accounting/app/Http/Middleware/CorsMiddleware.php(39): Laravel\\Lumen\\Routing\\Pipeline->Laravel\\Lumen\\Routing\\{closure}(Object(Laravel\\Lumen\\Http\\Request))
#25 /Applications/AMPPS/www/farah_accounting/vendor/illuminate/pipeline/Pipeline.php(167): App\\Http\\Middleware\\CorsMiddleware->handle(Object(Laravel\\Lumen\\Http\\Request), Object(Closure))
#26 [internal function]: Illuminate\\Pipeline\\Pipeline->Illuminate\\Pipeline\\{closure}(Object(Laravel\\Lumen\\Http\\Request))
#27 /Applications/AMPPS/www/farah_accounting/vendor/laravel/lumen-framework/src/Routing/Pipeline.php(30): call_user_func(Object(Closure), Object(Laravel\\Lumen\\Http\\Request))
#28 /Applications/AMPPS/www/farah_accounting/vendor/illuminate/pipeline/Pipeline.php(103): Laravel\\Lumen\\Routing\\Pipeline->Laravel\\Lumen\\Routing\\{closure}(Object(Laravel\\Lumen\\Http\\Request))
#29 /Applications/AMPPS/www/farah_accounting/vendor/laravel/lumen-framework/src/Concerns/RoutesRequests.php(423): Illuminate\\Pipeline\\Pipeline->then(Object(Closure))
#30 /Applications/AMPPS/www/farah_accounting/vendor/laravel/lumen-framework/src/Concerns/RoutesRequests.php(172): Laravel\\Lumen\\Application->sendThroughPipeline(Array, Object(Closure))
#31 /Applications/AMPPS/www/farah_accounting/vendor/laravel/lumen-framework/src/Concerns/RoutesRequests.php(109): Laravel\\Lumen\\Application->dispatch(NULL)
#32 /Applications/AMPPS/www/farah_accounting/public/index.php(28): Laravel\\Lumen\\Application->run()
#33 {main}

[previous exception] [object] (PDOException(code: 1045): SQLSTATE[HY000] [1045] Access denied for user 'aplikasi_farah'@'localhost' (using password: YES) at /Applications/AMPPS/www/farah_accounting/vendor/illuminate/database/Connectors/Connector.php:70)
[stacktrace]
#0 /Applications/AMPPS/www/farah_accounting/vendor/illuminate/database/Connectors/Connector.php(70): PDO->__construct('mysql:host=127....', 'aplikasi_farah', 'farahhanifah18@...', Array)
#1 /Applications/AMPPS/www/farah_accounting/vendor/illuminate/database/Connectors/Connector.php(46): Illuminate\\Database\\Connectors\\Connector->createPdoConnection('mysql:host=127....', 'aplikasi_farah', 'farahhanifah18@...', Array)
#2 /Applications/AMPPS/www/farah_accounting/vendor/illuminate/database/Connectors/MySqlConnector.php(24): Illuminate\\Database\\Connectors\\Connector->createConnection('mysql:host=127....', Array, Array)
#3 /Applications/AMPPS/www/farah_accounting/vendor/illuminate/database/Connectors/ConnectionFactory.php(184): Illuminate\\Database\\Connectors\\MySqlConnector->connect(Array)
#4 [internal function]: Illuminate\\Database\\Connectors\\ConnectionFactory->Illuminate\\Database\\Connectors\\{closure}()
#5 /Applications/AMPPS/www/farah_accounting/vendor/illuminate/database/Connection.php(926): call_user_func(Object(Closure))
#6 /Applications/AMPPS/www/farah_accounting/vendor/illuminate/database/Connection.php(961): Illuminate\\Database\\Connection->getPdo()
#7 /Applications/AMPPS/www/farah_accounting/vendor/illuminate/database/Connection.php(405): Illuminate\\Database\\Connection->getReadPdo()
#8 /Applications/AMPPS/www/farah_accounting/vendor/illuminate/database/Connection.php(331): Illuminate\\Database\\Connection->getPdoForSelect(true)
#9 /Applications/AMPPS/www/farah_accounting/vendor/illuminate/database/Connection.php(664): Illuminate\\Database\\Connection->Illuminate\\Database\\{closure}('select * from `...', Array)
#10 /Applications/AMPPS/www/farah_accounting/vendor/illuminate/database/Connection.php(631): Illuminate\\Database\\Connection->runQueryCallback('select * from `...', Array, Object(Closure))
#11 /Applications/AMPPS/www/farah_accounting/vendor/illuminate/database/Connection.php(339): Illuminate\\Database\\Connection->run('select * from `...', Array, Object(Closure))
#12 /Applications/AMPPS/www/farah_accounting/vendor/illuminate/database/Query/Builder.php(2260): Illuminate\\Database\\Connection->select('select * from `...', Array, true)
#13 /Applications/AMPPS/www/farah_accounting/vendor/illuminate/database/Query/Builder.php(2248): Illuminate\\Database\\Query\\Builder->runSelect()
#14 /Applications/AMPPS/www/farah_accounting/vendor/illuminate/database/Query/Builder.php(2743): Illuminate\\Database\\Query\\Builder->Illuminate\\Database\\Query\\{closure}()
#15 /Applications/AMPPS/www/farah_accounting/vendor/illuminate/database/Query/Builder.php(2249): Illuminate\\Database\\Query\\Builder->onceWithColumns(Array, Object(Closure))
#16 /Applications/AMPPS/www/farah_accounting/vendor/illuminate/database/Eloquent/Builder.php(539): Illuminate\\Database\\Query\\Builder->get(Array)
#17 /Applications/AMPPS/www/farah_accounting/vendor/illuminate/database/Eloquent/Builder.php(523): Illuminate\\Database\\Eloquent\\Builder->getModels(Array)
#18 /Applications/AMPPS/www/farah_accounting/app/Http/Controllers/OutcomeController.php(204): Illuminate\\Database\\Eloquent\\Builder->get()
#19 /Applications/AMPPS/www/farah_accounting/app/Http/Controllers/OutcomeController.php(43): App\\Http\\Controllers\\OutcomeController->isItNotValid(Object(Laravel\\Lumen\\Http\\Request), 'unique')
#20 [internal function]: App\\Http\\Controllers\\OutcomeController->store(Object(Laravel\\Lumen\\Http\\Request))
#21 /Applications/AMPPS/www/farah_accounting/vendor/illuminate/container/BoundMethod.php(37): call_user_func_array(Array, Array)
#22 /Applications/AMPPS/www/farah_accounting/vendor/illuminate/container/Util.php(37): Illuminate\\Container\\BoundMethod::Illuminate\\Container\\{closure}()
#23 /Applications/AMPPS/www/farah_accounting/vendor/illuminate/container/BoundMethod.php(95): Illuminate\\Container\\Util::unwrapIfClosure(Object(Closure))
#24 /Applications/AMPPS/www/farah_accounting/vendor/illuminate/container/BoundMethod.php(39): Illuminate\\Container\\BoundMethod::callBoundMethod(Object(Laravel\\Lumen\\Application), Array, Object(Closure))
#25 /Applications/AMPPS/www/farah_accounting/vendor/illuminate/container/Container.php(596): Illuminate\\Container\\BoundMethod::call(Object(Laravel\\Lumen\\Application), Array, Array, NULL)
#26 /Applications/AMPPS/www/farah_accounting/vendor/laravel/lumen-framework/src/Concerns/RoutesRequests.php(386): Illuminate\\Container\\Container->call(Array, Array)
#27 /Applications/AMPPS/www/farah_accounting/vendor/laravel/lumen-framework/src/Concerns/RoutesRequests.php(352): Laravel\\Lumen\\Application->callControllerCallable(Array, Array)
#28 /Applications/AMPPS/www/farah_accounting/vendor/laravel/lumen-framework/src/Concerns/RoutesRequests.php(326): Laravel\\Lumen\\Application->callLumenController(Object(App\\Http\\Controllers\\OutcomeController), 'store', Array)
#29 /Applications/AMPPS/www/farah_accounting/vendor/laravel/lumen-framework/src/Concerns/RoutesRequests.php(279): Laravel\\Lumen\\Application->callControllerAction(Array)
#30 /Applications/AMPPS/www/farah_accounting/vendor/laravel/lumen-framework/src/Concerns/RoutesRequests.php(264): Laravel\\Lumen\\Application->callActionOnArrayBasedRoute(Array)
#31 /Applications/AMPPS/www/farah_accounting/vendor/laravel/lumen-framework/src/Concerns/RoutesRequests.php(166): Laravel\\Lumen\\Application->handleFoundRoute(Array)
#32 [internal function]: Laravel\\Lumen\\Application->Laravel\\Lumen\\Concerns\\{closure}(Object(Laravel\\Lumen\\Http\\Request))
#33 /Applications/AMPPS/www/farah_accounting/vendor/laravel/lumen-framework/src/Routing/Pipeline.php(48): call_user_func(Object(Closure), Object(Laravel\\Lumen\\Http\\Request))
#34 /Applications/AMPPS/www/farah_accounting/app/Http/Middleware/CorsMiddleware.php(39): Laravel\\Lumen\\Routing\\Pipeline->Laravel\\Lumen\\Routing\\{closure}(Object(Laravel\\Lumen\\Http\\Request))
#35 /Applications/AMPPS/www/farah_accounting/vendor/illuminate/pipeline/Pipeline.php(167): App\\Http\\Middleware\\CorsMiddleware->handle(Object(Laravel\\Lumen\\Http\\Request), Object(Closure))
#36 [internal function]: Illuminate\\Pipeline\\Pipeline->Illuminate\\Pipeline\\{closure}(Object(Laravel\\Lumen\\Http\\Request))
#37 /Applications/AMPPS/www/farah_accounting/vendor/laravel/lumen-framework/src/Routing/Pipeline.php(30): call_user_func(Object(Closure), Object(Laravel\\Lumen\\Http\\Request))
#38 /Applications/AMPPS/www/farah_accounting/vendor/illuminate/pipeline/Pipeline.php(103): Laravel\\Lumen\\Routing\\Pipeline->Laravel\\Lumen\\Routing\\{closure}(Object(Laravel\\Lumen\\Http\\Request))
#39 /Applications/AMPPS/www/farah_accounting/vendor/laravel/lumen-framework/src/Concerns/RoutesRequests.php(423): Illuminate\\Pipeline\\Pipeline->then(Object(Closure))
#40 /Applications/AMPPS/www/farah_accounting/vendor/laravel/lumen-framework/src/Concerns/RoutesRequests.php(172): Laravel\\Lumen\\Application->sendThroughPipeline(Array, Object(Closure))
#41 /Applications/AMPPS/www/farah_accounting/vendor/laravel/lumen-framework/src/Concerns/RoutesRequests.php(109): Laravel\\Lumen\\Application->dispatch(NULL)
#42 /Applications/AMPPS/www/farah_accounting/public/index.php(28): Laravel\\Lumen\\Application->run()
#43 {main}
"} 
