[2020-11-21 09:43:11] local.ERROR: Illuminate\Database\Eloquent\RelationNotFoundException: Call to undefined relationship [account] on model [App\Model\Income]. in /Applications/AMPPS/www/farah_accounting/vendor/illuminate/database/Eloquent/RelationNotFoundException.php:34
Stack trace:
#0 /Applications/AMPPS/www/farah_accounting/vendor/illuminate/database/Eloquent/Builder.php(606): Illuminate\Database\Eloquent\RelationNotFoundException::make(Object(App\Model\Income), 'account')
#1 /Applications/AMPPS/www/farah_accounting/vendor/illuminate/database/Eloquent/Relations/Relation.php(90): Illuminate\Database\Eloquent\Builder->Illuminate\Database\Eloquent\{closure}()
#2 /Applications/AMPPS/www/farah_accounting/vendor/illuminate/database/Eloquent/Builder.php(608): Illuminate\Database\Eloquent\Relations\Relation::noConstraints(Object(Closure))
#3 /Applications/AMPPS/www/farah_accounting/vendor/illuminate/database/Eloquent/Builder.php(576): Illuminate\Database\Eloquent\Builder->getRelation('account')
#4 /Applications/AMPPS/www/farah_accounting/vendor/illuminate/database/Eloquent/Builder.php(556): Illuminate\Database\Eloquent\Builder->eagerLoadRelation(Array, 'account', Object(Closure))
#5 /Applications/AMPPS/www/farah_accounting/vendor/illuminate/database/Eloquent/Builder.php(524): Illuminate\Database\Eloquent\Builder->eagerLoadRelations(Array)
#6 /Applications/AMPPS/www/farah_accounting/vendor/illuminate/database/Concerns/BuildsQueries.php(143): Illuminate\Database\Eloquent\Builder->get(Array)
#7 /Applications/AMPPS/www/farah_accounting/vendor/illuminate/database/Eloquent/Builder.php(345): Illuminate\Database\Eloquent\Builder->first(Array)
#8 /Applications/AMPPS/www/farah_accounting/app/Http/Controllers/IncomeController.php(228): Illuminate\Database\Eloquent\Builder->find('40')
#9 [internal function]: App\Http\Controllers\IncomeController->review(Object(Laravel\Lumen\Http\Request), '40')
#10 /Applications/AMPPS/www/farah_accounting/vendor/illuminate/container/BoundMethod.php(37): call_user_func_array(Array, Array)
#11 /Applications/AMPPS/www/farah_accounting/vendor/illuminate/container/Util.php(37): Illuminate\Container\BoundMethod::Illuminate\Container\{closure}()
#12 /Applications/AMPPS/www/farah_accounting/vendor/illuminate/container/BoundMethod.php(95): Illuminate\Container\Util::unwrapIfClosure(Object(Closure))
#13 /Applications/AMPPS/www/farah_accounting/vendor/illuminate/container/BoundMethod.php(39): Illuminate\Container\BoundMethod::callBoundMethod(Object(Laravel\Lumen\Application), Array, Object(Closure))
#14 /Applications/AMPPS/www/farah_accounting/vendor/illuminate/container/Container.php(596): Illuminate\Container\BoundMethod::call(Object(Laravel\Lumen\Application), Array, Array, NULL)
#15 /Applications/AMPPS/www/farah_accounting/vendor/laravel/lumen-framework/src/Concerns/RoutesRequests.php(386): Illuminate\Container\Container->call(Array, Array)
#16 /Applications/AMPPS/www/farah_accounting/vendor/laravel/lumen-framework/src/Concerns/RoutesRequests.php(352): Laravel\Lumen\Application->callControllerCallable(Array, Array)
#17 /Applications/AMPPS/www/farah_accounting/vendor/laravel/lumen-framework/src/Concerns/RoutesRequests.php(326): Laravel\Lumen\Application->callLumenController(Object(App\Http\Controllers\IncomeController), 'review', Array)
#18 /Applications/AMPPS/www/farah_accounting/vendor/laravel/lumen-framework/src/Concerns/RoutesRequests.php(279): Laravel\Lumen\Application->callControllerAction(Array)
#19 /Applications/AMPPS/www/farah_accounting/vendor/laravel/lumen-framework/src/Concerns/RoutesRequests.php(264): Laravel\Lumen\Application->callActionOnArrayBasedRoute(Array)
#20 /Applications/AMPPS/www/farah_accounting/vendor/laravel/lumen-framework/src/Concerns/RoutesRequests.php(234): Laravel\Lumen\Application->handleFoundRoute(Array)
#21 /Applications/AMPPS/www/farah_accounting/vendor/laravel/lumen-framework/src/Concerns/RoutesRequests.php(170): Laravel\Lumen\Application->handleDispatcherResponse(Array)
#22 [internal function]: Laravel\Lumen\Application->Laravel\Lumen\Concerns\{closure}(Object(Laravel\Lumen\Http\Request))
#23 /Applications/AMPPS/www/farah_accounting/vendor/laravel/lumen-framework/src/Routing/Pipeline.php(48): call_user_func(Object(Closure), Object(Laravel\Lumen\Http\Request))
#24 /Applications/AMPPS/www/farah_accounting/app/Http/Middleware/CorsMiddleware.php(39): Laravel\Lumen\Routing\Pipeline->Laravel\Lumen\Routing\{closure}(Object(Laravel\Lumen\Http\Request))
#25 /Applications/AMPPS/www/farah_accounting/vendor/illuminate/pipeline/Pipeline.php(167): App\Http\Middleware\CorsMiddleware->handle(Object(Laravel\Lumen\Http\Request), Object(Closure))
#26 [internal function]: Illuminate\Pipeline\Pipeline->Illuminate\Pipeline\{closure}(Object(Laravel\Lumen\Http\Request))
#27 /Applications/AMPPS/www/farah_accounting/vendor/laravel/lumen-framework/src/Routing/Pipeline.php(30): call_user_func(Object(Closure), Object(Laravel\Lumen\Http\Request))
#28 /Applications/AMPPS/www/farah_accounting/vendor/illuminate/pipeline/Pipeline.php(103): Laravel\Lumen\Routing\Pipeline->Laravel\Lumen\Routing\{closure}(Object(Laravel\Lumen\Http\Request))
#29 /Applications/AMPPS/www/farah_accounting/vendor/laravel/lumen-framework/src/Concerns/RoutesRequests.php(423): Illuminate\Pipeline\Pipeline->then(Object(Closure))
#30 /Applications/AMPPS/www/farah_accounting/vendor/laravel/lumen-framework/src/Concerns/RoutesRequests.php(172): Laravel\Lumen\Application->sendThroughPipeline(Array, Object(Closure))
#31 /Applications/AMPPS/www/farah_accounting/vendor/laravel/lumen-framework/src/Concerns/RoutesRequests.php(109): Laravel\Lumen\Application->dispatch(NULL)
#32 /Applications/AMPPS/www/farah_accounting/public/index.php(28): Laravel\Lumen\Application->run()
#33 {main} {"exception":"[object] (Illuminate\\Database\\Eloquent\\RelationNotFoundException(code: 0): Call to undefined relationship [account] on model [App\\Model\\Income]. at /Applications/AMPPS/www/farah_accounting/vendor/illuminate/database/Eloquent/RelationNotFoundException.php:34)
[stacktrace]
#0 /Applications/AMPPS/www/farah_accounting/vendor/illuminate/database/Eloquent/Builder.php(606): Illuminate\\Database\\Eloquent\\RelationNotFoundException::make(Object(App\\Model\\Income), 'account')
#1 /Applications/AMPPS/www/farah_accounting/vendor/illuminate/database/Eloquent/Relations/Relation.php(90): Illuminate\\Database\\Eloquent\\Builder->Illuminate\\Database\\Eloquent\\{closure}()
#2 /Applications/AMPPS/www/farah_accounting/vendor/illuminate/database/Eloquent/Builder.php(608): Illuminate\\Database\\Eloquent\\Relations\\Relation::noConstraints(Object(Closure))
#3 /Applications/AMPPS/www/farah_accounting/vendor/illuminate/database/Eloquent/Builder.php(576): Illuminate\\Database\\Eloquent\\Builder->getRelation('account')
#4 /Applications/AMPPS/www/farah_accounting/vendor/illuminate/database/Eloquent/Builder.php(556): Illuminate\\Database\\Eloquent\\Builder->eagerLoadRelation(Array, 'account', Object(Closure))
#5 /Applications/AMPPS/www/farah_accounting/vendor/illuminate/database/Eloquent/Builder.php(524): Illuminate\\Database\\Eloquent\\Builder->eagerLoadRelations(Array)
#6 /Applications/AMPPS/www/farah_accounting/vendor/illuminate/database/Concerns/BuildsQueries.php(143): Illuminate\\Database\\Eloquent\\Builder->get(Array)
#7 /Applications/AMPPS/www/farah_accounting/vendor/illuminate/database/Eloquent/Builder.php(345): Illuminate\\Database\\Eloquent\\Builder->first(Array)
#8 /Applications/AMPPS/www/farah_accounting/app/Http/Controllers/IncomeController.php(228): Illuminate\\Database\\Eloquent\\Builder->find('40')
#9 [internal function]: App\\Http\\Controllers\\IncomeController->review(Object(Laravel\\Lumen\\Http\\Request), '40')
#10 /Applications/AMPPS/www/farah_accounting/vendor/illuminate/container/BoundMethod.php(37): call_user_func_array(Array, Array)
#11 /Applications/AMPPS/www/farah_accounting/vendor/illuminate/container/Util.php(37): Illuminate\\Container\\BoundMethod::Illuminate\\Container\\{closure}()
#12 /Applications/AMPPS/www/farah_accounting/vendor/illuminate/container/BoundMethod.php(95): Illuminate\\Container\\Util::unwrapIfClosure(Object(Closure))
#13 /Applications/AMPPS/www/farah_accounting/vendor/illuminate/container/BoundMethod.php(39): Illuminate\\Container\\BoundMethod::callBoundMethod(Object(Laravel\\Lumen\\Application), Array, Object(Closure))
#14 /Applications/AMPPS/www/farah_accounting/vendor/illuminate/container/Container.php(596): Illuminate\\Container\\BoundMethod::call(Object(Laravel\\Lumen\\Application), Array, Array, NULL)
#15 /Applications/AMPPS/www/farah_accounting/vendor/laravel/lumen-framework/src/Concerns/RoutesRequests.php(386): Illuminate\\Container\\Container->call(Array, Array)
#16 /Applications/AMPPS/www/farah_accounting/vendor/laravel/lumen-framework/src/Concerns/RoutesRequests.php(352): Laravel\\Lumen\\Application->callControllerCallable(Array, Array)
#17 /Applications/AMPPS/www/farah_accounting/vendor/laravel/lumen-framework/src/Concerns/RoutesRequests.php(326): Laravel\\Lumen\\Application->callLumenController(Object(App\\Http\\Controllers\\IncomeController), 'review', Array)
#18 /Applications/AMPPS/www/farah_accounting/vendor/laravel/lumen-framework/src/Concerns/RoutesRequests.php(279): Laravel\\Lumen\\Application->callControllerAction(Array)
#19 /Applications/AMPPS/www/farah_accounting/vendor/laravel/lumen-framework/src/Concerns/RoutesRequests.php(264): Laravel\\Lumen\\Application->callActionOnArrayBasedRoute(Array)
#20 /Applications/AMPPS/www/farah_accounting/vendor/laravel/lumen-framework/src/Concerns/RoutesRequests.php(234): Laravel\\Lumen\\Application->handleFoundRoute(Array)
#21 /Applications/AMPPS/www/farah_accounting/vendor/laravel/lumen-framework/src/Concerns/RoutesRequests.php(170): Laravel\\Lumen\\Application->handleDispatcherResponse(Array)
#22 [internal function]: Laravel\\Lumen\\Application->Laravel\\Lumen\\Concerns\\{closure}(Object(Laravel\\Lumen\\Http\\Request))
#23 /Applications/AMPPS/www/farah_accounting/vendor/laravel/lumen-framework/src/Routing/Pipeline.php(48): call_user_func(Object(Closure), Object(Laravel\\Lumen\\Http\\Request))
#24 /Applications/AMPPS/www/farah_accounting/app/Http/Middleware/CorsMiddleware.php(39): Laravel\\Lumen\\Routing\\Pipeline->Laravel\\Lumen\\Routing\\{closure}(Object(Laravel\\Lumen\\Http\\Request))
#25 /Applications/AMPPS/www/farah_accounting/vendor/illuminate/pipeline/Pipeline.php(167): App\\Http\\Middleware\\CorsMiddleware->handle(Object(Laravel\\Lumen\\Http\\Request), Object(Closure))
#26 [internal function]: Illuminate\\Pipeline\\Pipeline->Illuminate\\Pipeline\\{closure}(Object(Laravel\\Lumen\\Http\\Request))
#27 /Applications/AMPPS/www/farah_accounting/vendor/laravel/lumen-framework/src/Routing/Pipeline.php(30): call_user_func(Object(Closure), Object(Laravel\\Lumen\\Http\\Request))
#28 /Applications/AMPPS/www/farah_accounting/vendor/illuminate/pipeline/Pipeline.php(103): Laravel\\Lumen\\Routing\\Pipeline->Laravel\\Lumen\\Routing\\{closure}(Object(Laravel\\Lumen\\Http\\Request))
#29 /Applications/AMPPS/www/farah_accounting/vendor/laravel/lumen-framework/src/Concerns/RoutesRequests.php(423): Illuminate\\Pipeline\\Pipeline->then(Object(Closure))
#30 /Applications/AMPPS/www/farah_accounting/vendor/laravel/lumen-framework/src/Concerns/RoutesRequests.php(172): Laravel\\Lumen\\Application->sendThroughPipeline(Array, Object(Closure))
#31 /Applications/AMPPS/www/farah_accounting/vendor/laravel/lumen-framework/src/Concerns/RoutesRequests.php(109): Laravel\\Lumen\\Application->dispatch(NULL)
#32 /Applications/AMPPS/www/farah_accounting/public/index.php(28): Laravel\\Lumen\\Application->run()
#33 {main}
"} 
[2020-11-21 09:46:38] local.ERROR: PDOException: SQLSTATE[23000]: Integrity constraint violation: 1048 Column 'account_id' cannot be null in /Applications/AMPPS/www/farah_accounting/vendor/illuminate/database/Connection.php:464
Stack trace:
#0 /Applications/AMPPS/www/farah_accounting/vendor/illuminate/database/Connection.php(464): PDOStatement->execute()
#1 /Applications/AMPPS/www/farah_accounting/vendor/illuminate/database/Connection.php(664): Illuminate\Database\Connection->Illuminate\Database\{closure}('insert into `le...', Array)
#2 /Applications/AMPPS/www/farah_accounting/vendor/illuminate/database/Connection.php(631): Illuminate\Database\Connection->runQueryCallback('insert into `le...', Array, Object(Closure))
#3 /Applications/AMPPS/www/farah_accounting/vendor/illuminate/database/Connection.php(465): Illuminate\Database\Connection->run('insert into `le...', Array, Object(Closure))
#4 /Applications/AMPPS/www/farah_accounting/vendor/illuminate/database/Connection.php(417): Illuminate\Database\Connection->statement('insert into `le...', Array)
#5 /Applications/AMPPS/www/farah_accounting/vendor/illuminate/database/Query/Processors/Processor.php(32): Illuminate\Database\Connection->insert('insert into `le...', Array)
#6 /Applications/AMPPS/www/farah_accounting/vendor/illuminate/database/Query/Builder.php(2829): Illuminate\Database\Query\Processors\Processor->processInsertGetId(Object(Illuminate\Database\Query\Builder), 'insert into `le...', Array, 'id')
#7 /Applications/AMPPS/www/farah_accounting/vendor/illuminate/database/Eloquent/Builder.php(1403): Illuminate\Database\Query\Builder->insertGetId(Array, 'id')
#8 /Applications/AMPPS/www/farah_accounting/vendor/illuminate/database/Eloquent/Model.php(900): Illuminate\Database\Eloquent\Builder->__call('insertGetId', Array)
#9 /Applications/AMPPS/www/farah_accounting/vendor/illuminate/database/Eloquent/Model.php(865): Illuminate\Database\Eloquent\Model->insertAndSetId(Object(Illuminate\Database\Eloquent\Builder), Array)
#10 /Applications/AMPPS/www/farah_accounting/vendor/illuminate/database/Eloquent/Model.php(728): Illuminate\Database\Eloquent\Model->performInsert(Object(Illuminate\Database\Eloquent\Builder))
#11 /Applications/AMPPS/www/farah_accounting/app/Http/Controllers/LedgerController.php(104): Illuminate\Database\Eloquent\Model->save()
#12 /Applications/AMPPS/www/farah_accounting/app/Http/Controllers/IncomeController.php(238): App\Http\Controllers\LedgerController->store(Object(App\Model\Income), 'income')
#13 [internal function]: App\Http\Controllers\IncomeController->review(Object(Laravel\Lumen\Http\Request), '40')
#14 /Applications/AMPPS/www/farah_accounting/vendor/illuminate/container/BoundMethod.php(37): call_user_func_array(Array, Array)
#15 /Applications/AMPPS/www/farah_accounting/vendor/illuminate/container/Util.php(37): Illuminate\Container\BoundMethod::Illuminate\Container\{closure}()
#16 /Applications/AMPPS/www/farah_accounting/vendor/illuminate/container/BoundMethod.php(95): Illuminate\Container\Util::unwrapIfClosure(Object(Closure))
#17 /Applications/AMPPS/www/farah_accounting/vendor/illuminate/container/BoundMethod.php(39): Illuminate\Container\BoundMethod::callBoundMethod(Object(Laravel\Lumen\Application), Array, Object(Closure))
#18 /Applications/AMPPS/www/farah_accounting/vendor/illuminate/container/Container.php(596): Illuminate\Container\BoundMethod::call(Object(Laravel\Lumen\Application), Array, Array, NULL)
#19 /Applications/AMPPS/www/farah_accounting/vendor/laravel/lumen-framework/src/Concerns/RoutesRequests.php(386): Illuminate\Container\Container->call(Array, Array)
#20 /Applications/AMPPS/www/farah_accounting/vendor/laravel/lumen-framework/src/Concerns/RoutesRequests.php(352): Laravel\Lumen\Application->callControllerCallable(Array, Array)
#21 /Applications/AMPPS/www/farah_accounting/vendor/laravel/lumen-framework/src/Concerns/RoutesRequests.php(326): Laravel\Lumen\Application->callLumenController(Object(App\Http\Controllers\IncomeController), 'review', Array)
#22 /Applications/AMPPS/www/farah_accounting/vendor/laravel/lumen-framework/src/Concerns/RoutesRequests.php(279): Laravel\Lumen\Application->callControllerAction(Array)
#23 /Applications/AMPPS/www/farah_accounting/vendor/laravel/lumen-framework/src/Concerns/RoutesRequests.php(264): Laravel\Lumen\Application->callActionOnArrayBasedRoute(Array)
#24 /Applications/AMPPS/www/farah_accounting/vendor/laravel/lumen-framework/src/Concerns/RoutesRequests.php(234): Laravel\Lumen\Application->handleFoundRoute(Array)
#25 /Applications/AMPPS/www/farah_accounting/vendor/laravel/lumen-framework/src/Concerns/RoutesRequests.php(170): Laravel\Lumen\Application->handleDispatcherResponse(Array)
#26 [internal function]: Laravel\Lumen\Application->Laravel\Lumen\Concerns\{closure}(Object(Laravel\Lumen\Http\Request))
#27 /Applications/AMPPS/www/farah_accounting/vendor/laravel/lumen-framework/src/Routing/Pipeline.php(48): call_user_func(Object(Closure), Object(Laravel\Lumen\Http\Request))
#28 /Applications/AMPPS/www/farah_accounting/app/Http/Middleware/CorsMiddleware.php(39): Laravel\Lumen\Routing\Pipeline->Laravel\Lumen\Routing\{closure}(Object(Laravel\Lumen\Http\Request))
#29 /Applications/AMPPS/www/farah_accounting/vendor/illuminate/pipeline/Pipeline.php(167): App\Http\Middleware\CorsMiddleware->handle(Object(Laravel\Lumen\Http\Request), Object(Closure))
#30 [internal function]: Illuminate\Pipeline\Pipeline->Illuminate\Pipeline\{closure}(Object(Laravel\Lumen\Http\Request))
#31 /Applications/AMPPS/www/farah_accounting/vendor/laravel/lumen-framework/src/Routing/Pipeline.php(30): call_user_func(Object(Closure), Object(Laravel\Lumen\Http\Request))
#32 /Applications/AMPPS/www/farah_accounting/vendor/illuminate/pipeline/Pipeline.php(103): Laravel\Lumen\Routing\Pipeline->Laravel\Lumen\Routing\{closure}(Object(Laravel\Lumen\Http\Request))
#33 /Applications/AMPPS/www/farah_accounting/vendor/laravel/lumen-framework/src/Concerns/RoutesRequests.php(423): Illuminate\Pipeline\Pipeline->then(Object(Closure))
#34 /Applications/AMPPS/www/farah_accounting/vendor/laravel/lumen-framework/src/Concerns/RoutesRequests.php(172): Laravel\Lumen\Application->sendThroughPipeline(Array, Object(Closure))
#35 /Applications/AMPPS/www/farah_accounting/vendor/laravel/lumen-framework/src/Concerns/RoutesRequests.php(109): Laravel\Lumen\Application->dispatch(NULL)
#36 /Applications/AMPPS/www/farah_accounting/public/index.php(28): Laravel\Lumen\Application->run()
#37 {main}

Next Illuminate\Database\QueryException: SQLSTATE[23000]: Integrity constraint violation: 1048 Column 'account_id' cannot be null (SQL: insert into `ledgers` (`account_id`, `invoice_number`, `date`, `debit`, `credit`, `description`, `updated_at`, `created_at`) values (?, 210023, 2020-08-11, 326000, 0, tes, 2020-11-21 09:46:38, 2020-11-21 09:46:38)) in /Applications/AMPPS/www/farah_accounting/vendor/illuminate/database/Connection.php:671
Stack trace:
#0 /Applications/AMPPS/www/farah_accounting/vendor/illuminate/database/Connection.php(631): Illuminate\Database\Connection->runQueryCallback('insert into `le...', Array, Object(Closure))
#1 /Applications/AMPPS/www/farah_accounting/vendor/illuminate/database/Connection.php(465): Illuminate\Database\Connection->run('insert into `le...', Array, Object(Closure))
#2 /Applications/AMPPS/www/farah_accounting/vendor/illuminate/database/Connection.php(417): Illuminate\Database\Connection->statement('insert into `le...', Array)
#3 /Applications/AMPPS/www/farah_accounting/vendor/illuminate/database/Query/Processors/Processor.php(32): Illuminate\Database\Connection->insert('insert into `le...', Array)
#4 /Applications/AMPPS/www/farah_accounting/vendor/illuminate/database/Query/Builder.php(2829): Illuminate\Database\Query\Processors\Processor->processInsertGetId(Object(Illuminate\Database\Query\Builder), 'insert into `le...', Array, 'id')
#5 /Applications/AMPPS/www/farah_accounting/vendor/illuminate/database/Eloquent/Builder.php(1403): Illuminate\Database\Query\Builder->insertGetId(Array, 'id')
#6 /Applications/AMPPS/www/farah_accounting/vendor/illuminate/database/Eloquent/Model.php(900): Illuminate\Database\Eloquent\Builder->__call('insertGetId', Array)
#7 /Applications/AMPPS/www/farah_accounting/vendor/illuminate/database/Eloquent/Model.php(865): Illuminate\Database\Eloquent\Model->insertAndSetId(Object(Illuminate\Database\Eloquent\Builder), Array)
#8 /Applications/AMPPS/www/farah_accounting/vendor/illuminate/database/Eloquent/Model.php(728): Illuminate\Database\Eloquent\Model->performInsert(Object(Illuminate\Database\Eloquent\Builder))
#9 /Applications/AMPPS/www/farah_accounting/app/Http/Controllers/LedgerController.php(104): Illuminate\Database\Eloquent\Model->save()
#10 /Applications/AMPPS/www/farah_accounting/app/Http/Controllers/IncomeController.php(238): App\Http\Controllers\LedgerController->store(Object(App\Model\Income), 'income')
#11 [internal function]: App\Http\Controllers\IncomeController->review(Object(Laravel\Lumen\Http\Request), '40')
#12 /Applications/AMPPS/www/farah_accounting/vendor/illuminate/container/BoundMethod.php(37): call_user_func_array(Array, Array)
#13 /Applications/AMPPS/www/farah_accounting/vendor/illuminate/container/Util.php(37): Illuminate\Container\BoundMethod::Illuminate\Container\{closure}()
#14 /Applications/AMPPS/www/farah_accounting/vendor/illuminate/container/BoundMethod.php(95): Illuminate\Container\Util::unwrapIfClosure(Object(Closure))
#15 /Applications/AMPPS/www/farah_accounting/vendor/illuminate/container/BoundMethod.php(39): Illuminate\Container\BoundMethod::callBoundMethod(Object(Laravel\Lumen\Application), Array, Object(Closure))
#16 /Applications/AMPPS/www/farah_accounting/vendor/illuminate/container/Container.php(596): Illuminate\Container\BoundMethod::call(Object(Laravel\Lumen\Application), Array, Array, NULL)
#17 /Applications/AMPPS/www/farah_accounting/vendor/laravel/lumen-framework/src/Concerns/RoutesRequests.php(386): Illuminate\Container\Container->call(Array, Array)
#18 /Applications/AMPPS/www/farah_accounting/vendor/laravel/lumen-framework/src/Concerns/RoutesRequests.php(352): Laravel\Lumen\Application->callControllerCallable(Array, Array)
#19 /Applications/AMPPS/www/farah_accounting/vendor/laravel/lumen-framework/src/Concerns/RoutesRequests.php(326): Laravel\Lumen\Application->callLumenController(Object(App\Http\Controllers\IncomeController), 'review', Array)
#20 /Applications/AMPPS/www/farah_accounting/vendor/laravel/lumen-framework/src/Concerns/RoutesRequests.php(279): Laravel\Lumen\Application->callControllerAction(Array)
#21 /Applications/AMPPS/www/farah_accounting/vendor/laravel/lumen-framework/src/Concerns/RoutesRequests.php(264): Laravel\Lumen\Application->callActionOnArrayBasedRoute(Array)
#22 /Applications/AMPPS/www/farah_accounting/vendor/laravel/lumen-framework/src/Concerns/RoutesRequests.php(234): Laravel\Lumen\Application->handleFoundRoute(Array)
#23 /Applications/AMPPS/www/farah_accounting/vendor/laravel/lumen-framework/src/Concerns/RoutesRequests.php(170): Laravel\Lumen\Application->handleDispatcherResponse(Array)
#24 [internal function]: Laravel\Lumen\Application->Laravel\Lumen\Concerns\{closure}(Object(Laravel\Lumen\Http\Request))
#25 /Applications/AMPPS/www/farah_accounting/vendor/laravel/lumen-framework/src/Routing/Pipeline.php(48): call_user_func(Object(Closure), Object(Laravel\Lumen\Http\Request))
#26 /Applications/AMPPS/www/farah_accounting/app/Http/Middleware/CorsMiddleware.php(39): Laravel\Lumen\Routing\Pipeline->Laravel\Lumen\Routing\{closure}(Object(Laravel\Lumen\Http\Request))
#27 /Applications/AMPPS/www/farah_accounting/vendor/illuminate/pipeline/Pipeline.php(167): App\Http\Middleware\CorsMiddleware->handle(Object(Laravel\Lumen\Http\Request), Object(Closure))
#28 [internal function]: Illuminate\Pipeline\Pipeline->Illuminate\Pipeline\{closure}(Object(Laravel\Lumen\Http\Request))
#29 /Applications/AMPPS/www/farah_accounting/vendor/laravel/lumen-framework/src/Routing/Pipeline.php(30): call_user_func(Object(Closure), Object(Laravel\Lumen\Http\Request))
#30 /Applications/AMPPS/www/farah_accounting/vendor/illuminate/pipeline/Pipeline.php(103): Laravel\Lumen\Routing\Pipeline->Laravel\Lumen\Routing\{closure}(Object(Laravel\Lumen\Http\Request))
#31 /Applications/AMPPS/www/farah_accounting/vendor/laravel/lumen-framework/src/Concerns/RoutesRequests.php(423): Illuminate\Pipeline\Pipeline->then(Object(Closure))
#32 /Applications/AMPPS/www/farah_accounting/vendor/laravel/lumen-framework/src/Concerns/RoutesRequests.php(172): Laravel\Lumen\Application->sendThroughPipeline(Array, Object(Closure))
#33 /Applications/AMPPS/www/farah_accounting/vendor/laravel/lumen-framework/src/Concerns/RoutesRequests.php(109): Laravel\Lumen\Application->dispatch(NULL)
#34 /Applications/AMPPS/www/farah_accounting/public/index.php(28): Laravel\Lumen\Application->run()
#35 {main} {"exception":"[object] (Illuminate\\Database\\QueryException(code: 23000): SQLSTATE[23000]: Integrity constraint violation: 1048 Column 'account_id' cannot be null (SQL: insert into `ledgers` (`account_id`, `invoice_number`, `date`, `debit`, `credit`, `description`, `updated_at`, `created_at`) values (?, 210023, 2020-08-11, 326000, 0, tes, 2020-11-21 09:46:38, 2020-11-21 09:46:38)) at /Applications/AMPPS/www/farah_accounting/vendor/illuminate/database/Connection.php:671)
[stacktrace]
#0 /Applications/AMPPS/www/farah_accounting/vendor/illuminate/database/Connection.php(631): Illuminate\\Database\\Connection->runQueryCallback('insert into `le...', Array, Object(Closure))
#1 /Applications/AMPPS/www/farah_accounting/vendor/illuminate/database/Connection.php(465): Illuminate\\Database\\Connection->run('insert into `le...', Array, Object(Closure))
#2 /Applications/AMPPS/www/farah_accounting/vendor/illuminate/database/Connection.php(417): Illuminate\\Database\\Connection->statement('insert into `le...', Array)
#3 /Applications/AMPPS/www/farah_accounting/vendor/illuminate/database/Query/Processors/Processor.php(32): Illuminate\\Database\\Connection->insert('insert into `le...', Array)
#4 /Applications/AMPPS/www/farah_accounting/vendor/illuminate/database/Query/Builder.php(2829): Illuminate\\Database\\Query\\Processors\\Processor->processInsertGetId(Object(Illuminate\\Database\\Query\\Builder), 'insert into `le...', Array, 'id')
#5 /Applications/AMPPS/www/farah_accounting/vendor/illuminate/database/Eloquent/Builder.php(1403): Illuminate\\Database\\Query\\Builder->insertGetId(Array, 'id')
#6 /Applications/AMPPS/www/farah_accounting/vendor/illuminate/database/Eloquent/Model.php(900): Illuminate\\Database\\Eloquent\\Builder->__call('insertGetId', Array)
#7 /Applications/AMPPS/www/farah_accounting/vendor/illuminate/database/Eloquent/Model.php(865): Illuminate\\Database\\Eloquent\\Model->insertAndSetId(Object(Illuminate\\Database\\Eloquent\\Builder), Array)
#8 /Applications/AMPPS/www/farah_accounting/vendor/illuminate/database/Eloquent/Model.php(728): Illuminate\\Database\\Eloquent\\Model->performInsert(Object(Illuminate\\Database\\Eloquent\\Builder))
#9 /Applications/AMPPS/www/farah_accounting/app/Http/Controllers/LedgerController.php(104): Illuminate\\Database\\Eloquent\\Model->save()
#10 /Applications/AMPPS/www/farah_accounting/app/Http/Controllers/IncomeController.php(238): App\\Http\\Controllers\\LedgerController->store(Object(App\\Model\\Income), 'income')
#11 [internal function]: App\\Http\\Controllers\\IncomeController->review(Object(Laravel\\Lumen\\Http\\Request), '40')
#12 /Applications/AMPPS/www/farah_accounting/vendor/illuminate/container/BoundMethod.php(37): call_user_func_array(Array, Array)
#13 /Applications/AMPPS/www/farah_accounting/vendor/illuminate/container/Util.php(37): Illuminate\\Container\\BoundMethod::Illuminate\\Container\\{closure}()
#14 /Applications/AMPPS/www/farah_accounting/vendor/illuminate/container/BoundMethod.php(95): Illuminate\\Container\\Util::unwrapIfClosure(Object(Closure))
#15 /Applications/AMPPS/www/farah_accounting/vendor/illuminate/container/BoundMethod.php(39): Illuminate\\Container\\BoundMethod::callBoundMethod(Object(Laravel\\Lumen\\Application), Array, Object(Closure))
#16 /Applications/AMPPS/www/farah_accounting/vendor/illuminate/container/Container.php(596): Illuminate\\Container\\BoundMethod::call(Object(Laravel\\Lumen\\Application), Array, Array, NULL)
#17 /Applications/AMPPS/www/farah_accounting/vendor/laravel/lumen-framework/src/Concerns/RoutesRequests.php(386): Illuminate\\Container\\Container->call(Array, Array)
#18 /Applications/AMPPS/www/farah_accounting/vendor/laravel/lumen-framework/src/Concerns/RoutesRequests.php(352): Laravel\\Lumen\\Application->callControllerCallable(Array, Array)
#19 /Applications/AMPPS/www/farah_accounting/vendor/laravel/lumen-framework/src/Concerns/RoutesRequests.php(326): Laravel\\Lumen\\Application->callLumenController(Object(App\\Http\\Controllers\\IncomeController), 'review', Array)
#20 /Applications/AMPPS/www/farah_accounting/vendor/laravel/lumen-framework/src/Concerns/RoutesRequests.php(279): Laravel\\Lumen\\Application->callControllerAction(Array)
#21 /Applications/AMPPS/www/farah_accounting/vendor/laravel/lumen-framework/src/Concerns/RoutesRequests.php(264): Laravel\\Lumen\\Application->callActionOnArrayBasedRoute(Array)
#22 /Applications/AMPPS/www/farah_accounting/vendor/laravel/lumen-framework/src/Concerns/RoutesRequests.php(234): Laravel\\Lumen\\Application->handleFoundRoute(Array)
#23 /Applications/AMPPS/www/farah_accounting/vendor/laravel/lumen-framework/src/Concerns/RoutesRequests.php(170): Laravel\\Lumen\\Application->handleDispatcherResponse(Array)
#24 [internal function]: Laravel\\Lumen\\Application->Laravel\\Lumen\\Concerns\\{closure}(Object(Laravel\\Lumen\\Http\\Request))
#25 /Applications/AMPPS/www/farah_accounting/vendor/laravel/lumen-framework/src/Routing/Pipeline.php(48): call_user_func(Object(Closure), Object(Laravel\\Lumen\\Http\\Request))
#26 /Applications/AMPPS/www/farah_accounting/app/Http/Middleware/CorsMiddleware.php(39): Laravel\\Lumen\\Routing\\Pipeline->Laravel\\Lumen\\Routing\\{closure}(Object(Laravel\\Lumen\\Http\\Request))
#27 /Applications/AMPPS/www/farah_accounting/vendor/illuminate/pipeline/Pipeline.php(167): App\\Http\\Middleware\\CorsMiddleware->handle(Object(Laravel\\Lumen\\Http\\Request), Object(Closure))
#28 [internal function]: Illuminate\\Pipeline\\Pipeline->Illuminate\\Pipeline\\{closure}(Object(Laravel\\Lumen\\Http\\Request))
#29 /Applications/AMPPS/www/farah_accounting/vendor/laravel/lumen-framework/src/Routing/Pipeline.php(30): call_user_func(Object(Closure), Object(Laravel\\Lumen\\Http\\Request))
#30 /Applications/AMPPS/www/farah_accounting/vendor/illuminate/pipeline/Pipeline.php(103): Laravel\\Lumen\\Routing\\Pipeline->Laravel\\Lumen\\Routing\\{closure}(Object(Laravel\\Lumen\\Http\\Request))
#31 /Applications/AMPPS/www/farah_accounting/vendor/laravel/lumen-framework/src/Concerns/RoutesRequests.php(423): Illuminate\\Pipeline\\Pipeline->then(Object(Closure))
#32 /Applications/AMPPS/www/farah_accounting/vendor/laravel/lumen-framework/src/Concerns/RoutesRequests.php(172): Laravel\\Lumen\\Application->sendThroughPipeline(Array, Object(Closure))
#33 /Applications/AMPPS/www/farah_accounting/vendor/laravel/lumen-framework/src/Concerns/RoutesRequests.php(109): Laravel\\Lumen\\Application->dispatch(NULL)
#34 /Applications/AMPPS/www/farah_accounting/public/index.php(28): Laravel\\Lumen\\Application->run()
#35 {main}

[previous exception] [object] (PDOException(code: 23000): SQLSTATE[23000]: Integrity constraint violation: 1048 Column 'account_id' cannot be null at /Applications/AMPPS/www/farah_accounting/vendor/illuminate/database/Connection.php:464)
[stacktrace]
#0 /Applications/AMPPS/www/farah_accounting/vendor/illuminate/database/Connection.php(464): PDOStatement->execute()
#1 /Applications/AMPPS/www/farah_accounting/vendor/illuminate/database/Connection.php(664): Illuminate\\Database\\Connection->Illuminate\\Database\\{closure}('insert into `le...', Array)
#2 /Applications/AMPPS/www/farah_accounting/vendor/illuminate/database/Connection.php(631): Illuminate\\Database\\Connection->runQueryCallback('insert into `le...', Array, Object(Closure))
#3 /Applications/AMPPS/www/farah_accounting/vendor/illuminate/database/Connection.php(465): Illuminate\\Database\\Connection->run('insert into `le...', Array, Object(Closure))
#4 /Applications/AMPPS/www/farah_accounting/vendor/illuminate/database/Connection.php(417): Illuminate\\Database\\Connection->statement('insert into `le...', Array)
#5 /Applications/AMPPS/www/farah_accounting/vendor/illuminate/database/Query/Processors/Processor.php(32): Illuminate\\Database\\Connection->insert('insert into `le...', Array)
#6 /Applications/AMPPS/www/farah_accounting/vendor/illuminate/database/Query/Builder.php(2829): Illuminate\\Database\\Query\\Processors\\Processor->processInsertGetId(Object(Illuminate\\Database\\Query\\Builder), 'insert into `le...', Array, 'id')
#7 /Applications/AMPPS/www/farah_accounting/vendor/illuminate/database/Eloquent/Builder.php(1403): Illuminate\\Database\\Query\\Builder->insertGetId(Array, 'id')
#8 /Applications/AMPPS/www/farah_accounting/vendor/illuminate/database/Eloquent/Model.php(900): Illuminate\\Database\\Eloquent\\Builder->__call('insertGetId', Array)
#9 /Applications/AMPPS/www/farah_accounting/vendor/illuminate/database/Eloquent/Model.php(865): Illuminate\\Database\\Eloquent\\Model->insertAndSetId(Object(Illuminate\\Database\\Eloquent\\Builder), Array)
#10 /Applications/AMPPS/www/farah_accounting/vendor/illuminate/database/Eloquent/Model.php(728): Illuminate\\Database\\Eloquent\\Model->performInsert(Object(Illuminate\\Database\\Eloquent\\Builder))
#11 /Applications/AMPPS/www/farah_accounting/app/Http/Controllers/LedgerController.php(104): Illuminate\\Database\\Eloquent\\Model->save()
#12 /Applications/AMPPS/www/farah_accounting/app/Http/Controllers/IncomeController.php(238): App\\Http\\Controllers\\LedgerController->store(Object(App\\Model\\Income), 'income')
#13 [internal function]: App\\Http\\Controllers\\IncomeController->review(Object(Laravel\\Lumen\\Http\\Request), '40')
#14 /Applications/AMPPS/www/farah_accounting/vendor/illuminate/container/BoundMethod.php(37): call_user_func_array(Array, Array)
#15 /Applications/AMPPS/www/farah_accounting/vendor/illuminate/container/Util.php(37): Illuminate\\Container\\BoundMethod::Illuminate\\Container\\{closure}()
#16 /Applications/AMPPS/www/farah_accounting/vendor/illuminate/container/BoundMethod.php(95): Illuminate\\Container\\Util::unwrapIfClosure(Object(Closure))
#17 /Applications/AMPPS/www/farah_accounting/vendor/illuminate/container/BoundMethod.php(39): Illuminate\\Container\\BoundMethod::callBoundMethod(Object(Laravel\\Lumen\\Application), Array, Object(Closure))
#18 /Applications/AMPPS/www/farah_accounting/vendor/illuminate/container/Container.php(596): Illuminate\\Container\\BoundMethod::call(Object(Laravel\\Lumen\\Application), Array, Array, NULL)
#19 /Applications/AMPPS/www/farah_accounting/vendor/laravel/lumen-framework/src/Concerns/RoutesRequests.php(386): Illuminate\\Container\\Container->call(Array, Array)
#20 /Applications/AMPPS/www/farah_accounting/vendor/laravel/lumen-framework/src/Concerns/RoutesRequests.php(352): Laravel\\Lumen\\Application->callControllerCallable(Array, Array)
#21 /Applications/AMPPS/www/farah_accounting/vendor/laravel/lumen-framework/src/Concerns/RoutesRequests.php(326): Laravel\\Lumen\\Application->callLumenController(Object(App\\Http\\Controllers\\IncomeController), 'review', Array)
#22 /Applications/AMPPS/www/farah_accounting/vendor/laravel/lumen-framework/src/Concerns/RoutesRequests.php(279): Laravel\\Lumen\\Application->callControllerAction(Array)
#23 /Applications/AMPPS/www/farah_accounting/vendor/laravel/lumen-framework/src/Concerns/RoutesRequests.php(264): Laravel\\Lumen\\Application->callActionOnArrayBasedRoute(Array)
#24 /Applications/AMPPS/www/farah_accounting/vendor/laravel/lumen-framework/src/Concerns/RoutesRequests.php(234): Laravel\\Lumen\\Application->handleFoundRoute(Array)
#25 /Applications/AMPPS/www/farah_accounting/vendor/laravel/lumen-framework/src/Concerns/RoutesRequests.php(170): Laravel\\Lumen\\Application->handleDispatcherResponse(Array)
#26 [internal function]: Laravel\\Lumen\\Application->Laravel\\Lumen\\Concerns\\{closure}(Object(Laravel\\Lumen\\Http\\Request))
#27 /Applications/AMPPS/www/farah_accounting/vendor/laravel/lumen-framework/src/Routing/Pipeline.php(48): call_user_func(Object(Closure), Object(Laravel\\Lumen\\Http\\Request))
#28 /Applications/AMPPS/www/farah_accounting/app/Http/Middleware/CorsMiddleware.php(39): Laravel\\Lumen\\Routing\\Pipeline->Laravel\\Lumen\\Routing\\{closure}(Object(Laravel\\Lumen\\Http\\Request))
#29 /Applications/AMPPS/www/farah_accounting/vendor/illuminate/pipeline/Pipeline.php(167): App\\Http\\Middleware\\CorsMiddleware->handle(Object(Laravel\\Lumen\\Http\\Request), Object(Closure))
#30 [internal function]: Illuminate\\Pipeline\\Pipeline->Illuminate\\Pipeline\\{closure}(Object(Laravel\\Lumen\\Http\\Request))
#31 /Applications/AMPPS/www/farah_accounting/vendor/laravel/lumen-framework/src/Routing/Pipeline.php(30): call_user_func(Object(Closure), Object(Laravel\\Lumen\\Http\\Request))
#32 /Applications/AMPPS/www/farah_accounting/vendor/illuminate/pipeline/Pipeline.php(103): Laravel\\Lumen\\Routing\\Pipeline->Laravel\\Lumen\\Routing\\{closure}(Object(Laravel\\Lumen\\Http\\Request))
#33 /Applications/AMPPS/www/farah_accounting/vendor/laravel/lumen-framework/src/Concerns/RoutesRequests.php(423): Illuminate\\Pipeline\\Pipeline->then(Object(Closure))
#34 /Applications/AMPPS/www/farah_accounting/vendor/laravel/lumen-framework/src/Concerns/RoutesRequests.php(172): Laravel\\Lumen\\Application->sendThroughPipeline(Array, Object(Closure))
#35 /Applications/AMPPS/www/farah_accounting/vendor/laravel/lumen-framework/src/Concerns/RoutesRequests.php(109): Laravel\\Lumen\\Application->dispatch(NULL)
#36 /Applications/AMPPS/www/farah_accounting/public/index.php(28): Laravel\\Lumen\\Application->run()
#37 {main}
"} 
[2020-11-21 09:47:32] local.ERROR: ErrorException: Undefined variable: ledgerResponse in /Applications/AMPPS/www/farah_accounting/app/Http/Controllers/IncomeController.php:255
Stack trace:
#0 /Applications/AMPPS/www/farah_accounting/app/Http/Controllers/IncomeController.php(255): Laravel\Lumen\Application->Laravel\Lumen\Concerns\{closure}(8, 'Undefined varia...', '/Applications/A...', 255, Array)
#1 [internal function]: App\Http\Controllers\IncomeController->review(Object(Laravel\Lumen\Http\Request), '40')
#2 /Applications/AMPPS/www/farah_accounting/vendor/illuminate/container/BoundMethod.php(37): call_user_func_array(Array, Array)
#3 /Applications/AMPPS/www/farah_accounting/vendor/illuminate/container/Util.php(37): Illuminate\Container\BoundMethod::Illuminate\Container\{closure}()
#4 /Applications/AMPPS/www/farah_accounting/vendor/illuminate/container/BoundMethod.php(95): Illuminate\Container\Util::unwrapIfClosure(Object(Closure))
#5 /Applications/AMPPS/www/farah_accounting/vendor/illuminate/container/BoundMethod.php(39): Illuminate\Container\BoundMethod::callBoundMethod(Object(Laravel\Lumen\Application), Array, Object(Closure))
#6 /Applications/AMPPS/www/farah_accounting/vendor/illuminate/container/Container.php(596): Illuminate\Container\BoundMethod::call(Object(Laravel\Lumen\Application), Array, Array, NULL)
#7 /Applications/AMPPS/www/farah_accounting/vendor/laravel/lumen-framework/src/Concerns/RoutesRequests.php(386): Illuminate\Container\Container->call(Array, Array)
#8 /Applications/AMPPS/www/farah_accounting/vendor/laravel/lumen-framework/src/Concerns/RoutesRequests.php(352): Laravel\Lumen\Application->callControllerCallable(Array, Array)
#9 /Applications/AMPPS/www/farah_accounting/vendor/laravel/lumen-framework/src/Concerns/RoutesRequests.php(326): Laravel\Lumen\Application->callLumenController(Object(App\Http\Controllers\IncomeController), 'review', Array)
#10 /Applications/AMPPS/www/farah_accounting/vendor/laravel/lumen-framework/src/Concerns/RoutesRequests.php(279): Laravel\Lumen\Application->callControllerAction(Array)
#11 /Applications/AMPPS/www/farah_accounting/vendor/laravel/lumen-framework/src/Concerns/RoutesRequests.php(264): Laravel\Lumen\Application->callActionOnArrayBasedRoute(Array)
#12 /Applications/AMPPS/www/farah_accounting/vendor/laravel/lumen-framework/src/Concerns/RoutesRequests.php(234): Laravel\Lumen\Application->handleFoundRoute(Array)
#13 /Applications/AMPPS/www/farah_accounting/vendor/laravel/lumen-framework/src/Concerns/RoutesRequests.php(170): Laravel\Lumen\Application->handleDispatcherResponse(Array)
#14 [internal function]: Laravel\Lumen\Application->Laravel\Lumen\Concerns\{closure}(Object(Laravel\Lumen\Http\Request))
#15 /Applications/AMPPS/www/farah_accounting/vendor/laravel/lumen-framework/src/Routing/Pipeline.php(48): call_user_func(Object(Closure), Object(Laravel\Lumen\Http\Request))
#16 /Applications/AMPPS/www/farah_accounting/app/Http/Middleware/CorsMiddleware.php(39): Laravel\Lumen\Routing\Pipeline->Laravel\Lumen\Routing\{closure}(Object(Laravel\Lumen\Http\Request))
#17 /Applications/AMPPS/www/farah_accounting/vendor/illuminate/pipeline/Pipeline.php(167): App\Http\Middleware\CorsMiddleware->handle(Object(Laravel\Lumen\Http\Request), Object(Closure))
#18 [internal function]: Illuminate\Pipeline\Pipeline->Illuminate\Pipeline\{closure}(Object(Laravel\Lumen\Http\Request))
#19 /Applications/AMPPS/www/farah_accounting/vendor/laravel/lumen-framework/src/Routing/Pipeline.php(30): call_user_func(Object(Closure), Object(Laravel\Lumen\Http\Request))
#20 /Applications/AMPPS/www/farah_accounting/vendor/illuminate/pipeline/Pipeline.php(103): Laravel\Lumen\Routing\Pipeline->Laravel\Lumen\Routing\{closure}(Object(Laravel\Lumen\Http\Request))
#21 /Applications/AMPPS/www/farah_accounting/vendor/laravel/lumen-framework/src/Concerns/RoutesRequests.php(423): Illuminate\Pipeline\Pipeline->then(Object(Closure))
#22 /Applications/AMPPS/www/farah_accounting/vendor/laravel/lumen-framework/src/Concerns/RoutesRequests.php(172): Laravel\Lumen\Application->sendThroughPipeline(Array, Object(Closure))
#23 /Applications/AMPPS/www/farah_accounting/vendor/laravel/lumen-framework/src/Concerns/RoutesRequests.php(109): Laravel\Lumen\Application->dispatch(NULL)
#24 /Applications/AMPPS/www/farah_accounting/public/index.php(28): Laravel\Lumen\Application->run()
#25 {main} {"exception":"[object] (ErrorException(code: 0): Undefined variable: ledgerResponse at /Applications/AMPPS/www/farah_accounting/app/Http/Controllers/IncomeController.php:255)
[stacktrace]
#0 /Applications/AMPPS/www/farah_accounting/app/Http/Controllers/IncomeController.php(255): Laravel\\Lumen\\Application->Laravel\\Lumen\\Concerns\\{closure}(8, 'Undefined varia...', '/Applications/A...', 255, Array)
#1 [internal function]: App\\Http\\Controllers\\IncomeController->review(Object(Laravel\\Lumen\\Http\\Request), '40')
#2 /Applications/AMPPS/www/farah_accounting/vendor/illuminate/container/BoundMethod.php(37): call_user_func_array(Array, Array)
#3 /Applications/AMPPS/www/farah_accounting/vendor/illuminate/container/Util.php(37): Illuminate\\Container\\BoundMethod::Illuminate\\Container\\{closure}()
#4 /Applications/AMPPS/www/farah_accounting/vendor/illuminate/container/BoundMethod.php(95): Illuminate\\Container\\Util::unwrapIfClosure(Object(Closure))
#5 /Applications/AMPPS/www/farah_accounting/vendor/illuminate/container/BoundMethod.php(39): Illuminate\\Container\\BoundMethod::callBoundMethod(Object(Laravel\\Lumen\\Application), Array, Object(Closure))
#6 /Applications/AMPPS/www/farah_accounting/vendor/illuminate/container/Container.php(596): Illuminate\\Container\\BoundMethod::call(Object(Laravel\\Lumen\\Application), Array, Array, NULL)
#7 /Applications/AMPPS/www/farah_accounting/vendor/laravel/lumen-framework/src/Concerns/RoutesRequests.php(386): Illuminate\\Container\\Container->call(Array, Array)
#8 /Applications/AMPPS/www/farah_accounting/vendor/laravel/lumen-framework/src/Concerns/RoutesRequests.php(352): Laravel\\Lumen\\Application->callControllerCallable(Array, Array)
#9 /Applications/AMPPS/www/farah_accounting/vendor/laravel/lumen-framework/src/Concerns/RoutesRequests.php(326): Laravel\\Lumen\\Application->callLumenController(Object(App\\Http\\Controllers\\IncomeController), 'review', Array)
#10 /Applications/AMPPS/www/farah_accounting/vendor/laravel/lumen-framework/src/Concerns/RoutesRequests.php(279): Laravel\\Lumen\\Application->callControllerAction(Array)
#11 /Applications/AMPPS/www/farah_accounting/vendor/laravel/lumen-framework/src/Concerns/RoutesRequests.php(264): Laravel\\Lumen\\Application->callActionOnArrayBasedRoute(Array)
#12 /Applications/AMPPS/www/farah_accounting/vendor/laravel/lumen-framework/src/Concerns/RoutesRequests.php(234): Laravel\\Lumen\\Application->handleFoundRoute(Array)
#13 /Applications/AMPPS/www/farah_accounting/vendor/laravel/lumen-framework/src/Concerns/RoutesRequests.php(170): Laravel\\Lumen\\Application->handleDispatcherResponse(Array)
#14 [internal function]: Laravel\\Lumen\\Application->Laravel\\Lumen\\Concerns\\{closure}(Object(Laravel\\Lumen\\Http\\Request))
#15 /Applications/AMPPS/www/farah_accounting/vendor/laravel/lumen-framework/src/Routing/Pipeline.php(48): call_user_func(Object(Closure), Object(Laravel\\Lumen\\Http\\Request))
#16 /Applications/AMPPS/www/farah_accounting/app/Http/Middleware/CorsMiddleware.php(39): Laravel\\Lumen\\Routing\\Pipeline->Laravel\\Lumen\\Routing\\{closure}(Object(Laravel\\Lumen\\Http\\Request))
#17 /Applications/AMPPS/www/farah_accounting/vendor/illuminate/pipeline/Pipeline.php(167): App\\Http\\Middleware\\CorsMiddleware->handle(Object(Laravel\\Lumen\\Http\\Request), Object(Closure))
#18 [internal function]: Illuminate\\Pipeline\\Pipeline->Illuminate\\Pipeline\\{closure}(Object(Laravel\\Lumen\\Http\\Request))
#19 /Applications/AMPPS/www/farah_accounting/vendor/laravel/lumen-framework/src/Routing/Pipeline.php(30): call_user_func(Object(Closure), Object(Laravel\\Lumen\\Http\\Request))
#20 /Applications/AMPPS/www/farah_accounting/vendor/illuminate/pipeline/Pipeline.php(103): Laravel\\Lumen\\Routing\\Pipeline->Laravel\\Lumen\\Routing\\{closure}(Object(Laravel\\Lumen\\Http\\Request))
#21 /Applications/AMPPS/www/farah_accounting/vendor/laravel/lumen-framework/src/Concerns/RoutesRequests.php(423): Illuminate\\Pipeline\\Pipeline->then(Object(Closure))
#22 /Applications/AMPPS/www/farah_accounting/vendor/laravel/lumen-framework/src/Concerns/RoutesRequests.php(172): Laravel\\Lumen\\Application->sendThroughPipeline(Array, Object(Closure))
#23 /Applications/AMPPS/www/farah_accounting/vendor/laravel/lumen-framework/src/Concerns/RoutesRequests.php(109): Laravel\\Lumen\\Application->dispatch(NULL)
#24 /Applications/AMPPS/www/farah_accounting/public/index.php(28): Laravel\\Lumen\\Application->run()
#25 {main}
"} 
