[2020-12-07 02:38:21] local.ERROR: PDOException: SQLSTATE[HY000] [1045] Access denied for user 'aplikasi_farah'@'localhost' (using password: YES) in /Applications/AMPPS/www/farah_accounting/vendor/illuminate/database/Connectors/Connector.php:70
Stack trace:
#0 /Applications/AMPPS/www/farah_accounting/vendor/illuminate/database/Connectors/Connector.php(70): PDO->__construct('mysql:host=127....', 'aplikasi_farah', 'farahhanifah18@...', Array)
#1 /Applications/AMPPS/www/farah_accounting/vendor/illuminate/database/Connectors/Connector.php(46): Illuminate\Database\Connectors\Connector->createPdoConnection('mysql:host=127....', 'aplikasi_farah', 'farahhanifah18@...', Array)
#2 /Applications/AMPPS/www/farah_accounting/vendor/illuminate/database/Connectors/MySqlConnector.php(24): Illuminate\Database\Connectors\Connector->createConnection('mysql:host=127....', Array, Array)
#3 /Applications/AMPPS/www/farah_accounting/vendor/illuminate/database/Connectors/ConnectionFactory.php(184): Illuminate\Database\Connectors\MySqlConnector->connect(Array)
#4 [internal function]: Illuminate\Database\Connectors\ConnectionFactory->Illuminate\Database\Connectors\{closure}()
#5 /Applications/AMPPS/www/farah_accounting/vendor/illuminate/database/Connection.php(926): call_user_func(Object(Closure))
#6 /Applications/AMPPS/www/farah_accounting/vendor/illuminate/database/Connection.php(961): Illuminate\Database\Connection->getPdo()
#7 /Applications/AMPPS/www/farah_accounting/vendor/illuminate/database/Connection.php(405): Illuminate\Database\Connection->getReadPdo()
#8 /Applications/AMPPS/www/farah_accounting/vendor/illuminate/database/Connection.php(331): Illuminate\Database\Connection->getPdoForSelect(true)
#9 /Applications/AMPPS/www/farah_accounting/vendor/illuminate/database/Connection.php(664): Illuminate\Database\Connection->Illuminate\Database\{closure}('select * from `...', Array)
#10 /Applications/AMPPS/www/farah_accounting/vendor/illuminate/database/Connection.php(631): Illuminate\Database\Connection->runQueryCallback('select * from `...', Array, Object(Closure))
#11 /Applications/AMPPS/www/farah_accounting/vendor/illuminate/database/Connection.php(339): Illuminate\Database\Connection->run('select * from `...', Array, Object(Closure))
#12 /Applications/AMPPS/www/farah_accounting/vendor/illuminate/database/Query/Builder.php(2260): Illuminate\Database\Connection->select('select * from `...', Array, true)
#13 /Applications/AMPPS/www/farah_accounting/vendor/illuminate/database/Query/Builder.php(2248): Illuminate\Database\Query\Builder->runSelect()
#14 /Applications/AMPPS/www/farah_accounting/vendor/illuminate/database/Query/Builder.php(2743): Illuminate\Database\Query\Builder->Illuminate\Database\Query\{closure}()
#15 /Applications/AMPPS/www/farah_accounting/vendor/illuminate/database/Query/Builder.php(2249): Illuminate\Database\Query\Builder->onceWithColumns(Array, Object(Closure))
#16 /Applications/AMPPS/www/farah_accounting/vendor/illuminate/database/Eloquent/Builder.php(539): Illuminate\Database\Query\Builder->get(Array)
#17 /Applications/AMPPS/www/farah_accounting/vendor/illuminate/database/Eloquent/Builder.php(523): Illuminate\Database\Eloquent\Builder->getModels(Array)
#18 /Applications/AMPPS/www/farah_accounting/app/Http/Controllers/RawMaterialController.php(38): Illuminate\Database\Eloquent\Builder->get()
#19 [internal function]: App\Http\Controllers\RawMaterialController->stockMaterialList(Object(Laravel\Lumen\Http\Request))
#20 /Applications/AMPPS/www/farah_accounting/vendor/illuminate/container/BoundMethod.php(37): call_user_func_array(Array, Array)
#21 /Applications/AMPPS/www/farah_accounting/vendor/illuminate/container/Util.php(37): Illuminate\Container\BoundMethod::Illuminate\Container\{closure}()
#22 /Applications/AMPPS/www/farah_accounting/vendor/illuminate/container/BoundMethod.php(95): Illuminate\Container\Util::unwrapIfClosure(Object(Closure))
#23 /Applications/AMPPS/www/farah_accounting/vendor/illuminate/container/BoundMethod.php(39): Illuminate\Container\BoundMethod::callBoundMethod(Object(Laravel\Lumen\Application), Array, Object(Closure))
#24 /Applications/AMPPS/www/farah_accounting/vendor/illuminate/container/Container.php(596): Illuminate\Container\BoundMethod::call(Object(Laravel\Lumen\Application), Array, Array, NULL)
#25 /Applications/AMPPS/www/farah_accounting/vendor/laravel/lumen-framework/src/Concerns/RoutesRequests.php(386): Illuminate\Container\Container->call(Array, Array)
#26 /Applications/AMPPS/www/farah_accounting/vendor/laravel/lumen-framework/src/Concerns/RoutesRequests.php(352): Laravel\Lumen\Application->callControllerCallable(Array, Array)
#27 /Applications/AMPPS/www/farah_accounting/vendor/laravel/lumen-framework/src/Concerns/RoutesRequests.php(326): Laravel\Lumen\Application->callLumenController(Object(App\Http\Controllers\RawMaterialController), 'stockMaterialLi...', Array)
#28 /Applications/AMPPS/www/farah_accounting/vendor/laravel/lumen-framework/src/Concerns/RoutesRequests.php(279): Laravel\Lumen\Application->callControllerAction(Array)
#29 /Applications/AMPPS/www/farah_accounting/vendor/laravel/lumen-framework/src/Concerns/RoutesRequests.php(264): Laravel\Lumen\Application->callActionOnArrayBasedRoute(Array)
#30 /Applications/AMPPS/www/farah_accounting/vendor/laravel/lumen-framework/src/Concerns/RoutesRequests.php(166): Laravel\Lumen\Application->handleFoundRoute(Array)
#31 [internal function]: Laravel\Lumen\Application->Laravel\Lumen\Concerns\{closure}(Object(Laravel\Lumen\Http\Request))
#32 /Applications/AMPPS/www/farah_accounting/vendor/laravel/lumen-framework/src/Routing/Pipeline.php(48): call_user_func(Object(Closure), Object(Laravel\Lumen\Http\Request))
#33 /Applications/AMPPS/www/farah_accounting/app/Http/Middleware/CorsMiddleware.php(39): Laravel\Lumen\Routing\Pipeline->Laravel\Lumen\Routing\{closure}(Object(Laravel\Lumen\Http\Request))
#34 /Applications/AMPPS/www/farah_accounting/vendor/illuminate/pipeline/Pipeline.php(167): App\Http\Middleware\CorsMiddleware->handle(Object(Laravel\Lumen\Http\Request), Object(Closure))
#35 [internal function]: Illuminate\Pipeline\Pipeline->Illuminate\Pipeline\{closure}(Object(Laravel\Lumen\Http\Request))
#36 /Applications/AMPPS/www/farah_accounting/vendor/laravel/lumen-framework/src/Routing/Pipeline.php(30): call_user_func(Object(Closure), Object(Laravel\Lumen\Http\Request))
#37 /Applications/AMPPS/www/farah_accounting/vendor/illuminate/pipeline/Pipeline.php(103): Laravel\Lumen\Routing\Pipeline->Laravel\Lumen\Routing\{closure}(Object(Laravel\Lumen\Http\Request))
#38 /Applications/AMPPS/www/farah_accounting/vendor/laravel/lumen-framework/src/Concerns/RoutesRequests.php(423): Illuminate\Pipeline\Pipeline->then(Object(Closure))
#39 /Applications/AMPPS/www/farah_accounting/vendor/laravel/lumen-framework/src/Concerns/RoutesRequests.php(172): Laravel\Lumen\Application->sendThroughPipeline(Array, Object(Closure))
#40 /Applications/AMPPS/www/farah_accounting/vendor/laravel/lumen-framework/src/Concerns/RoutesRequests.php(109): Laravel\Lumen\Application->dispatch(NULL)
#41 /Applications/AMPPS/www/farah_accounting/public/index.php(28): Laravel\Lumen\Application->run()
#42 {main}

Next Illuminate\Database\QueryException: SQLSTATE[HY000] [1045] Access denied for user 'aplikasi_farah'@'localhost' (using password: YES) (SQL: select * from `stock_material` order by `created_at` desc) in /Applications/AMPPS/www/farah_accounting/vendor/illuminate/database/Connection.php:671
Stack trace:
#0 /Applications/AMPPS/www/farah_accounting/vendor/illuminate/database/Connection.php(631): Illuminate\Database\Connection->runQueryCallback('select * from `...', Array, Object(Closure))
#1 /Applications/AMPPS/www/farah_accounting/vendor/illuminate/database/Connection.php(339): Illuminate\Database\Connection->run('select * from `...', Array, Object(Closure))
#2 /Applications/AMPPS/www/farah_accounting/vendor/illuminate/database/Query/Builder.php(2260): Illuminate\Database\Connection->select('select * from `...', Array, true)
#3 /Applications/AMPPS/www/farah_accounting/vendor/illuminate/database/Query/Builder.php(2248): Illuminate\Database\Query\Builder->runSelect()
#4 /Applications/AMPPS/www/farah_accounting/vendor/illuminate/database/Query/Builder.php(2743): Illuminate\Database\Query\Builder->Illuminate\Database\Query\{closure}()
#5 /Applications/AMPPS/www/farah_accounting/vendor/illuminate/database/Query/Builder.php(2249): Illuminate\Database\Query\Builder->onceWithColumns(Array, Object(Closure))
#6 /Applications/AMPPS/www/farah_accounting/vendor/illuminate/database/Eloquent/Builder.php(539): Illuminate\Database\Query\Builder->get(Array)
#7 /Applications/AMPPS/www/farah_accounting/vendor/illuminate/database/Eloquent/Builder.php(523): Illuminate\Database\Eloquent\Builder->getModels(Array)
#8 /Applications/AMPPS/www/farah_accounting/app/Http/Controllers/RawMaterialController.php(38): Illuminate\Database\Eloquent\Builder->get()
#9 [internal function]: App\Http\Controllers\RawMaterialController->stockMaterialList(Object(Laravel\Lumen\Http\Request))
#10 /Applications/AMPPS/www/farah_accounting/vendor/illuminate/container/BoundMethod.php(37): call_user_func_array(Array, Array)
#11 /Applications/AMPPS/www/farah_accounting/vendor/illuminate/container/Util.php(37): Illuminate\Container\BoundMethod::Illuminate\Container\{closure}()
#12 /Applications/AMPPS/www/farah_accounting/vendor/illuminate/container/BoundMethod.php(95): Illuminate\Container\Util::unwrapIfClosure(Object(Closure))
#13 /Applications/AMPPS/www/farah_accounting/vendor/illuminate/container/BoundMethod.php(39): Illuminate\Container\BoundMethod::callBoundMethod(Object(Laravel\Lumen\Application), Array, Object(Closure))
#14 /Applications/AMPPS/www/farah_accounting/vendor/illuminate/container/Container.php(596): Illuminate\Container\BoundMethod::call(Object(Laravel\Lumen\Application), Array, Array, NULL)
#15 /Applications/AMPPS/www/farah_accounting/vendor/laravel/lumen-framework/src/Concerns/RoutesRequests.php(386): Illuminate\Container\Container->call(Array, Array)
#16 /Applications/AMPPS/www/farah_accounting/vendor/laravel/lumen-framework/src/Concerns/RoutesRequests.php(352): Laravel\Lumen\Application->callControllerCallable(Array, Array)
#17 /Applications/AMPPS/www/farah_accounting/vendor/laravel/lumen-framework/src/Concerns/RoutesRequests.php(326): Laravel\Lumen\Application->callLumenController(Object(App\Http\Controllers\RawMaterialController), 'stockMaterialLi...', Array)
#18 /Applications/AMPPS/www/farah_accounting/vendor/laravel/lumen-framework/src/Concerns/RoutesRequests.php(279): Laravel\Lumen\Application->callControllerAction(Array)
#19 /Applications/AMPPS/www/farah_accounting/vendor/laravel/lumen-framework/src/Concerns/RoutesRequests.php(264): Laravel\Lumen\Application->callActionOnArrayBasedRoute(Array)
#20 /Applications/AMPPS/www/farah_accounting/vendor/laravel/lumen-framework/src/Concerns/RoutesRequests.php(166): Laravel\Lumen\Application->handleFoundRoute(Array)
#21 [internal function]: Laravel\Lumen\Application->Laravel\Lumen\Concerns\{closure}(Object(Laravel\Lumen\Http\Request))
#22 /Applications/AMPPS/www/farah_accounting/vendor/laravel/lumen-framework/src/Routing/Pipeline.php(48): call_user_func(Object(Closure), Object(Laravel\Lumen\Http\Request))
#23 /Applications/AMPPS/www/farah_accounting/app/Http/Middleware/CorsMiddleware.php(39): Laravel\Lumen\Routing\Pipeline->Laravel\Lumen\Routing\{closure}(Object(Laravel\Lumen\Http\Request))
#24 /Applications/AMPPS/www/farah_accounting/vendor/illuminate/pipeline/Pipeline.php(167): App\Http\Middleware\CorsMiddleware->handle(Object(Laravel\Lumen\Http\Request), Object(Closure))
#25 [internal function]: Illuminate\Pipeline\Pipeline->Illuminate\Pipeline\{closure}(Object(Laravel\Lumen\Http\Request))
#26 /Applications/AMPPS/www/farah_accounting/vendor/laravel/lumen-framework/src/Routing/Pipeline.php(30): call_user_func(Object(Closure), Object(Laravel\Lumen\Http\Request))
#27 /Applications/AMPPS/www/farah_accounting/vendor/illuminate/pipeline/Pipeline.php(103): Laravel\Lumen\Routing\Pipeline->Laravel\Lumen\Routing\{closure}(Object(Laravel\Lumen\Http\Request))
#28 /Applications/AMPPS/www/farah_accounting/vendor/laravel/lumen-framework/src/Concerns/RoutesRequests.php(423): Illuminate\Pipeline\Pipeline->then(Object(Closure))
#29 /Applications/AMPPS/www/farah_accounting/vendor/laravel/lumen-framework/src/Concerns/RoutesRequests.php(172): Laravel\Lumen\Application->sendThroughPipeline(Array, Object(Closure))
#30 /Applications/AMPPS/www/farah_accounting/vendor/laravel/lumen-framework/src/Concerns/RoutesRequests.php(109): Laravel\Lumen\Application->dispatch(NULL)
#31 /Applications/AMPPS/www/farah_accounting/public/index.php(28): Laravel\Lumen\Application->run()
#32 {main} {"exception":"[object] (Illuminate\\Database\\QueryException(code: 1045): SQLSTATE[HY000] [1045] Access denied for user 'aplikasi_farah'@'localhost' (using password: YES) (SQL: select * from `stock_material` order by `created_at` desc) at /Applications/AMPPS/www/farah_accounting/vendor/illuminate/database/Connection.php:671)
[stacktrace]
#0 /Applications/AMPPS/www/farah_accounting/vendor/illuminate/database/Connection.php(631): Illuminate\\Database\\Connection->runQueryCallback('select * from `...', Array, Object(Closure))
#1 /Applications/AMPPS/www/farah_accounting/vendor/illuminate/database/Connection.php(339): Illuminate\\Database\\Connection->run('select * from `...', Array, Object(Closure))
#2 /Applications/AMPPS/www/farah_accounting/vendor/illuminate/database/Query/Builder.php(2260): Illuminate\\Database\\Connection->select('select * from `...', Array, true)
#3 /Applications/AMPPS/www/farah_accounting/vendor/illuminate/database/Query/Builder.php(2248): Illuminate\\Database\\Query\\Builder->runSelect()
#4 /Applications/AMPPS/www/farah_accounting/vendor/illuminate/database/Query/Builder.php(2743): Illuminate\\Database\\Query\\Builder->Illuminate\\Database\\Query\\{closure}()
#5 /Applications/AMPPS/www/farah_accounting/vendor/illuminate/database/Query/Builder.php(2249): Illuminate\\Database\\Query\\Builder->onceWithColumns(Array, Object(Closure))
#6 /Applications/AMPPS/www/farah_accounting/vendor/illuminate/database/Eloquent/Builder.php(539): Illuminate\\Database\\Query\\Builder->get(Array)
#7 /Applications/AMPPS/www/farah_accounting/vendor/illuminate/database/Eloquent/Builder.php(523): Illuminate\\Database\\Eloquent\\Builder->getModels(Array)
#8 /Applications/AMPPS/www/farah_accounting/app/Http/Controllers/RawMaterialController.php(38): Illuminate\\Database\\Eloquent\\Builder->get()
#9 [internal function]: App\\Http\\Controllers\\RawMaterialController->stockMaterialList(Object(Laravel\\Lumen\\Http\\Request))
#10 /Applications/AMPPS/www/farah_accounting/vendor/illuminate/container/BoundMethod.php(37): call_user_func_array(Array, Array)
#11 /Applications/AMPPS/www/farah_accounting/vendor/illuminate/container/Util.php(37): Illuminate\\Container\\BoundMethod::Illuminate\\Container\\{closure}()
#12 /Applications/AMPPS/www/farah_accounting/vendor/illuminate/container/BoundMethod.php(95): Illuminate\\Container\\Util::unwrapIfClosure(Object(Closure))
#13 /Applications/AMPPS/www/farah_accounting/vendor/illuminate/container/BoundMethod.php(39): Illuminate\\Container\\BoundMethod::callBoundMethod(Object(Laravel\\Lumen\\Application), Array, Object(Closure))
#14 /Applications/AMPPS/www/farah_accounting/vendor/illuminate/container/Container.php(596): Illuminate\\Container\\BoundMethod::call(Object(Laravel\\Lumen\\Application), Array, Array, NULL)
#15 /Applications/AMPPS/www/farah_accounting/vendor/laravel/lumen-framework/src/Concerns/RoutesRequests.php(386): Illuminate\\Container\\Container->call(Array, Array)
#16 /Applications/AMPPS/www/farah_accounting/vendor/laravel/lumen-framework/src/Concerns/RoutesRequests.php(352): Laravel\\Lumen\\Application->callControllerCallable(Array, Array)
#17 /Applications/AMPPS/www/farah_accounting/vendor/laravel/lumen-framework/src/Concerns/RoutesRequests.php(326): Laravel\\Lumen\\Application->callLumenController(Object(App\\Http\\Controllers\\RawMaterialController), 'stockMaterialLi...', Array)
#18 /Applications/AMPPS/www/farah_accounting/vendor/laravel/lumen-framework/src/Concerns/RoutesRequests.php(279): Laravel\\Lumen\\Application->callControllerAction(Array)
#19 /Applications/AMPPS/www/farah_accounting/vendor/laravel/lumen-framework/src/Concerns/RoutesRequests.php(264): Laravel\\Lumen\\Application->callActionOnArrayBasedRoute(Array)
#20 /Applications/AMPPS/www/farah_accounting/vendor/laravel/lumen-framework/src/Concerns/RoutesRequests.php(166): Laravel\\Lumen\\Application->handleFoundRoute(Array)
#21 [internal function]: Laravel\\Lumen\\Application->Laravel\\Lumen\\Concerns\\{closure}(Object(Laravel\\Lumen\\Http\\Request))
#22 /Applications/AMPPS/www/farah_accounting/vendor/laravel/lumen-framework/src/Routing/Pipeline.php(48): call_user_func(Object(Closure), Object(Laravel\\Lumen\\Http\\Request))
#23 /Applications/AMPPS/www/farah_accounting/app/Http/Middleware/CorsMiddleware.php(39): Laravel\\Lumen\\Routing\\Pipeline->Laravel\\Lumen\\Routing\\{closure}(Object(Laravel\\Lumen\\Http\\Request))
#24 /Applications/AMPPS/www/farah_accounting/vendor/illuminate/pipeline/Pipeline.php(167): App\\Http\\Middleware\\CorsMiddleware->handle(Object(Laravel\\Lumen\\Http\\Request), Object(Closure))
#25 [internal function]: Illuminate\\Pipeline\\Pipeline->Illuminate\\Pipeline\\{closure}(Object(Laravel\\Lumen\\Http\\Request))
#26 /Applications/AMPPS/www/farah_accounting/vendor/laravel/lumen-framework/src/Routing/Pipeline.php(30): call_user_func(Object(Closure), Object(Laravel\\Lumen\\Http\\Request))
#27 /Applications/AMPPS/www/farah_accounting/vendor/illuminate/pipeline/Pipeline.php(103): Laravel\\Lumen\\Routing\\Pipeline->Laravel\\Lumen\\Routing\\{closure}(Object(Laravel\\Lumen\\Http\\Request))
#28 /Applications/AMPPS/www/farah_accounting/vendor/laravel/lumen-framework/src/Concerns/RoutesRequests.php(423): Illuminate\\Pipeline\\Pipeline->then(Object(Closure))
#29 /Applications/AMPPS/www/farah_accounting/vendor/laravel/lumen-framework/src/Concerns/RoutesRequests.php(172): Laravel\\Lumen\\Application->sendThroughPipeline(Array, Object(Closure))
#30 /Applications/AMPPS/www/farah_accounting/vendor/laravel/lumen-framework/src/Concerns/RoutesRequests.php(109): Laravel\\Lumen\\Application->dispatch(NULL)
#31 /Applications/AMPPS/www/farah_accounting/public/index.php(28): Laravel\\Lumen\\Application->run()
#32 {main}

[previous exception] [object] (PDOException(code: 1045): SQLSTATE[HY000] [1045] Access denied for user 'aplikasi_farah'@'localhost' (using password: YES) at /Applications/AMPPS/www/farah_accounting/vendor/illuminate/database/Connectors/Connector.php:70)
[stacktrace]
#0 /Applications/AMPPS/www/farah_accounting/vendor/illuminate/database/Connectors/Connector.php(70): PDO->__construct('mysql:host=127....', 'aplikasi_farah', 'farahhanifah18@...', Array)
#1 /Applications/AMPPS/www/farah_accounting/vendor/illuminate/database/Connectors/Connector.php(46): Illuminate\\Database\\Connectors\\Connector->createPdoConnection('mysql:host=127....', 'aplikasi_farah', 'farahhanifah18@...', Array)
#2 /Applications/AMPPS/www/farah_accounting/vendor/illuminate/database/Connectors/MySqlConnector.php(24): Illuminate\\Database\\Connectors\\Connector->createConnection('mysql:host=127....', Array, Array)
#3 /Applications/AMPPS/www/farah_accounting/vendor/illuminate/database/Connectors/ConnectionFactory.php(184): Illuminate\\Database\\Connectors\\MySqlConnector->connect(Array)
#4 [internal function]: Illuminate\\Database\\Connectors\\ConnectionFactory->Illuminate\\Database\\Connectors\\{closure}()
#5 /Applications/AMPPS/www/farah_accounting/vendor/illuminate/database/Connection.php(926): call_user_func(Object(Closure))
#6 /Applications/AMPPS/www/farah_accounting/vendor/illuminate/database/Connection.php(961): Illuminate\\Database\\Connection->getPdo()
#7 /Applications/AMPPS/www/farah_accounting/vendor/illuminate/database/Connection.php(405): Illuminate\\Database\\Connection->getReadPdo()
#8 /Applications/AMPPS/www/farah_accounting/vendor/illuminate/database/Connection.php(331): Illuminate\\Database\\Connection->getPdoForSelect(true)
#9 /Applications/AMPPS/www/farah_accounting/vendor/illuminate/database/Connection.php(664): Illuminate\\Database\\Connection->Illuminate\\Database\\{closure}('select * from `...', Array)
#10 /Applications/AMPPS/www/farah_accounting/vendor/illuminate/database/Connection.php(631): Illuminate\\Database\\Connection->runQueryCallback('select * from `...', Array, Object(Closure))
#11 /Applications/AMPPS/www/farah_accounting/vendor/illuminate/database/Connection.php(339): Illuminate\\Database\\Connection->run('select * from `...', Array, Object(Closure))
#12 /Applications/AMPPS/www/farah_accounting/vendor/illuminate/database/Query/Builder.php(2260): Illuminate\\Database\\Connection->select('select * from `...', Array, true)
#13 /Applications/AMPPS/www/farah_accounting/vendor/illuminate/database/Query/Builder.php(2248): Illuminate\\Database\\Query\\Builder->runSelect()
#14 /Applications/AMPPS/www/farah_accounting/vendor/illuminate/database/Query/Builder.php(2743): Illuminate\\Database\\Query\\Builder->Illuminate\\Database\\Query\\{closure}()
#15 /Applications/AMPPS/www/farah_accounting/vendor/illuminate/database/Query/Builder.php(2249): Illuminate\\Database\\Query\\Builder->onceWithColumns(Array, Object(Closure))
#16 /Applications/AMPPS/www/farah_accounting/vendor/illuminate/database/Eloquent/Builder.php(539): Illuminate\\Database\\Query\\Builder->get(Array)
#17 /Applications/AMPPS/www/farah_accounting/vendor/illuminate/database/Eloquent/Builder.php(523): Illuminate\\Database\\Eloquent\\Builder->getModels(Array)
#18 /Applications/AMPPS/www/farah_accounting/app/Http/Controllers/RawMaterialController.php(38): Illuminate\\Database\\Eloquent\\Builder->get()
#19 [internal function]: App\\Http\\Controllers\\RawMaterialController->stockMaterialList(Object(Laravel\\Lumen\\Http\\Request))
#20 /Applications/AMPPS/www/farah_accounting/vendor/illuminate/container/BoundMethod.php(37): call_user_func_array(Array, Array)
#21 /Applications/AMPPS/www/farah_accounting/vendor/illuminate/container/Util.php(37): Illuminate\\Container\\BoundMethod::Illuminate\\Container\\{closure}()
#22 /Applications/AMPPS/www/farah_accounting/vendor/illuminate/container/BoundMethod.php(95): Illuminate\\Container\\Util::unwrapIfClosure(Object(Closure))
#23 /Applications/AMPPS/www/farah_accounting/vendor/illuminate/container/BoundMethod.php(39): Illuminate\\Container\\BoundMethod::callBoundMethod(Object(Laravel\\Lumen\\Application), Array, Object(Closure))
#24 /Applications/AMPPS/www/farah_accounting/vendor/illuminate/container/Container.php(596): Illuminate\\Container\\BoundMethod::call(Object(Laravel\\Lumen\\Application), Array, Array, NULL)
#25 /Applications/AMPPS/www/farah_accounting/vendor/laravel/lumen-framework/src/Concerns/RoutesRequests.php(386): Illuminate\\Container\\Container->call(Array, Array)
#26 /Applications/AMPPS/www/farah_accounting/vendor/laravel/lumen-framework/src/Concerns/RoutesRequests.php(352): Laravel\\Lumen\\Application->callControllerCallable(Array, Array)
#27 /Applications/AMPPS/www/farah_accounting/vendor/laravel/lumen-framework/src/Concerns/RoutesRequests.php(326): Laravel\\Lumen\\Application->callLumenController(Object(App\\Http\\Controllers\\RawMaterialController), 'stockMaterialLi...', Array)
#28 /Applications/AMPPS/www/farah_accounting/vendor/laravel/lumen-framework/src/Concerns/RoutesRequests.php(279): Laravel\\Lumen\\Application->callControllerAction(Array)
#29 /Applications/AMPPS/www/farah_accounting/vendor/laravel/lumen-framework/src/Concerns/RoutesRequests.php(264): Laravel\\Lumen\\Application->callActionOnArrayBasedRoute(Array)
#30 /Applications/AMPPS/www/farah_accounting/vendor/laravel/lumen-framework/src/Concerns/RoutesRequests.php(166): Laravel\\Lumen\\Application->handleFoundRoute(Array)
#31 [internal function]: Laravel\\Lumen\\Application->Laravel\\Lumen\\Concerns\\{closure}(Object(Laravel\\Lumen\\Http\\Request))
#32 /Applications/AMPPS/www/farah_accounting/vendor/laravel/lumen-framework/src/Routing/Pipeline.php(48): call_user_func(Object(Closure), Object(Laravel\\Lumen\\Http\\Request))
#33 /Applications/AMPPS/www/farah_accounting/app/Http/Middleware/CorsMiddleware.php(39): Laravel\\Lumen\\Routing\\Pipeline->Laravel\\Lumen\\Routing\\{closure}(Object(Laravel\\Lumen\\Http\\Request))
#34 /Applications/AMPPS/www/farah_accounting/vendor/illuminate/pipeline/Pipeline.php(167): App\\Http\\Middleware\\CorsMiddleware->handle(Object(Laravel\\Lumen\\Http\\Request), Object(Closure))
#35 [internal function]: Illuminate\\Pipeline\\Pipeline->Illuminate\\Pipeline\\{closure}(Object(Laravel\\Lumen\\Http\\Request))
#36 /Applications/AMPPS/www/farah_accounting/vendor/laravel/lumen-framework/src/Routing/Pipeline.php(30): call_user_func(Object(Closure), Object(Laravel\\Lumen\\Http\\Request))
#37 /Applications/AMPPS/www/farah_accounting/vendor/illuminate/pipeline/Pipeline.php(103): Laravel\\Lumen\\Routing\\Pipeline->Laravel\\Lumen\\Routing\\{closure}(Object(Laravel\\Lumen\\Http\\Request))
#38 /Applications/AMPPS/www/farah_accounting/vendor/laravel/lumen-framework/src/Concerns/RoutesRequests.php(423): Illuminate\\Pipeline\\Pipeline->then(Object(Closure))
#39 /Applications/AMPPS/www/farah_accounting/vendor/laravel/lumen-framework/src/Concerns/RoutesRequests.php(172): Laravel\\Lumen\\Application->sendThroughPipeline(Array, Object(Closure))
#40 /Applications/AMPPS/www/farah_accounting/vendor/laravel/lumen-framework/src/Concerns/RoutesRequests.php(109): Laravel\\Lumen\\Application->dispatch(NULL)
#41 /Applications/AMPPS/www/farah_accounting/public/index.php(28): Laravel\\Lumen\\Application->run()
#42 {main}
"} 
[2020-12-07 02:39:19] local.ERROR: ErrorException: Trying to get property 'name' of non-object in /Applications/AMPPS/www/farah_accounting/app/Http/Controllers/RawMaterialController.php:40
Stack trace:
#0 /Applications/AMPPS/www/farah_accounting/app/Http/Controllers/RawMaterialController.php(40): Laravel\Lumen\Application->Laravel\Lumen\Concerns\{closure}(8, 'Trying to get p...', '/Applications/A...', 40, Array)
#1 [internal function]: App\Http\Controllers\RawMaterialController->stockMaterialList(Object(Laravel\Lumen\Http\Request))
#2 /Applications/AMPPS/www/farah_accounting/vendor/illuminate/container/BoundMethod.php(37): call_user_func_array(Array, Array)
#3 /Applications/AMPPS/www/farah_accounting/vendor/illuminate/container/Util.php(37): Illuminate\Container\BoundMethod::Illuminate\Container\{closure}()
#4 /Applications/AMPPS/www/farah_accounting/vendor/illuminate/container/BoundMethod.php(95): Illuminate\Container\Util::unwrapIfClosure(Object(Closure))
#5 /Applications/AMPPS/www/farah_accounting/vendor/illuminate/container/BoundMethod.php(39): Illuminate\Container\BoundMethod::callBoundMethod(Object(Laravel\Lumen\Application), Array, Object(Closure))
#6 /Applications/AMPPS/www/farah_accounting/vendor/illuminate/container/Container.php(596): Illuminate\Container\BoundMethod::call(Object(Laravel\Lumen\Application), Array, Array, NULL)
#7 /Applications/AMPPS/www/farah_accounting/vendor/laravel/lumen-framework/src/Concerns/RoutesRequests.php(386): Illuminate\Container\Container->call(Array, Array)
#8 /Applications/AMPPS/www/farah_accounting/vendor/laravel/lumen-framework/src/Concerns/RoutesRequests.php(352): Laravel\Lumen\Application->callControllerCallable(Array, Array)
#9 /Applications/AMPPS/www/farah_accounting/vendor/laravel/lumen-framework/src/Concerns/RoutesRequests.php(326): Laravel\Lumen\Application->callLumenController(Object(App\Http\Controllers\RawMaterialController), 'stockMaterialLi...', Array)
#10 /Applications/AMPPS/www/farah_accounting/vendor/laravel/lumen-framework/src/Concerns/RoutesRequests.php(279): Laravel\Lumen\Application->callControllerAction(Array)
#11 /Applications/AMPPS/www/farah_accounting/vendor/laravel/lumen-framework/src/Concerns/RoutesRequests.php(264): Laravel\Lumen\Application->callActionOnArrayBasedRoute(Array)
#12 /Applications/AMPPS/www/farah_accounting/vendor/laravel/lumen-framework/src/Concerns/RoutesRequests.php(166): Laravel\Lumen\Application->handleFoundRoute(Array)
#13 [internal function]: Laravel\Lumen\Application->Laravel\Lumen\Concerns\{closure}(Object(Laravel\Lumen\Http\Request))
#14 /Applications/AMPPS/www/farah_accounting/vendor/laravel/lumen-framework/src/Routing/Pipeline.php(48): call_user_func(Object(Closure), Object(Laravel\Lumen\Http\Request))
#15 /Applications/AMPPS/www/farah_accounting/app/Http/Middleware/CorsMiddleware.php(39): Laravel\Lumen\Routing\Pipeline->Laravel\Lumen\Routing\{closure}(Object(Laravel\Lumen\Http\Request))
#16 /Applications/AMPPS/www/farah_accounting/vendor/illuminate/pipeline/Pipeline.php(167): App\Http\Middleware\CorsMiddleware->handle(Object(Laravel\Lumen\Http\Request), Object(Closure))
#17 [internal function]: Illuminate\Pipeline\Pipeline->Illuminate\Pipeline\{closure}(Object(Laravel\Lumen\Http\Request))
#18 /Applications/AMPPS/www/farah_accounting/vendor/laravel/lumen-framework/src/Routing/Pipeline.php(30): call_user_func(Object(Closure), Object(Laravel\Lumen\Http\Request))
#19 /Applications/AMPPS/www/farah_accounting/vendor/illuminate/pipeline/Pipeline.php(103): Laravel\Lumen\Routing\Pipeline->Laravel\Lumen\Routing\{closure}(Object(Laravel\Lumen\Http\Request))
#20 /Applications/AMPPS/www/farah_accounting/vendor/laravel/lumen-framework/src/Concerns/RoutesRequests.php(423): Illuminate\Pipeline\Pipeline->then(Object(Closure))
#21 /Applications/AMPPS/www/farah_accounting/vendor/laravel/lumen-framework/src/Concerns/RoutesRequests.php(172): Laravel\Lumen\Application->sendThroughPipeline(Array, Object(Closure))
#22 /Applications/AMPPS/www/farah_accounting/vendor/laravel/lumen-framework/src/Concerns/RoutesRequests.php(109): Laravel\Lumen\Application->dispatch(NULL)
#23 /Applications/AMPPS/www/farah_accounting/public/index.php(28): Laravel\Lumen\Application->run()
#24 {main} {"exception":"[object] (ErrorException(code: 0): Trying to get property 'name' of non-object at /Applications/AMPPS/www/farah_accounting/app/Http/Controllers/RawMaterialController.php:40)
[stacktrace]
#0 /Applications/AMPPS/www/farah_accounting/app/Http/Controllers/RawMaterialController.php(40): Laravel\\Lumen\\Application->Laravel\\Lumen\\Concerns\\{closure}(8, 'Trying to get p...', '/Applications/A...', 40, Array)
#1 [internal function]: App\\Http\\Controllers\\RawMaterialController->stockMaterialList(Object(Laravel\\Lumen\\Http\\Request))
#2 /Applications/AMPPS/www/farah_accounting/vendor/illuminate/container/BoundMethod.php(37): call_user_func_array(Array, Array)
#3 /Applications/AMPPS/www/farah_accounting/vendor/illuminate/container/Util.php(37): Illuminate\\Container\\BoundMethod::Illuminate\\Container\\{closure}()
#4 /Applications/AMPPS/www/farah_accounting/vendor/illuminate/container/BoundMethod.php(95): Illuminate\\Container\\Util::unwrapIfClosure(Object(Closure))
#5 /Applications/AMPPS/www/farah_accounting/vendor/illuminate/container/BoundMethod.php(39): Illuminate\\Container\\BoundMethod::callBoundMethod(Object(Laravel\\Lumen\\Application), Array, Object(Closure))
#6 /Applications/AMPPS/www/farah_accounting/vendor/illuminate/container/Container.php(596): Illuminate\\Container\\BoundMethod::call(Object(Laravel\\Lumen\\Application), Array, Array, NULL)
#7 /Applications/AMPPS/www/farah_accounting/vendor/laravel/lumen-framework/src/Concerns/RoutesRequests.php(386): Illuminate\\Container\\Container->call(Array, Array)
#8 /Applications/AMPPS/www/farah_accounting/vendor/laravel/lumen-framework/src/Concerns/RoutesRequests.php(352): Laravel\\Lumen\\Application->callControllerCallable(Array, Array)
#9 /Applications/AMPPS/www/farah_accounting/vendor/laravel/lumen-framework/src/Concerns/RoutesRequests.php(326): Laravel\\Lumen\\Application->callLumenController(Object(App\\Http\\Controllers\\RawMaterialController), 'stockMaterialLi...', Array)
#10 /Applications/AMPPS/www/farah_accounting/vendor/laravel/lumen-framework/src/Concerns/RoutesRequests.php(279): Laravel\\Lumen\\Application->callControllerAction(Array)
#11 /Applications/AMPPS/www/farah_accounting/vendor/laravel/lumen-framework/src/Concerns/RoutesRequests.php(264): Laravel\\Lumen\\Application->callActionOnArrayBasedRoute(Array)
#12 /Applications/AMPPS/www/farah_accounting/vendor/laravel/lumen-framework/src/Concerns/RoutesRequests.php(166): Laravel\\Lumen\\Application->handleFoundRoute(Array)
#13 [internal function]: Laravel\\Lumen\\Application->Laravel\\Lumen\\Concerns\\{closure}(Object(Laravel\\Lumen\\Http\\Request))
#14 /Applications/AMPPS/www/farah_accounting/vendor/laravel/lumen-framework/src/Routing/Pipeline.php(48): call_user_func(Object(Closure), Object(Laravel\\Lumen\\Http\\Request))
#15 /Applications/AMPPS/www/farah_accounting/app/Http/Middleware/CorsMiddleware.php(39): Laravel\\Lumen\\Routing\\Pipeline->Laravel\\Lumen\\Routing\\{closure}(Object(Laravel\\Lumen\\Http\\Request))
#16 /Applications/AMPPS/www/farah_accounting/vendor/illuminate/pipeline/Pipeline.php(167): App\\Http\\Middleware\\CorsMiddleware->handle(Object(Laravel\\Lumen\\Http\\Request), Object(Closure))
#17 [internal function]: Illuminate\\Pipeline\\Pipeline->Illuminate\\Pipeline\\{closure}(Object(Laravel\\Lumen\\Http\\Request))
#18 /Applications/AMPPS/www/farah_accounting/vendor/laravel/lumen-framework/src/Routing/Pipeline.php(30): call_user_func(Object(Closure), Object(Laravel\\Lumen\\Http\\Request))
#19 /Applications/AMPPS/www/farah_accounting/vendor/illuminate/pipeline/Pipeline.php(103): Laravel\\Lumen\\Routing\\Pipeline->Laravel\\Lumen\\Routing\\{closure}(Object(Laravel\\Lumen\\Http\\Request))
#20 /Applications/AMPPS/www/farah_accounting/vendor/laravel/lumen-framework/src/Concerns/RoutesRequests.php(423): Illuminate\\Pipeline\\Pipeline->then(Object(Closure))
#21 /Applications/AMPPS/www/farah_accounting/vendor/laravel/lumen-framework/src/Concerns/RoutesRequests.php(172): Laravel\\Lumen\\Application->sendThroughPipeline(Array, Object(Closure))
#22 /Applications/AMPPS/www/farah_accounting/vendor/laravel/lumen-framework/src/Concerns/RoutesRequests.php(109): Laravel\\Lumen\\Application->dispatch(NULL)
#23 /Applications/AMPPS/www/farah_accounting/public/index.php(28): Laravel\\Lumen\\Application->run()
#24 {main}
"} 
[2020-12-07 06:15:11] local.ERROR: ErrorException: Undefined variable: app in /Applications/AMPPS/www/farah_accounting/routes/web.php:116
Stack trace:
#0 /Applications/AMPPS/www/farah_accounting/routes/web.php(116): Laravel\Lumen\Application->Laravel\Lumen\Concerns\{closure}(8, 'Undefined varia...', '/Applications/A...', 116, Array)
#1 /Applications/AMPPS/www/farah_accounting/bootstrap/app.php(118): require('/Applications/A...')
#2 [internal function]: {closure}(Object(Laravel\Lumen\Routing\Router))
#3 /Applications/AMPPS/www/farah_accounting/vendor/laravel/lumen-framework/src/Routing/Router.php(62): call_user_func(Object(Closure), Object(Laravel\Lumen\Routing\Router))
#4 /Applications/AMPPS/www/farah_accounting/bootstrap/app.php(119): Laravel\Lumen\Routing\Router->group(Array, Object(Closure))
#5 /Applications/AMPPS/www/farah_accounting/public/index.php(14): require('/Applications/A...')
#6 {main} {"exception":"[object] (ErrorException(code: 0): Undefined variable: app at /Applications/AMPPS/www/farah_accounting/routes/web.php:116)
[stacktrace]
#0 /Applications/AMPPS/www/farah_accounting/routes/web.php(116): Laravel\\Lumen\\Application->Laravel\\Lumen\\Concerns\\{closure}(8, 'Undefined varia...', '/Applications/A...', 116, Array)
#1 /Applications/AMPPS/www/farah_accounting/bootstrap/app.php(118): require('/Applications/A...')
#2 [internal function]: {closure}(Object(Laravel\\Lumen\\Routing\\Router))
#3 /Applications/AMPPS/www/farah_accounting/vendor/laravel/lumen-framework/src/Routing/Router.php(62): call_user_func(Object(Closure), Object(Laravel\\Lumen\\Routing\\Router))
#4 /Applications/AMPPS/www/farah_accounting/bootstrap/app.php(119): Laravel\\Lumen\\Routing\\Router->group(Array, Object(Closure))
#5 /Applications/AMPPS/www/farah_accounting/public/index.php(14): require('/Applications/A...')
#6 {main}
"} 
[2020-12-07 06:15:13] local.ERROR: ErrorException: Undefined variable: app in /Applications/AMPPS/www/farah_accounting/routes/web.php:116
Stack trace:
#0 /Applications/AMPPS/www/farah_accounting/routes/web.php(116): Laravel\Lumen\Application->Laravel\Lumen\Concerns\{closure}(8, 'Undefined varia...', '/Applications/A...', 116, Array)
#1 /Applications/AMPPS/www/farah_accounting/bootstrap/app.php(118): require('/Applications/A...')
#2 [internal function]: {closure}(Object(Laravel\Lumen\Routing\Router))
#3 /Applications/AMPPS/www/farah_accounting/vendor/laravel/lumen-framework/src/Routing/Router.php(62): call_user_func(Object(Closure), Object(Laravel\Lumen\Routing\Router))
#4 /Applications/AMPPS/www/farah_accounting/bootstrap/app.php(119): Laravel\Lumen\Routing\Router->group(Array, Object(Closure))
#5 /Applications/AMPPS/www/farah_accounting/public/index.php(14): require('/Applications/A...')
#6 {main} {"exception":"[object] (ErrorException(code: 0): Undefined variable: app at /Applications/AMPPS/www/farah_accounting/routes/web.php:116)
[stacktrace]
#0 /Applications/AMPPS/www/farah_accounting/routes/web.php(116): Laravel\\Lumen\\Application->Laravel\\Lumen\\Concerns\\{closure}(8, 'Undefined varia...', '/Applications/A...', 116, Array)
#1 /Applications/AMPPS/www/farah_accounting/bootstrap/app.php(118): require('/Applications/A...')
#2 [internal function]: {closure}(Object(Laravel\\Lumen\\Routing\\Router))
#3 /Applications/AMPPS/www/farah_accounting/vendor/laravel/lumen-framework/src/Routing/Router.php(62): call_user_func(Object(Closure), Object(Laravel\\Lumen\\Routing\\Router))
#4 /Applications/AMPPS/www/farah_accounting/bootstrap/app.php(119): Laravel\\Lumen\\Routing\\Router->group(Array, Object(Closure))
#5 /Applications/AMPPS/www/farah_accounting/public/index.php(14): require('/Applications/A...')
#6 {main}
"} 
[2020-12-07 06:23:13] local.ERROR: ErrorException: compact(): Undefined variable: year in /Applications/AMPPS/www/farah_accounting/routes/web.php:117
Stack trace:
#0 [internal function]: Laravel\Lumen\Application->Laravel\Lumen\Concerns\{closure}(8, 'compact(): Unde...', '/Applications/A...', 117, Array)
#1 /Applications/AMPPS/www/farah_accounting/routes/web.php(117): compact('year')
#2 [internal function]: Closure->{closure}('2020')
#3 /Applications/AMPPS/www/farah_accounting/vendor/illuminate/container/BoundMethod.php(37): call_user_func_array(Object(Closure), Array)
#4 /Applications/AMPPS/www/farah_accounting/vendor/illuminate/container/Util.php(37): Illuminate\Container\BoundMethod::Illuminate\Container\{closure}()
#5 /Applications/AMPPS/www/farah_accounting/vendor/illuminate/container/BoundMethod.php(83): Illuminate\Container\Util::unwrapIfClosure(Object(Closure))
#6 /Applications/AMPPS/www/farah_accounting/vendor/illuminate/container/BoundMethod.php(39): Illuminate\Container\BoundMethod::callBoundMethod(Object(Laravel\Lumen\Application), Object(Closure), Object(Closure))
#7 /Applications/AMPPS/www/farah_accounting/vendor/illuminate/container/Container.php(596): Illuminate\Container\BoundMethod::call(Object(Laravel\Lumen\Application), Object(Closure), Array, NULL)
#8 /Applications/AMPPS/www/farah_accounting/vendor/laravel/lumen-framework/src/Concerns/RoutesRequests.php(299): Illuminate\Container\Container->call(Object(Closure), Array)
#9 /Applications/AMPPS/www/farah_accounting/vendor/laravel/lumen-framework/src/Concerns/RoutesRequests.php(264): Laravel\Lumen\Application->callActionOnArrayBasedRoute(Array)
#10 /Applications/AMPPS/www/farah_accounting/vendor/laravel/lumen-framework/src/Concerns/RoutesRequests.php(234): Laravel\Lumen\Application->handleFoundRoute(Array)
#11 /Applications/AMPPS/www/farah_accounting/vendor/laravel/lumen-framework/src/Concerns/RoutesRequests.php(170): Laravel\Lumen\Application->handleDispatcherResponse(Array)
#12 [internal function]: Laravel\Lumen\Application->Laravel\Lumen\Concerns\{closure}(Object(Laravel\Lumen\Http\Request))
#13 /Applications/AMPPS/www/farah_accounting/vendor/laravel/lumen-framework/src/Routing/Pipeline.php(48): call_user_func(Object(Closure), Object(Laravel\Lumen\Http\Request))
#14 /Applications/AMPPS/www/farah_accounting/app/Http/Middleware/CorsMiddleware.php(39): Laravel\Lumen\Routing\Pipeline->Laravel\Lumen\Routing\{closure}(Object(Laravel\Lumen\Http\Request))
#15 /Applications/AMPPS/www/farah_accounting/vendor/illuminate/pipeline/Pipeline.php(167): App\Http\Middleware\CorsMiddleware->handle(Object(Laravel\Lumen\Http\Request), Object(Closure))
#16 [internal function]: Illuminate\Pipeline\Pipeline->Illuminate\Pipeline\{closure}(Object(Laravel\Lumen\Http\Request))
#17 /Applications/AMPPS/www/farah_accounting/vendor/laravel/lumen-framework/src/Routing/Pipeline.php(30): call_user_func(Object(Closure), Object(Laravel\Lumen\Http\Request))
#18 /Applications/AMPPS/www/farah_accounting/vendor/illuminate/pipeline/Pipeline.php(103): Laravel\Lumen\Routing\Pipeline->Laravel\Lumen\Routing\{closure}(Object(Laravel\Lumen\Http\Request))
#19 /Applications/AMPPS/www/farah_accounting/vendor/laravel/lumen-framework/src/Concerns/RoutesRequests.php(423): Illuminate\Pipeline\Pipeline->then(Object(Closure))
#20 /Applications/AMPPS/www/farah_accounting/vendor/laravel/lumen-framework/src/Concerns/RoutesRequests.php(172): Laravel\Lumen\Application->sendThroughPipeline(Array, Object(Closure))
#21 /Applications/AMPPS/www/farah_accounting/vendor/laravel/lumen-framework/src/Concerns/RoutesRequests.php(109): Laravel\Lumen\Application->dispatch(NULL)
#22 /Applications/AMPPS/www/farah_accounting/public/index.php(28): Laravel\Lumen\Application->run()
#23 {main} {"exception":"[object] (ErrorException(code: 0): compact(): Undefined variable: year at /Applications/AMPPS/www/farah_accounting/routes/web.php:117)
[stacktrace]
#0 [internal function]: Laravel\\Lumen\\Application->Laravel\\Lumen\\Concerns\\{closure}(8, 'compact(): Unde...', '/Applications/A...', 117, Array)
#1 /Applications/AMPPS/www/farah_accounting/routes/web.php(117): compact('year')
#2 [internal function]: Closure->{closure}('2020')
#3 /Applications/AMPPS/www/farah_accounting/vendor/illuminate/container/BoundMethod.php(37): call_user_func_array(Object(Closure), Array)
#4 /Applications/AMPPS/www/farah_accounting/vendor/illuminate/container/Util.php(37): Illuminate\\Container\\BoundMethod::Illuminate\\Container\\{closure}()
#5 /Applications/AMPPS/www/farah_accounting/vendor/illuminate/container/BoundMethod.php(83): Illuminate\\Container\\Util::unwrapIfClosure(Object(Closure))
#6 /Applications/AMPPS/www/farah_accounting/vendor/illuminate/container/BoundMethod.php(39): Illuminate\\Container\\BoundMethod::callBoundMethod(Object(Laravel\\Lumen\\Application), Object(Closure), Object(Closure))
#7 /Applications/AMPPS/www/farah_accounting/vendor/illuminate/container/Container.php(596): Illuminate\\Container\\BoundMethod::call(Object(Laravel\\Lumen\\Application), Object(Closure), Array, NULL)
#8 /Applications/AMPPS/www/farah_accounting/vendor/laravel/lumen-framework/src/Concerns/RoutesRequests.php(299): Illuminate\\Container\\Container->call(Object(Closure), Array)
#9 /Applications/AMPPS/www/farah_accounting/vendor/laravel/lumen-framework/src/Concerns/RoutesRequests.php(264): Laravel\\Lumen\\Application->callActionOnArrayBasedRoute(Array)
#10 /Applications/AMPPS/www/farah_accounting/vendor/laravel/lumen-framework/src/Concerns/RoutesRequests.php(234): Laravel\\Lumen\\Application->handleFoundRoute(Array)
#11 /Applications/AMPPS/www/farah_accounting/vendor/laravel/lumen-framework/src/Concerns/RoutesRequests.php(170): Laravel\\Lumen\\Application->handleDispatcherResponse(Array)
#12 [internal function]: Laravel\\Lumen\\Application->Laravel\\Lumen\\Concerns\\{closure}(Object(Laravel\\Lumen\\Http\\Request))
#13 /Applications/AMPPS/www/farah_accounting/vendor/laravel/lumen-framework/src/Routing/Pipeline.php(48): call_user_func(Object(Closure), Object(Laravel\\Lumen\\Http\\Request))
#14 /Applications/AMPPS/www/farah_accounting/app/Http/Middleware/CorsMiddleware.php(39): Laravel\\Lumen\\Routing\\Pipeline->Laravel\\Lumen\\Routing\\{closure}(Object(Laravel\\Lumen\\Http\\Request))
#15 /Applications/AMPPS/www/farah_accounting/vendor/illuminate/pipeline/Pipeline.php(167): App\\Http\\Middleware\\CorsMiddleware->handle(Object(Laravel\\Lumen\\Http\\Request), Object(Closure))
#16 [internal function]: Illuminate\\Pipeline\\Pipeline->Illuminate\\Pipeline\\{closure}(Object(Laravel\\Lumen\\Http\\Request))
#17 /Applications/AMPPS/www/farah_accounting/vendor/laravel/lumen-framework/src/Routing/Pipeline.php(30): call_user_func(Object(Closure), Object(Laravel\\Lumen\\Http\\Request))
#18 /Applications/AMPPS/www/farah_accounting/vendor/illuminate/pipeline/Pipeline.php(103): Laravel\\Lumen\\Routing\\Pipeline->Laravel\\Lumen\\Routing\\{closure}(Object(Laravel\\Lumen\\Http\\Request))
#19 /Applications/AMPPS/www/farah_accounting/vendor/laravel/lumen-framework/src/Concerns/RoutesRequests.php(423): Illuminate\\Pipeline\\Pipeline->then(Object(Closure))
#20 /Applications/AMPPS/www/farah_accounting/vendor/laravel/lumen-framework/src/Concerns/RoutesRequests.php(172): Laravel\\Lumen\\Application->sendThroughPipeline(Array, Object(Closure))
#21 /Applications/AMPPS/www/farah_accounting/vendor/laravel/lumen-framework/src/Concerns/RoutesRequests.php(109): Laravel\\Lumen\\Application->dispatch(NULL)
#22 /Applications/AMPPS/www/farah_accounting/public/index.php(28): Laravel\\Lumen\\Application->run()
#23 {main}
"} 
[2020-12-07 06:24:41] local.ERROR: Error: Call to undefined function asset() in /Applications/AMPPS/www/farah_accounting/storage/framework/views/4df332e130bdd40406e1286fb16fd6a34e4eddd3.php:9
Stack trace:
#0 /Applications/AMPPS/www/farah_accounting/vendor/illuminate/view/Engines/PhpEngine.php(41): include()
#1 /Applications/AMPPS/www/farah_accounting/vendor/illuminate/view/Engines/CompilerEngine.php(57): Illuminate\View\Engines\PhpEngine->evaluatePath('/Applications/A...', Array)
#2 /Applications/AMPPS/www/farah_accounting/vendor/illuminate/view/View.php(139): Illuminate\View\Engines\CompilerEngine->get('/Applications/A...', Array)
#3 /Applications/AMPPS/www/farah_accounting/vendor/illuminate/view/View.php(122): Illuminate\View\View->getContents()
#4 /Applications/AMPPS/www/farah_accounting/vendor/illuminate/view/View.php(91): Illuminate\View\View->renderContents()
#5 /Applications/AMPPS/www/farah_accounting/vendor/illuminate/http/Response.php(62): Illuminate\View\View->render()
#6 /Applications/AMPPS/www/farah_accounting/vendor/illuminate/http/Response.php(34): Illuminate\Http\Response->setContent(Object(Illuminate\View\View))
#7 /Applications/AMPPS/www/farah_accounting/vendor/laravel/lumen-framework/src/Concerns/RoutesRequests.php(446): Illuminate\Http\Response->__construct(Object(Illuminate\View\View))
#8 /Applications/AMPPS/www/farah_accounting/vendor/laravel/lumen-framework/src/Concerns/RoutesRequests.php(386): Laravel\Lumen\Application->prepareResponse(Object(Illuminate\View\View))
#9 /Applications/AMPPS/www/farah_accounting/vendor/laravel/lumen-framework/src/Concerns/RoutesRequests.php(352): Laravel\Lumen\Application->callControllerCallable(Array, Array)
#10 /Applications/AMPPS/www/farah_accounting/vendor/laravel/lumen-framework/src/Concerns/RoutesRequests.php(326): Laravel\Lumen\Application->callLumenController(Object(App\Http\Controllers\Controller), 'laporan_keuanga...', Array)
#11 /Applications/AMPPS/www/farah_accounting/vendor/laravel/lumen-framework/src/Concerns/RoutesRequests.php(279): Laravel\Lumen\Application->callControllerAction(Array)
#12 /Applications/AMPPS/www/farah_accounting/vendor/laravel/lumen-framework/src/Concerns/RoutesRequests.php(264): Laravel\Lumen\Application->callActionOnArrayBasedRoute(Array)
#13 /Applications/AMPPS/www/farah_accounting/vendor/laravel/lumen-framework/src/Concerns/RoutesRequests.php(234): Laravel\Lumen\Application->handleFoundRoute(Array)
#14 /Applications/AMPPS/www/farah_accounting/vendor/laravel/lumen-framework/src/Concerns/RoutesRequests.php(170): Laravel\Lumen\Application->handleDispatcherResponse(Array)
#15 [internal function]: Laravel\Lumen\Application->Laravel\Lumen\Concerns\{closure}(Object(Laravel\Lumen\Http\Request))
#16 /Applications/AMPPS/www/farah_accounting/vendor/laravel/lumen-framework/src/Routing/Pipeline.php(48): call_user_func(Object(Closure), Object(Laravel\Lumen\Http\Request))
#17 /Applications/AMPPS/www/farah_accounting/app/Http/Middleware/CorsMiddleware.php(39): Laravel\Lumen\Routing\Pipeline->Laravel\Lumen\Routing\{closure}(Object(Laravel\Lumen\Http\Request))
#18 /Applications/AMPPS/www/farah_accounting/vendor/illuminate/pipeline/Pipeline.php(167): App\Http\Middleware\CorsMiddleware->handle(Object(Laravel\Lumen\Http\Request), Object(Closure))
#19 [internal function]: Illuminate\Pipeline\Pipeline->Illuminate\Pipeline\{closure}(Object(Laravel\Lumen\Http\Request))
#20 /Applications/AMPPS/www/farah_accounting/vendor/laravel/lumen-framework/src/Routing/Pipeline.php(30): call_user_func(Object(Closure), Object(Laravel\Lumen\Http\Request))
#21 /Applications/AMPPS/www/farah_accounting/vendor/illuminate/pipeline/Pipeline.php(103): Laravel\Lumen\Routing\Pipeline->Laravel\Lumen\Routing\{closure}(Object(Laravel\Lumen\Http\Request))
#22 /Applications/AMPPS/www/farah_accounting/vendor/laravel/lumen-framework/src/Concerns/RoutesRequests.php(423): Illuminate\Pipeline\Pipeline->then(Object(Closure))
#23 /Applications/AMPPS/www/farah_accounting/vendor/laravel/lumen-framework/src/Concerns/RoutesRequests.php(172): Laravel\Lumen\Application->sendThroughPipeline(Array, Object(Closure))
#24 /Applications/AMPPS/www/farah_accounting/vendor/laravel/lumen-framework/src/Concerns/RoutesRequests.php(109): Laravel\Lumen\Application->dispatch(NULL)
#25 /Applications/AMPPS/www/farah_accounting/public/index.php(28): Laravel\Lumen\Application->run()
#26 {main}

Next ErrorException: Call to undefined function asset() (View: /Applications/AMPPS/www/farah_accounting/resources/views/laporan.blade.php) in /Applications/AMPPS/www/farah_accounting/storage/framework/views/4df332e130bdd40406e1286fb16fd6a34e4eddd3.php:9
Stack trace:
#0 /Applications/AMPPS/www/farah_accounting/vendor/illuminate/view/Engines/PhpEngine.php(43): Illuminate\View\Engines\CompilerEngine->handleViewException(Object(Error), 1)
#1 /Applications/AMPPS/www/farah_accounting/vendor/illuminate/view/Engines/CompilerEngine.php(57): Illuminate\View\Engines\PhpEngine->evaluatePath('/Applications/A...', Array)
#2 /Applications/AMPPS/www/farah_accounting/vendor/illuminate/view/View.php(139): Illuminate\View\Engines\CompilerEngine->get('/Applications/A...', Array)
#3 /Applications/AMPPS/www/farah_accounting/vendor/illuminate/view/View.php(122): Illuminate\View\View->getContents()
#4 /Applications/AMPPS/www/farah_accounting/vendor/illuminate/view/View.php(91): Illuminate\View\View->renderContents()
#5 /Applications/AMPPS/www/farah_accounting/vendor/illuminate/http/Response.php(62): Illuminate\View\View->render()
#6 /Applications/AMPPS/www/farah_accounting/vendor/illuminate/http/Response.php(34): Illuminate\Http\Response->setContent(Object(Illuminate\View\View))
#7 /Applications/AMPPS/www/farah_accounting/vendor/laravel/lumen-framework/src/Concerns/RoutesRequests.php(446): Illuminate\Http\Response->__construct(Object(Illuminate\View\View))
#8 /Applications/AMPPS/www/farah_accounting/vendor/laravel/lumen-framework/src/Concerns/RoutesRequests.php(386): Laravel\Lumen\Application->prepareResponse(Object(Illuminate\View\View))
#9 /Applications/AMPPS/www/farah_accounting/vendor/laravel/lumen-framework/src/Concerns/RoutesRequests.php(352): Laravel\Lumen\Application->callControllerCallable(Array, Array)
#10 /Applications/AMPPS/www/farah_accounting/vendor/laravel/lumen-framework/src/Concerns/RoutesRequests.php(326): Laravel\Lumen\Application->callLumenController(Object(App\Http\Controllers\Controller), 'laporan_keuanga...', Array)
#11 /Applications/AMPPS/www/farah_accounting/vendor/laravel/lumen-framework/src/Concerns/RoutesRequests.php(279): Laravel\Lumen\Application->callControllerAction(Array)
#12 /Applications/AMPPS/www/farah_accounting/vendor/laravel/lumen-framework/src/Concerns/RoutesRequests.php(264): Laravel\Lumen\Application->callActionOnArrayBasedRoute(Array)
#13 /Applications/AMPPS/www/farah_accounting/vendor/laravel/lumen-framework/src/Concerns/RoutesRequests.php(234): Laravel\Lumen\Application->handleFoundRoute(Array)
#14 /Applications/AMPPS/www/farah_accounting/vendor/laravel/lumen-framework/src/Concerns/RoutesRequests.php(170): Laravel\Lumen\Application->handleDispatcherResponse(Array)
#15 [internal function]: Laravel\Lumen\Application->Laravel\Lumen\Concerns\{closure}(Object(Laravel\Lumen\Http\Request))
#16 /Applications/AMPPS/www/farah_accounting/vendor/laravel/lumen-framework/src/Routing/Pipeline.php(48): call_user_func(Object(Closure), Object(Laravel\Lumen\Http\Request))
#17 /Applications/AMPPS/www/farah_accounting/app/Http/Middleware/CorsMiddleware.php(39): Laravel\Lumen\Routing\Pipeline->Laravel\Lumen\Routing\{closure}(Object(Laravel\Lumen\Http\Request))
#18 /Applications/AMPPS/www/farah_accounting/vendor/illuminate/pipeline/Pipeline.php(167): App\Http\Middleware\CorsMiddleware->handle(Object(Laravel\Lumen\Http\Request), Object(Closure))
#19 [internal function]: Illuminate\Pipeline\Pipeline->Illuminate\Pipeline\{closure}(Object(Laravel\Lumen\Http\Request))
#20 /Applications/AMPPS/www/farah_accounting/vendor/laravel/lumen-framework/src/Routing/Pipeline.php(30): call_user_func(Object(Closure), Object(Laravel\Lumen\Http\Request))
#21 /Applications/AMPPS/www/farah_accounting/vendor/illuminate/pipeline/Pipeline.php(103): Laravel\Lumen\Routing\Pipeline->Laravel\Lumen\Routing\{closure}(Object(Laravel\Lumen\Http\Request))
#22 /Applications/AMPPS/www/farah_accounting/vendor/laravel/lumen-framework/src/Concerns/RoutesRequests.php(423): Illuminate\Pipeline\Pipeline->then(Object(Closure))
#23 /Applications/AMPPS/www/farah_accounting/vendor/laravel/lumen-framework/src/Concerns/RoutesRequests.php(172): Laravel\Lumen\Application->sendThroughPipeline(Array, Object(Closure))
#24 /Applications/AMPPS/www/farah_accounting/vendor/laravel/lumen-framework/src/Concerns/RoutesRequests.php(109): Laravel\Lumen\Application->dispatch(NULL)
#25 /Applications/AMPPS/www/farah_accounting/public/index.php(28): Laravel\Lumen\Application->run()
#26 {main} {"exception":"[object] (ErrorException(code: 0): Call to undefined function asset() (View: /Applications/AMPPS/www/farah_accounting/resources/views/laporan.blade.php) at /Applications/AMPPS/www/farah_accounting/storage/framework/views/4df332e130bdd40406e1286fb16fd6a34e4eddd3.php:9)
[stacktrace]
#0 /Applications/AMPPS/www/farah_accounting/vendor/illuminate/view/Engines/PhpEngine.php(43): Illuminate\\View\\Engines\\CompilerEngine->handleViewException(Object(Error), 1)
#1 /Applications/AMPPS/www/farah_accounting/vendor/illuminate/view/Engines/CompilerEngine.php(57): Illuminate\\View\\Engines\\PhpEngine->evaluatePath('/Applications/A...', Array)
#2 /Applications/AMPPS/www/farah_accounting/vendor/illuminate/view/View.php(139): Illuminate\\View\\Engines\\CompilerEngine->get('/Applications/A...', Array)
#3 /Applications/AMPPS/www/farah_accounting/vendor/illuminate/view/View.php(122): Illuminate\\View\\View->getContents()
#4 /Applications/AMPPS/www/farah_accounting/vendor/illuminate/view/View.php(91): Illuminate\\View\\View->renderContents()
#5 /Applications/AMPPS/www/farah_accounting/vendor/illuminate/http/Response.php(62): Illuminate\\View\\View->render()
#6 /Applications/AMPPS/www/farah_accounting/vendor/illuminate/http/Response.php(34): Illuminate\\Http\\Response->setContent(Object(Illuminate\\View\\View))
#7 /Applications/AMPPS/www/farah_accounting/vendor/laravel/lumen-framework/src/Concerns/RoutesRequests.php(446): Illuminate\\Http\\Response->__construct(Object(Illuminate\\View\\View))
#8 /Applications/AMPPS/www/farah_accounting/vendor/laravel/lumen-framework/src/Concerns/RoutesRequests.php(386): Laravel\\Lumen\\Application->prepareResponse(Object(Illuminate\\View\\View))
#9 /Applications/AMPPS/www/farah_accounting/vendor/laravel/lumen-framework/src/Concerns/RoutesRequests.php(352): Laravel\\Lumen\\Application->callControllerCallable(Array, Array)
#10 /Applications/AMPPS/www/farah_accounting/vendor/laravel/lumen-framework/src/Concerns/RoutesRequests.php(326): Laravel\\Lumen\\Application->callLumenController(Object(App\\Http\\Controllers\\Controller), 'laporan_keuanga...', Array)
#11 /Applications/AMPPS/www/farah_accounting/vendor/laravel/lumen-framework/src/Concerns/RoutesRequests.php(279): Laravel\\Lumen\\Application->callControllerAction(Array)
#12 /Applications/AMPPS/www/farah_accounting/vendor/laravel/lumen-framework/src/Concerns/RoutesRequests.php(264): Laravel\\Lumen\\Application->callActionOnArrayBasedRoute(Array)
#13 /Applications/AMPPS/www/farah_accounting/vendor/laravel/lumen-framework/src/Concerns/RoutesRequests.php(234): Laravel\\Lumen\\Application->handleFoundRoute(Array)
#14 /Applications/AMPPS/www/farah_accounting/vendor/laravel/lumen-framework/src/Concerns/RoutesRequests.php(170): Laravel\\Lumen\\Application->handleDispatcherResponse(Array)
#15 [internal function]: Laravel\\Lumen\\Application->Laravel\\Lumen\\Concerns\\{closure}(Object(Laravel\\Lumen\\Http\\Request))
#16 /Applications/AMPPS/www/farah_accounting/vendor/laravel/lumen-framework/src/Routing/Pipeline.php(48): call_user_func(Object(Closure), Object(Laravel\\Lumen\\Http\\Request))
#17 /Applications/AMPPS/www/farah_accounting/app/Http/Middleware/CorsMiddleware.php(39): Laravel\\Lumen\\Routing\\Pipeline->Laravel\\Lumen\\Routing\\{closure}(Object(Laravel\\Lumen\\Http\\Request))
#18 /Applications/AMPPS/www/farah_accounting/vendor/illuminate/pipeline/Pipeline.php(167): App\\Http\\Middleware\\CorsMiddleware->handle(Object(Laravel\\Lumen\\Http\\Request), Object(Closure))
#19 [internal function]: Illuminate\\Pipeline\\Pipeline->Illuminate\\Pipeline\\{closure}(Object(Laravel\\Lumen\\Http\\Request))
#20 /Applications/AMPPS/www/farah_accounting/vendor/laravel/lumen-framework/src/Routing/Pipeline.php(30): call_user_func(Object(Closure), Object(Laravel\\Lumen\\Http\\Request))
#21 /Applications/AMPPS/www/farah_accounting/vendor/illuminate/pipeline/Pipeline.php(103): Laravel\\Lumen\\Routing\\Pipeline->Laravel\\Lumen\\Routing\\{closure}(Object(Laravel\\Lumen\\Http\\Request))
#22 /Applications/AMPPS/www/farah_accounting/vendor/laravel/lumen-framework/src/Concerns/RoutesRequests.php(423): Illuminate\\Pipeline\\Pipeline->then(Object(Closure))
#23 /Applications/AMPPS/www/farah_accounting/vendor/laravel/lumen-framework/src/Concerns/RoutesRequests.php(172): Laravel\\Lumen\\Application->sendThroughPipeline(Array, Object(Closure))
#24 /Applications/AMPPS/www/farah_accounting/vendor/laravel/lumen-framework/src/Concerns/RoutesRequests.php(109): Laravel\\Lumen\\Application->dispatch(NULL)
#25 /Applications/AMPPS/www/farah_accounting/public/index.php(28): Laravel\\Lumen\\Application->run()
#26 {main}

[previous exception] [object] (Error(code: 0): Call to undefined function asset() at /Applications/AMPPS/www/farah_accounting/storage/framework/views/4df332e130bdd40406e1286fb16fd6a34e4eddd3.php:9)
[stacktrace]
#0 /Applications/AMPPS/www/farah_accounting/vendor/illuminate/view/Engines/PhpEngine.php(41): include()
#1 /Applications/AMPPS/www/farah_accounting/vendor/illuminate/view/Engines/CompilerEngine.php(57): Illuminate\\View\\Engines\\PhpEngine->evaluatePath('/Applications/A...', Array)
#2 /Applications/AMPPS/www/farah_accounting/vendor/illuminate/view/View.php(139): Illuminate\\View\\Engines\\CompilerEngine->get('/Applications/A...', Array)
#3 /Applications/AMPPS/www/farah_accounting/vendor/illuminate/view/View.php(122): Illuminate\\View\\View->getContents()
#4 /Applications/AMPPS/www/farah_accounting/vendor/illuminate/view/View.php(91): Illuminate\\View\\View->renderContents()
#5 /Applications/AMPPS/www/farah_accounting/vendor/illuminate/http/Response.php(62): Illuminate\\View\\View->render()
#6 /Applications/AMPPS/www/farah_accounting/vendor/illuminate/http/Response.php(34): Illuminate\\Http\\Response->setContent(Object(Illuminate\\View\\View))
#7 /Applications/AMPPS/www/farah_accounting/vendor/laravel/lumen-framework/src/Concerns/RoutesRequests.php(446): Illuminate\\Http\\Response->__construct(Object(Illuminate\\View\\View))
#8 /Applications/AMPPS/www/farah_accounting/vendor/laravel/lumen-framework/src/Concerns/RoutesRequests.php(386): Laravel\\Lumen\\Application->prepareResponse(Object(Illuminate\\View\\View))
#9 /Applications/AMPPS/www/farah_accounting/vendor/laravel/lumen-framework/src/Concerns/RoutesRequests.php(352): Laravel\\Lumen\\Application->callControllerCallable(Array, Array)
#10 /Applications/AMPPS/www/farah_accounting/vendor/laravel/lumen-framework/src/Concerns/RoutesRequests.php(326): Laravel\\Lumen\\Application->callLumenController(Object(App\\Http\\Controllers\\Controller), 'laporan_keuanga...', Array)
#11 /Applications/AMPPS/www/farah_accounting/vendor/laravel/lumen-framework/src/Concerns/RoutesRequests.php(279): Laravel\\Lumen\\Application->callControllerAction(Array)
#12 /Applications/AMPPS/www/farah_accounting/vendor/laravel/lumen-framework/src/Concerns/RoutesRequests.php(264): Laravel\\Lumen\\Application->callActionOnArrayBasedRoute(Array)
#13 /Applications/AMPPS/www/farah_accounting/vendor/laravel/lumen-framework/src/Concerns/RoutesRequests.php(234): Laravel\\Lumen\\Application->handleFoundRoute(Array)
#14 /Applications/AMPPS/www/farah_accounting/vendor/laravel/lumen-framework/src/Concerns/RoutesRequests.php(170): Laravel\\Lumen\\Application->handleDispatcherResponse(Array)
#15 [internal function]: Laravel\\Lumen\\Application->Laravel\\Lumen\\Concerns\\{closure}(Object(Laravel\\Lumen\\Http\\Request))
#16 /Applications/AMPPS/www/farah_accounting/vendor/laravel/lumen-framework/src/Routing/Pipeline.php(48): call_user_func(Object(Closure), Object(Laravel\\Lumen\\Http\\Request))
#17 /Applications/AMPPS/www/farah_accounting/app/Http/Middleware/CorsMiddleware.php(39): Laravel\\Lumen\\Routing\\Pipeline->Laravel\\Lumen\\Routing\\{closure}(Object(Laravel\\Lumen\\Http\\Request))
#18 /Applications/AMPPS/www/farah_accounting/vendor/illuminate/pipeline/Pipeline.php(167): App\\Http\\Middleware\\CorsMiddleware->handle(Object(Laravel\\Lumen\\Http\\Request), Object(Closure))
#19 [internal function]: Illuminate\\Pipeline\\Pipeline->Illuminate\\Pipeline\\{closure}(Object(Laravel\\Lumen\\Http\\Request))
#20 /Applications/AMPPS/www/farah_accounting/vendor/laravel/lumen-framework/src/Routing/Pipeline.php(30): call_user_func(Object(Closure), Object(Laravel\\Lumen\\Http\\Request))
#21 /Applications/AMPPS/www/farah_accounting/vendor/illuminate/pipeline/Pipeline.php(103): Laravel\\Lumen\\Routing\\Pipeline->Laravel\\Lumen\\Routing\\{closure}(Object(Laravel\\Lumen\\Http\\Request))
#22 /Applications/AMPPS/www/farah_accounting/vendor/laravel/lumen-framework/src/Concerns/RoutesRequests.php(423): Illuminate\\Pipeline\\Pipeline->then(Object(Closure))
#23 /Applications/AMPPS/www/farah_accounting/vendor/laravel/lumen-framework/src/Concerns/RoutesRequests.php(172): Laravel\\Lumen\\Application->sendThroughPipeline(Array, Object(Closure))
#24 /Applications/AMPPS/www/farah_accounting/vendor/laravel/lumen-framework/src/Concerns/RoutesRequests.php(109): Laravel\\Lumen\\Application->dispatch(NULL)
#25 /Applications/AMPPS/www/farah_accounting/public/index.php(28): Laravel\\Lumen\\Application->run()
#26 {main}
"} 
[2020-12-07 06:25:38] local.ERROR: Error: Call to undefined function public_path() in /Applications/AMPPS/www/farah_accounting/storage/framework/views/4df332e130bdd40406e1286fb16fd6a34e4eddd3.php:9
Stack trace:
#0 /Applications/AMPPS/www/farah_accounting/vendor/illuminate/view/Engines/PhpEngine.php(41): include()
#1 /Applications/AMPPS/www/farah_accounting/vendor/illuminate/view/Engines/CompilerEngine.php(57): Illuminate\View\Engines\PhpEngine->evaluatePath('/Applications/A...', Array)
#2 /Applications/AMPPS/www/farah_accounting/vendor/illuminate/view/View.php(139): Illuminate\View\Engines\CompilerEngine->get('/Applications/A...', Array)
#3 /Applications/AMPPS/www/farah_accounting/vendor/illuminate/view/View.php(122): Illuminate\View\View->getContents()
#4 /Applications/AMPPS/www/farah_accounting/vendor/illuminate/view/View.php(91): Illuminate\View\View->renderContents()
#5 /Applications/AMPPS/www/farah_accounting/vendor/illuminate/http/Response.php(62): Illuminate\View\View->render()
#6 /Applications/AMPPS/www/farah_accounting/vendor/illuminate/http/Response.php(34): Illuminate\Http\Response->setContent(Object(Illuminate\View\View))
#7 /Applications/AMPPS/www/farah_accounting/vendor/laravel/lumen-framework/src/Concerns/RoutesRequests.php(446): Illuminate\Http\Response->__construct(Object(Illuminate\View\View))
#8 /Applications/AMPPS/www/farah_accounting/vendor/laravel/lumen-framework/src/Concerns/RoutesRequests.php(386): Laravel\Lumen\Application->prepareResponse(Object(Illuminate\View\View))
#9 /Applications/AMPPS/www/farah_accounting/vendor/laravel/lumen-framework/src/Concerns/RoutesRequests.php(352): Laravel\Lumen\Application->callControllerCallable(Array, Array)
#10 /Applications/AMPPS/www/farah_accounting/vendor/laravel/lumen-framework/src/Concerns/RoutesRequests.php(326): Laravel\Lumen\Application->callLumenController(Object(App\Http\Controllers\Controller), 'laporan_keuanga...', Array)
#11 /Applications/AMPPS/www/farah_accounting/vendor/laravel/lumen-framework/src/Concerns/RoutesRequests.php(279): Laravel\Lumen\Application->callControllerAction(Array)
#12 /Applications/AMPPS/www/farah_accounting/vendor/laravel/lumen-framework/src/Concerns/RoutesRequests.php(264): Laravel\Lumen\Application->callActionOnArrayBasedRoute(Array)
#13 /Applications/AMPPS/www/farah_accounting/vendor/laravel/lumen-framework/src/Concerns/RoutesRequests.php(234): Laravel\Lumen\Application->handleFoundRoute(Array)
#14 /Applications/AMPPS/www/farah_accounting/vendor/laravel/lumen-framework/src/Concerns/RoutesRequests.php(170): Laravel\Lumen\Application->handleDispatcherResponse(Array)
#15 [internal function]: Laravel\Lumen\Application->Laravel\Lumen\Concerns\{closure}(Object(Laravel\Lumen\Http\Request))
#16 /Applications/AMPPS/www/farah_accounting/vendor/laravel/lumen-framework/src/Routing/Pipeline.php(48): call_user_func(Object(Closure), Object(Laravel\Lumen\Http\Request))
#17 /Applications/AMPPS/www/farah_accounting/app/Http/Middleware/CorsMiddleware.php(39): Laravel\Lumen\Routing\Pipeline->Laravel\Lumen\Routing\{closure}(Object(Laravel\Lumen\Http\Request))
#18 /Applications/AMPPS/www/farah_accounting/vendor/illuminate/pipeline/Pipeline.php(167): App\Http\Middleware\CorsMiddleware->handle(Object(Laravel\Lumen\Http\Request), Object(Closure))
#19 [internal function]: Illuminate\Pipeline\Pipeline->Illuminate\Pipeline\{closure}(Object(Laravel\Lumen\Http\Request))
#20 /Applications/AMPPS/www/farah_accounting/vendor/laravel/lumen-framework/src/Routing/Pipeline.php(30): call_user_func(Object(Closure), Object(Laravel\Lumen\Http\Request))
#21 /Applications/AMPPS/www/farah_accounting/vendor/illuminate/pipeline/Pipeline.php(103): Laravel\Lumen\Routing\Pipeline->Laravel\Lumen\Routing\{closure}(Object(Laravel\Lumen\Http\Request))
#22 /Applications/AMPPS/www/farah_accounting/vendor/laravel/lumen-framework/src/Concerns/RoutesRequests.php(423): Illuminate\Pipeline\Pipeline->then(Object(Closure))
#23 /Applications/AMPPS/www/farah_accounting/vendor/laravel/lumen-framework/src/Concerns/RoutesRequests.php(172): Laravel\Lumen\Application->sendThroughPipeline(Array, Object(Closure))
#24 /Applications/AMPPS/www/farah_accounting/vendor/laravel/lumen-framework/src/Concerns/RoutesRequests.php(109): Laravel\Lumen\Application->dispatch(NULL)
#25 /Applications/AMPPS/www/farah_accounting/public/index.php(28): Laravel\Lumen\Application->run()
#26 {main}

Next ErrorException: Call to undefined function public_path() (View: /Applications/AMPPS/www/farah_accounting/resources/views/laporan.blade.php) in /Applications/AMPPS/www/farah_accounting/storage/framework/views/4df332e130bdd40406e1286fb16fd6a34e4eddd3.php:9
Stack trace:
#0 /Applications/AMPPS/www/farah_accounting/vendor/illuminate/view/Engines/PhpEngine.php(43): Illuminate\View\Engines\CompilerEngine->handleViewException(Object(Error), 1)
#1 /Applications/AMPPS/www/farah_accounting/vendor/illuminate/view/Engines/CompilerEngine.php(57): Illuminate\View\Engines\PhpEngine->evaluatePath('/Applications/A...', Array)
#2 /Applications/AMPPS/www/farah_accounting/vendor/illuminate/view/View.php(139): Illuminate\View\Engines\CompilerEngine->get('/Applications/A...', Array)
#3 /Applications/AMPPS/www/farah_accounting/vendor/illuminate/view/View.php(122): Illuminate\View\View->getContents()
#4 /Applications/AMPPS/www/farah_accounting/vendor/illuminate/view/View.php(91): Illuminate\View\View->renderContents()
#5 /Applications/AMPPS/www/farah_accounting/vendor/illuminate/http/Response.php(62): Illuminate\View\View->render()
#6 /Applications/AMPPS/www/farah_accounting/vendor/illuminate/http/Response.php(34): Illuminate\Http\Response->setContent(Object(Illuminate\View\View))
#7 /Applications/AMPPS/www/farah_accounting/vendor/laravel/lumen-framework/src/Concerns/RoutesRequests.php(446): Illuminate\Http\Response->__construct(Object(Illuminate\View\View))
#8 /Applications/AMPPS/www/farah_accounting/vendor/laravel/lumen-framework/src/Concerns/RoutesRequests.php(386): Laravel\Lumen\Application->prepareResponse(Object(Illuminate\View\View))
#9 /Applications/AMPPS/www/farah_accounting/vendor/laravel/lumen-framework/src/Concerns/RoutesRequests.php(352): Laravel\Lumen\Application->callControllerCallable(Array, Array)
#10 /Applications/AMPPS/www/farah_accounting/vendor/laravel/lumen-framework/src/Concerns/RoutesRequests.php(326): Laravel\Lumen\Application->callLumenController(Object(App\Http\Controllers\Controller), 'laporan_keuanga...', Array)
#11 /Applications/AMPPS/www/farah_accounting/vendor/laravel/lumen-framework/src/Concerns/RoutesRequests.php(279): Laravel\Lumen\Application->callControllerAction(Array)
#12 /Applications/AMPPS/www/farah_accounting/vendor/laravel/lumen-framework/src/Concerns/RoutesRequests.php(264): Laravel\Lumen\Application->callActionOnArrayBasedRoute(Array)
#13 /Applications/AMPPS/www/farah_accounting/vendor/laravel/lumen-framework/src/Concerns/RoutesRequests.php(234): Laravel\Lumen\Application->handleFoundRoute(Array)
#14 /Applications/AMPPS/www/farah_accounting/vendor/laravel/lumen-framework/src/Concerns/RoutesRequests.php(170): Laravel\Lumen\Application->handleDispatcherResponse(Array)
#15 [internal function]: Laravel\Lumen\Application->Laravel\Lumen\Concerns\{closure}(Object(Laravel\Lumen\Http\Request))
#16 /Applications/AMPPS/www/farah_accounting/vendor/laravel/lumen-framework/src/Routing/Pipeline.php(48): call_user_func(Object(Closure), Object(Laravel\Lumen\Http\Request))
#17 /Applications/AMPPS/www/farah_accounting/app/Http/Middleware/CorsMiddleware.php(39): Laravel\Lumen\Routing\Pipeline->Laravel\Lumen\Routing\{closure}(Object(Laravel\Lumen\Http\Request))
#18 /Applications/AMPPS/www/farah_accounting/vendor/illuminate/pipeline/Pipeline.php(167): App\Http\Middleware\CorsMiddleware->handle(Object(Laravel\Lumen\Http\Request), Object(Closure))
#19 [internal function]: Illuminate\Pipeline\Pipeline->Illuminate\Pipeline\{closure}(Object(Laravel\Lumen\Http\Request))
#20 /Applications/AMPPS/www/farah_accounting/vendor/laravel/lumen-framework/src/Routing/Pipeline.php(30): call_user_func(Object(Closure), Object(Laravel\Lumen\Http\Request))
#21 /Applications/AMPPS/www/farah_accounting/vendor/illuminate/pipeline/Pipeline.php(103): Laravel\Lumen\Routing\Pipeline->Laravel\Lumen\Routing\{closure}(Object(Laravel\Lumen\Http\Request))
#22 /Applications/AMPPS/www/farah_accounting/vendor/laravel/lumen-framework/src/Concerns/RoutesRequests.php(423): Illuminate\Pipeline\Pipeline->then(Object(Closure))
#23 /Applications/AMPPS/www/farah_accounting/vendor/laravel/lumen-framework/src/Concerns/RoutesRequests.php(172): Laravel\Lumen\Application->sendThroughPipeline(Array, Object(Closure))
#24 /Applications/AMPPS/www/farah_accounting/vendor/laravel/lumen-framework/src/Concerns/RoutesRequests.php(109): Laravel\Lumen\Application->dispatch(NULL)
#25 /Applications/AMPPS/www/farah_accounting/public/index.php(28): Laravel\Lumen\Application->run()
#26 {main} {"exception":"[object] (ErrorException(code: 0): Call to undefined function public_path() (View: /Applications/AMPPS/www/farah_accounting/resources/views/laporan.blade.php) at /Applications/AMPPS/www/farah_accounting/storage/framework/views/4df332e130bdd40406e1286fb16fd6a34e4eddd3.php:9)
[stacktrace]
#0 /Applications/AMPPS/www/farah_accounting/vendor/illuminate/view/Engines/PhpEngine.php(43): Illuminate\\View\\Engines\\CompilerEngine->handleViewException(Object(Error), 1)
#1 /Applications/AMPPS/www/farah_accounting/vendor/illuminate/view/Engines/CompilerEngine.php(57): Illuminate\\View\\Engines\\PhpEngine->evaluatePath('/Applications/A...', Array)
#2 /Applications/AMPPS/www/farah_accounting/vendor/illuminate/view/View.php(139): Illuminate\\View\\Engines\\CompilerEngine->get('/Applications/A...', Array)
#3 /Applications/AMPPS/www/farah_accounting/vendor/illuminate/view/View.php(122): Illuminate\\View\\View->getContents()
#4 /Applications/AMPPS/www/farah_accounting/vendor/illuminate/view/View.php(91): Illuminate\\View\\View->renderContents()
#5 /Applications/AMPPS/www/farah_accounting/vendor/illuminate/http/Response.php(62): Illuminate\\View\\View->render()
#6 /Applications/AMPPS/www/farah_accounting/vendor/illuminate/http/Response.php(34): Illuminate\\Http\\Response->setContent(Object(Illuminate\\View\\View))
#7 /Applications/AMPPS/www/farah_accounting/vendor/laravel/lumen-framework/src/Concerns/RoutesRequests.php(446): Illuminate\\Http\\Response->__construct(Object(Illuminate\\View\\View))
#8 /Applications/AMPPS/www/farah_accounting/vendor/laravel/lumen-framework/src/Concerns/RoutesRequests.php(386): Laravel\\Lumen\\Application->prepareResponse(Object(Illuminate\\View\\View))
#9 /Applications/AMPPS/www/farah_accounting/vendor/laravel/lumen-framework/src/Concerns/RoutesRequests.php(352): Laravel\\Lumen\\Application->callControllerCallable(Array, Array)
#10 /Applications/AMPPS/www/farah_accounting/vendor/laravel/lumen-framework/src/Concerns/RoutesRequests.php(326): Laravel\\Lumen\\Application->callLumenController(Object(App\\Http\\Controllers\\Controller), 'laporan_keuanga...', Array)
#11 /Applications/AMPPS/www/farah_accounting/vendor/laravel/lumen-framework/src/Concerns/RoutesRequests.php(279): Laravel\\Lumen\\Application->callControllerAction(Array)
#12 /Applications/AMPPS/www/farah_accounting/vendor/laravel/lumen-framework/src/Concerns/RoutesRequests.php(264): Laravel\\Lumen\\Application->callActionOnArrayBasedRoute(Array)
#13 /Applications/AMPPS/www/farah_accounting/vendor/laravel/lumen-framework/src/Concerns/RoutesRequests.php(234): Laravel\\Lumen\\Application->handleFoundRoute(Array)
#14 /Applications/AMPPS/www/farah_accounting/vendor/laravel/lumen-framework/src/Concerns/RoutesRequests.php(170): Laravel\\Lumen\\Application->handleDispatcherResponse(Array)
#15 [internal function]: Laravel\\Lumen\\Application->Laravel\\Lumen\\Concerns\\{closure}(Object(Laravel\\Lumen\\Http\\Request))
#16 /Applications/AMPPS/www/farah_accounting/vendor/laravel/lumen-framework/src/Routing/Pipeline.php(48): call_user_func(Object(Closure), Object(Laravel\\Lumen\\Http\\Request))
#17 /Applications/AMPPS/www/farah_accounting/app/Http/Middleware/CorsMiddleware.php(39): Laravel\\Lumen\\Routing\\Pipeline->Laravel\\Lumen\\Routing\\{closure}(Object(Laravel\\Lumen\\Http\\Request))
#18 /Applications/AMPPS/www/farah_accounting/vendor/illuminate/pipeline/Pipeline.php(167): App\\Http\\Middleware\\CorsMiddleware->handle(Object(Laravel\\Lumen\\Http\\Request), Object(Closure))
#19 [internal function]: Illuminate\\Pipeline\\Pipeline->Illuminate\\Pipeline\\{closure}(Object(Laravel\\Lumen\\Http\\Request))
#20 /Applications/AMPPS/www/farah_accounting/vendor/laravel/lumen-framework/src/Routing/Pipeline.php(30): call_user_func(Object(Closure), Object(Laravel\\Lumen\\Http\\Request))
#21 /Applications/AMPPS/www/farah_accounting/vendor/illuminate/pipeline/Pipeline.php(103): Laravel\\Lumen\\Routing\\Pipeline->Laravel\\Lumen\\Routing\\{closure}(Object(Laravel\\Lumen\\Http\\Request))
#22 /Applications/AMPPS/www/farah_accounting/vendor/laravel/lumen-framework/src/Concerns/RoutesRequests.php(423): Illuminate\\Pipeline\\Pipeline->then(Object(Closure))
#23 /Applications/AMPPS/www/farah_accounting/vendor/laravel/lumen-framework/src/Concerns/RoutesRequests.php(172): Laravel\\Lumen\\Application->sendThroughPipeline(Array, Object(Closure))
#24 /Applications/AMPPS/www/farah_accounting/vendor/laravel/lumen-framework/src/Concerns/RoutesRequests.php(109): Laravel\\Lumen\\Application->dispatch(NULL)
#25 /Applications/AMPPS/www/farah_accounting/public/index.php(28): Laravel\\Lumen\\Application->run()
#26 {main}

[previous exception] [object] (Error(code: 0): Call to undefined function public_path() at /Applications/AMPPS/www/farah_accounting/storage/framework/views/4df332e130bdd40406e1286fb16fd6a34e4eddd3.php:9)
[stacktrace]
#0 /Applications/AMPPS/www/farah_accounting/vendor/illuminate/view/Engines/PhpEngine.php(41): include()
#1 /Applications/AMPPS/www/farah_accounting/vendor/illuminate/view/Engines/CompilerEngine.php(57): Illuminate\\View\\Engines\\PhpEngine->evaluatePath('/Applications/A...', Array)
#2 /Applications/AMPPS/www/farah_accounting/vendor/illuminate/view/View.php(139): Illuminate\\View\\Engines\\CompilerEngine->get('/Applications/A...', Array)
#3 /Applications/AMPPS/www/farah_accounting/vendor/illuminate/view/View.php(122): Illuminate\\View\\View->getContents()
#4 /Applications/AMPPS/www/farah_accounting/vendor/illuminate/view/View.php(91): Illuminate\\View\\View->renderContents()
#5 /Applications/AMPPS/www/farah_accounting/vendor/illuminate/http/Response.php(62): Illuminate\\View\\View->render()
#6 /Applications/AMPPS/www/farah_accounting/vendor/illuminate/http/Response.php(34): Illuminate\\Http\\Response->setContent(Object(Illuminate\\View\\View))
#7 /Applications/AMPPS/www/farah_accounting/vendor/laravel/lumen-framework/src/Concerns/RoutesRequests.php(446): Illuminate\\Http\\Response->__construct(Object(Illuminate\\View\\View))
#8 /Applications/AMPPS/www/farah_accounting/vendor/laravel/lumen-framework/src/Concerns/RoutesRequests.php(386): Laravel\\Lumen\\Application->prepareResponse(Object(Illuminate\\View\\View))
#9 /Applications/AMPPS/www/farah_accounting/vendor/laravel/lumen-framework/src/Concerns/RoutesRequests.php(352): Laravel\\Lumen\\Application->callControllerCallable(Array, Array)
#10 /Applications/AMPPS/www/farah_accounting/vendor/laravel/lumen-framework/src/Concerns/RoutesRequests.php(326): Laravel\\Lumen\\Application->callLumenController(Object(App\\Http\\Controllers\\Controller), 'laporan_keuanga...', Array)
#11 /Applications/AMPPS/www/farah_accounting/vendor/laravel/lumen-framework/src/Concerns/RoutesRequests.php(279): Laravel\\Lumen\\Application->callControllerAction(Array)
#12 /Applications/AMPPS/www/farah_accounting/vendor/laravel/lumen-framework/src/Concerns/RoutesRequests.php(264): Laravel\\Lumen\\Application->callActionOnArrayBasedRoute(Array)
#13 /Applications/AMPPS/www/farah_accounting/vendor/laravel/lumen-framework/src/Concerns/RoutesRequests.php(234): Laravel\\Lumen\\Application->handleFoundRoute(Array)
#14 /Applications/AMPPS/www/farah_accounting/vendor/laravel/lumen-framework/src/Concerns/RoutesRequests.php(170): Laravel\\Lumen\\Application->handleDispatcherResponse(Array)
#15 [internal function]: Laravel\\Lumen\\Application->Laravel\\Lumen\\Concerns\\{closure}(Object(Laravel\\Lumen\\Http\\Request))
#16 /Applications/AMPPS/www/farah_accounting/vendor/laravel/lumen-framework/src/Routing/Pipeline.php(48): call_user_func(Object(Closure), Object(Laravel\\Lumen\\Http\\Request))
#17 /Applications/AMPPS/www/farah_accounting/app/Http/Middleware/CorsMiddleware.php(39): Laravel\\Lumen\\Routing\\Pipeline->Laravel\\Lumen\\Routing\\{closure}(Object(Laravel\\Lumen\\Http\\Request))
#18 /Applications/AMPPS/www/farah_accounting/vendor/illuminate/pipeline/Pipeline.php(167): App\\Http\\Middleware\\CorsMiddleware->handle(Object(Laravel\\Lumen\\Http\\Request), Object(Closure))
#19 [internal function]: Illuminate\\Pipeline\\Pipeline->Illuminate\\Pipeline\\{closure}(Object(Laravel\\Lumen\\Http\\Request))
#20 /Applications/AMPPS/www/farah_accounting/vendor/laravel/lumen-framework/src/Routing/Pipeline.php(30): call_user_func(Object(Closure), Object(Laravel\\Lumen\\Http\\Request))
#21 /Applications/AMPPS/www/farah_accounting/vendor/illuminate/pipeline/Pipeline.php(103): Laravel\\Lumen\\Routing\\Pipeline->Laravel\\Lumen\\Routing\\{closure}(Object(Laravel\\Lumen\\Http\\Request))
#22 /Applications/AMPPS/www/farah_accounting/vendor/laravel/lumen-framework/src/Concerns/RoutesRequests.php(423): Illuminate\\Pipeline\\Pipeline->then(Object(Closure))
#23 /Applications/AMPPS/www/farah_accounting/vendor/laravel/lumen-framework/src/Concerns/RoutesRequests.php(172): Laravel\\Lumen\\Application->sendThroughPipeline(Array, Object(Closure))
#24 /Applications/AMPPS/www/farah_accounting/vendor/laravel/lumen-framework/src/Concerns/RoutesRequests.php(109): Laravel\\Lumen\\Application->dispatch(NULL)
#25 /Applications/AMPPS/www/farah_accounting/public/index.php(28): Laravel\\Lumen\\Application->run()
#26 {main}
"} 
[2020-12-07 06:25:39] local.ERROR: Error: Call to undefined function public_path() in /Applications/AMPPS/www/farah_accounting/storage/framework/views/4df332e130bdd40406e1286fb16fd6a34e4eddd3.php:9
Stack trace:
#0 /Applications/AMPPS/www/farah_accounting/vendor/illuminate/view/Engines/PhpEngine.php(41): include()
#1 /Applications/AMPPS/www/farah_accounting/vendor/illuminate/view/Engines/CompilerEngine.php(57): Illuminate\View\Engines\PhpEngine->evaluatePath('/Applications/A...', Array)
#2 /Applications/AMPPS/www/farah_accounting/vendor/illuminate/view/View.php(139): Illuminate\View\Engines\CompilerEngine->get('/Applications/A...', Array)
#3 /Applications/AMPPS/www/farah_accounting/vendor/illuminate/view/View.php(122): Illuminate\View\View->getContents()
#4 /Applications/AMPPS/www/farah_accounting/vendor/illuminate/view/View.php(91): Illuminate\View\View->renderContents()
#5 /Applications/AMPPS/www/farah_accounting/vendor/illuminate/http/Response.php(62): Illuminate\View\View->render()
#6 /Applications/AMPPS/www/farah_accounting/vendor/illuminate/http/Response.php(34): Illuminate\Http\Response->setContent(Object(Illuminate\View\View))
#7 /Applications/AMPPS/www/farah_accounting/vendor/laravel/lumen-framework/src/Concerns/RoutesRequests.php(446): Illuminate\Http\Response->__construct(Object(Illuminate\View\View))
#8 /Applications/AMPPS/www/farah_accounting/vendor/laravel/lumen-framework/src/Concerns/RoutesRequests.php(386): Laravel\Lumen\Application->prepareResponse(Object(Illuminate\View\View))
#9 /Applications/AMPPS/www/farah_accounting/vendor/laravel/lumen-framework/src/Concerns/RoutesRequests.php(352): Laravel\Lumen\Application->callControllerCallable(Array, Array)
#10 /Applications/AMPPS/www/farah_accounting/vendor/laravel/lumen-framework/src/Concerns/RoutesRequests.php(326): Laravel\Lumen\Application->callLumenController(Object(App\Http\Controllers\Controller), 'laporan_keuanga...', Array)
#11 /Applications/AMPPS/www/farah_accounting/vendor/laravel/lumen-framework/src/Concerns/RoutesRequests.php(279): Laravel\Lumen\Application->callControllerAction(Array)
#12 /Applications/AMPPS/www/farah_accounting/vendor/laravel/lumen-framework/src/Concerns/RoutesRequests.php(264): Laravel\Lumen\Application->callActionOnArrayBasedRoute(Array)
#13 /Applications/AMPPS/www/farah_accounting/vendor/laravel/lumen-framework/src/Concerns/RoutesRequests.php(234): Laravel\Lumen\Application->handleFoundRoute(Array)
#14 /Applications/AMPPS/www/farah_accounting/vendor/laravel/lumen-framework/src/Concerns/RoutesRequests.php(170): Laravel\Lumen\Application->handleDispatcherResponse(Array)
#15 [internal function]: Laravel\Lumen\Application->Laravel\Lumen\Concerns\{closure}(Object(Laravel\Lumen\Http\Request))
#16 /Applications/AMPPS/www/farah_accounting/vendor/laravel/lumen-framework/src/Routing/Pipeline.php(48): call_user_func(Object(Closure), Object(Laravel\Lumen\Http\Request))
#17 /Applications/AMPPS/www/farah_accounting/app/Http/Middleware/CorsMiddleware.php(39): Laravel\Lumen\Routing\Pipeline->Laravel\Lumen\Routing\{closure}(Object(Laravel\Lumen\Http\Request))
#18 /Applications/AMPPS/www/farah_accounting/vendor/illuminate/pipeline/Pipeline.php(167): App\Http\Middleware\CorsMiddleware->handle(Object(Laravel\Lumen\Http\Request), Object(Closure))
#19 [internal function]: Illuminate\Pipeline\Pipeline->Illuminate\Pipeline\{closure}(Object(Laravel\Lumen\Http\Request))
#20 /Applications/AMPPS/www/farah_accounting/vendor/laravel/lumen-framework/src/Routing/Pipeline.php(30): call_user_func(Object(Closure), Object(Laravel\Lumen\Http\Request))
#21 /Applications/AMPPS/www/farah_accounting/vendor/illuminate/pipeline/Pipeline.php(103): Laravel\Lumen\Routing\Pipeline->Laravel\Lumen\Routing\{closure}(Object(Laravel\Lumen\Http\Request))
#22 /Applications/AMPPS/www/farah_accounting/vendor/laravel/lumen-framework/src/Concerns/RoutesRequests.php(423): Illuminate\Pipeline\Pipeline->then(Object(Closure))
#23 /Applications/AMPPS/www/farah_accounting/vendor/laravel/lumen-framework/src/Concerns/RoutesRequests.php(172): Laravel\Lumen\Application->sendThroughPipeline(Array, Object(Closure))
#24 /Applications/AMPPS/www/farah_accounting/vendor/laravel/lumen-framework/src/Concerns/RoutesRequests.php(109): Laravel\Lumen\Application->dispatch(NULL)
#25 /Applications/AMPPS/www/farah_accounting/public/index.php(28): Laravel\Lumen\Application->run()
#26 {main}

Next ErrorException: Call to undefined function public_path() (View: /Applications/AMPPS/www/farah_accounting/resources/views/laporan.blade.php) in /Applications/AMPPS/www/farah_accounting/storage/framework/views/4df332e130bdd40406e1286fb16fd6a34e4eddd3.php:9
Stack trace:
#0 /Applications/AMPPS/www/farah_accounting/vendor/illuminate/view/Engines/PhpEngine.php(43): Illuminate\View\Engines\CompilerEngine->handleViewException(Object(Error), 1)
#1 /Applications/AMPPS/www/farah_accounting/vendor/illuminate/view/Engines/CompilerEngine.php(57): Illuminate\View\Engines\PhpEngine->evaluatePath('/Applications/A...', Array)
#2 /Applications/AMPPS/www/farah_accounting/vendor/illuminate/view/View.php(139): Illuminate\View\Engines\CompilerEngine->get('/Applications/A...', Array)
#3 /Applications/AMPPS/www/farah_accounting/vendor/illuminate/view/View.php(122): Illuminate\View\View->getContents()
#4 /Applications/AMPPS/www/farah_accounting/vendor/illuminate/view/View.php(91): Illuminate\View\View->renderContents()
#5 /Applications/AMPPS/www/farah_accounting/vendor/illuminate/http/Response.php(62): Illuminate\View\View->render()
#6 /Applications/AMPPS/www/farah_accounting/vendor/illuminate/http/Response.php(34): Illuminate\Http\Response->setContent(Object(Illuminate\View\View))
#7 /Applications/AMPPS/www/farah_accounting/vendor/laravel/lumen-framework/src/Concerns/RoutesRequests.php(446): Illuminate\Http\Response->__construct(Object(Illuminate\View\View))
#8 /Applications/AMPPS/www/farah_accounting/vendor/laravel/lumen-framework/src/Concerns/RoutesRequests.php(386): Laravel\Lumen\Application->prepareResponse(Object(Illuminate\View\View))
#9 /Applications/AMPPS/www/farah_accounting/vendor/laravel/lumen-framework/src/Concerns/RoutesRequests.php(352): Laravel\Lumen\Application->callControllerCallable(Array, Array)
#10 /Applications/AMPPS/www/farah_accounting/vendor/laravel/lumen-framework/src/Concerns/RoutesRequests.php(326): Laravel\Lumen\Application->callLumenController(Object(App\Http\Controllers\Controller), 'laporan_keuanga...', Array)
#11 /Applications/AMPPS/www/farah_accounting/vendor/laravel/lumen-framework/src/Concerns/RoutesRequests.php(279): Laravel\Lumen\Application->callControllerAction(Array)
#12 /Applications/AMPPS/www/farah_accounting/vendor/laravel/lumen-framework/src/Concerns/RoutesRequests.php(264): Laravel\Lumen\Application->callActionOnArrayBasedRoute(Array)
#13 /Applications/AMPPS/www/farah_accounting/vendor/laravel/lumen-framework/src/Concerns/RoutesRequests.php(234): Laravel\Lumen\Application->handleFoundRoute(Array)
#14 /Applications/AMPPS/www/farah_accounting/vendor/laravel/lumen-framework/src/Concerns/RoutesRequests.php(170): Laravel\Lumen\Application->handleDispatcherResponse(Array)
#15 [internal function]: Laravel\Lumen\Application->Laravel\Lumen\Concerns\{closure}(Object(Laravel\Lumen\Http\Request))
#16 /Applications/AMPPS/www/farah_accounting/vendor/laravel/lumen-framework/src/Routing/Pipeline.php(48): call_user_func(Object(Closure), Object(Laravel\Lumen\Http\Request))
#17 /Applications/AMPPS/www/farah_accounting/app/Http/Middleware/CorsMiddleware.php(39): Laravel\Lumen\Routing\Pipeline->Laravel\Lumen\Routing\{closure}(Object(Laravel\Lumen\Http\Request))
#18 /Applications/AMPPS/www/farah_accounting/vendor/illuminate/pipeline/Pipeline.php(167): App\Http\Middleware\CorsMiddleware->handle(Object(Laravel\Lumen\Http\Request), Object(Closure))
#19 [internal function]: Illuminate\Pipeline\Pipeline->Illuminate\Pipeline\{closure}(Object(Laravel\Lumen\Http\Request))
#20 /Applications/AMPPS/www/farah_accounting/vendor/laravel/lumen-framework/src/Routing/Pipeline.php(30): call_user_func(Object(Closure), Object(Laravel\Lumen\Http\Request))
#21 /Applications/AMPPS/www/farah_accounting/vendor/illuminate/pipeline/Pipeline.php(103): Laravel\Lumen\Routing\Pipeline->Laravel\Lumen\Routing\{closure}(Object(Laravel\Lumen\Http\Request))
#22 /Applications/AMPPS/www/farah_accounting/vendor/laravel/lumen-framework/src/Concerns/RoutesRequests.php(423): Illuminate\Pipeline\Pipeline->then(Object(Closure))
#23 /Applications/AMPPS/www/farah_accounting/vendor/laravel/lumen-framework/src/Concerns/RoutesRequests.php(172): Laravel\Lumen\Application->sendThroughPipeline(Array, Object(Closure))
#24 /Applications/AMPPS/www/farah_accounting/vendor/laravel/lumen-framework/src/Concerns/RoutesRequests.php(109): Laravel\Lumen\Application->dispatch(NULL)
#25 /Applications/AMPPS/www/farah_accounting/public/index.php(28): Laravel\Lumen\Application->run()
#26 {main} {"exception":"[object] (ErrorException(code: 0): Call to undefined function public_path() (View: /Applications/AMPPS/www/farah_accounting/resources/views/laporan.blade.php) at /Applications/AMPPS/www/farah_accounting/storage/framework/views/4df332e130bdd40406e1286fb16fd6a34e4eddd3.php:9)
[stacktrace]
#0 /Applications/AMPPS/www/farah_accounting/vendor/illuminate/view/Engines/PhpEngine.php(43): Illuminate\\View\\Engines\\CompilerEngine->handleViewException(Object(Error), 1)
#1 /Applications/AMPPS/www/farah_accounting/vendor/illuminate/view/Engines/CompilerEngine.php(57): Illuminate\\View\\Engines\\PhpEngine->evaluatePath('/Applications/A...', Array)
#2 /Applications/AMPPS/www/farah_accounting/vendor/illuminate/view/View.php(139): Illuminate\\View\\Engines\\CompilerEngine->get('/Applications/A...', Array)
#3 /Applications/AMPPS/www/farah_accounting/vendor/illuminate/view/View.php(122): Illuminate\\View\\View->getContents()
#4 /Applications/AMPPS/www/farah_accounting/vendor/illuminate/view/View.php(91): Illuminate\\View\\View->renderContents()
#5 /Applications/AMPPS/www/farah_accounting/vendor/illuminate/http/Response.php(62): Illuminate\\View\\View->render()
#6 /Applications/AMPPS/www/farah_accounting/vendor/illuminate/http/Response.php(34): Illuminate\\Http\\Response->setContent(Object(Illuminate\\View\\View))
#7 /Applications/AMPPS/www/farah_accounting/vendor/laravel/lumen-framework/src/Concerns/RoutesRequests.php(446): Illuminate\\Http\\Response->__construct(Object(Illuminate\\View\\View))
#8 /Applications/AMPPS/www/farah_accounting/vendor/laravel/lumen-framework/src/Concerns/RoutesRequests.php(386): Laravel\\Lumen\\Application->prepareResponse(Object(Illuminate\\View\\View))
#9 /Applications/AMPPS/www/farah_accounting/vendor/laravel/lumen-framework/src/Concerns/RoutesRequests.php(352): Laravel\\Lumen\\Application->callControllerCallable(Array, Array)
#10 /Applications/AMPPS/www/farah_accounting/vendor/laravel/lumen-framework/src/Concerns/RoutesRequests.php(326): Laravel\\Lumen\\Application->callLumenController(Object(App\\Http\\Controllers\\Controller), 'laporan_keuanga...', Array)
#11 /Applications/AMPPS/www/farah_accounting/vendor/laravel/lumen-framework/src/Concerns/RoutesRequests.php(279): Laravel\\Lumen\\Application->callControllerAction(Array)
#12 /Applications/AMPPS/www/farah_accounting/vendor/laravel/lumen-framework/src/Concerns/RoutesRequests.php(264): Laravel\\Lumen\\Application->callActionOnArrayBasedRoute(Array)
#13 /Applications/AMPPS/www/farah_accounting/vendor/laravel/lumen-framework/src/Concerns/RoutesRequests.php(234): Laravel\\Lumen\\Application->handleFoundRoute(Array)
#14 /Applications/AMPPS/www/farah_accounting/vendor/laravel/lumen-framework/src/Concerns/RoutesRequests.php(170): Laravel\\Lumen\\Application->handleDispatcherResponse(Array)
#15 [internal function]: Laravel\\Lumen\\Application->Laravel\\Lumen\\Concerns\\{closure}(Object(Laravel\\Lumen\\Http\\Request))
#16 /Applications/AMPPS/www/farah_accounting/vendor/laravel/lumen-framework/src/Routing/Pipeline.php(48): call_user_func(Object(Closure), Object(Laravel\\Lumen\\Http\\Request))
#17 /Applications/AMPPS/www/farah_accounting/app/Http/Middleware/CorsMiddleware.php(39): Laravel\\Lumen\\Routing\\Pipeline->Laravel\\Lumen\\Routing\\{closure}(Object(Laravel\\Lumen\\Http\\Request))
#18 /Applications/AMPPS/www/farah_accounting/vendor/illuminate/pipeline/Pipeline.php(167): App\\Http\\Middleware\\CorsMiddleware->handle(Object(Laravel\\Lumen\\Http\\Request), Object(Closure))
#19 [internal function]: Illuminate\\Pipeline\\Pipeline->Illuminate\\Pipeline\\{closure}(Object(Laravel\\Lumen\\Http\\Request))
#20 /Applications/AMPPS/www/farah_accounting/vendor/laravel/lumen-framework/src/Routing/Pipeline.php(30): call_user_func(Object(Closure), Object(Laravel\\Lumen\\Http\\Request))
#21 /Applications/AMPPS/www/farah_accounting/vendor/illuminate/pipeline/Pipeline.php(103): Laravel\\Lumen\\Routing\\Pipeline->Laravel\\Lumen\\Routing\\{closure}(Object(Laravel\\Lumen\\Http\\Request))
#22 /Applications/AMPPS/www/farah_accounting/vendor/laravel/lumen-framework/src/Concerns/RoutesRequests.php(423): Illuminate\\Pipeline\\Pipeline->then(Object(Closure))
#23 /Applications/AMPPS/www/farah_accounting/vendor/laravel/lumen-framework/src/Concerns/RoutesRequests.php(172): Laravel\\Lumen\\Application->sendThroughPipeline(Array, Object(Closure))
#24 /Applications/AMPPS/www/farah_accounting/vendor/laravel/lumen-framework/src/Concerns/RoutesRequests.php(109): Laravel\\Lumen\\Application->dispatch(NULL)
#25 /Applications/AMPPS/www/farah_accounting/public/index.php(28): Laravel\\Lumen\\Application->run()
#26 {main}

[previous exception] [object] (Error(code: 0): Call to undefined function public_path() at /Applications/AMPPS/www/farah_accounting/storage/framework/views/4df332e130bdd40406e1286fb16fd6a34e4eddd3.php:9)
[stacktrace]
#0 /Applications/AMPPS/www/farah_accounting/vendor/illuminate/view/Engines/PhpEngine.php(41): include()
#1 /Applications/AMPPS/www/farah_accounting/vendor/illuminate/view/Engines/CompilerEngine.php(57): Illuminate\\View\\Engines\\PhpEngine->evaluatePath('/Applications/A...', Array)
#2 /Applications/AMPPS/www/farah_accounting/vendor/illuminate/view/View.php(139): Illuminate\\View\\Engines\\CompilerEngine->get('/Applications/A...', Array)
#3 /Applications/AMPPS/www/farah_accounting/vendor/illuminate/view/View.php(122): Illuminate\\View\\View->getContents()
#4 /Applications/AMPPS/www/farah_accounting/vendor/illuminate/view/View.php(91): Illuminate\\View\\View->renderContents()
#5 /Applications/AMPPS/www/farah_accounting/vendor/illuminate/http/Response.php(62): Illuminate\\View\\View->render()
#6 /Applications/AMPPS/www/farah_accounting/vendor/illuminate/http/Response.php(34): Illuminate\\Http\\Response->setContent(Object(Illuminate\\View\\View))
#7 /Applications/AMPPS/www/farah_accounting/vendor/laravel/lumen-framework/src/Concerns/RoutesRequests.php(446): Illuminate\\Http\\Response->__construct(Object(Illuminate\\View\\View))
#8 /Applications/AMPPS/www/farah_accounting/vendor/laravel/lumen-framework/src/Concerns/RoutesRequests.php(386): Laravel\\Lumen\\Application->prepareResponse(Object(Illuminate\\View\\View))
#9 /Applications/AMPPS/www/farah_accounting/vendor/laravel/lumen-framework/src/Concerns/RoutesRequests.php(352): Laravel\\Lumen\\Application->callControllerCallable(Array, Array)
#10 /Applications/AMPPS/www/farah_accounting/vendor/laravel/lumen-framework/src/Concerns/RoutesRequests.php(326): Laravel\\Lumen\\Application->callLumenController(Object(App\\Http\\Controllers\\Controller), 'laporan_keuanga...', Array)
#11 /Applications/AMPPS/www/farah_accounting/vendor/laravel/lumen-framework/src/Concerns/RoutesRequests.php(279): Laravel\\Lumen\\Application->callControllerAction(Array)
#12 /Applications/AMPPS/www/farah_accounting/vendor/laravel/lumen-framework/src/Concerns/RoutesRequests.php(264): Laravel\\Lumen\\Application->callActionOnArrayBasedRoute(Array)
#13 /Applications/AMPPS/www/farah_accounting/vendor/laravel/lumen-framework/src/Concerns/RoutesRequests.php(234): Laravel\\Lumen\\Application->handleFoundRoute(Array)
#14 /Applications/AMPPS/www/farah_accounting/vendor/laravel/lumen-framework/src/Concerns/RoutesRequests.php(170): Laravel\\Lumen\\Application->handleDispatcherResponse(Array)
#15 [internal function]: Laravel\\Lumen\\Application->Laravel\\Lumen\\Concerns\\{closure}(Object(Laravel\\Lumen\\Http\\Request))
#16 /Applications/AMPPS/www/farah_accounting/vendor/laravel/lumen-framework/src/Routing/Pipeline.php(48): call_user_func(Object(Closure), Object(Laravel\\Lumen\\Http\\Request))
#17 /Applications/AMPPS/www/farah_accounting/app/Http/Middleware/CorsMiddleware.php(39): Laravel\\Lumen\\Routing\\Pipeline->Laravel\\Lumen\\Routing\\{closure}(Object(Laravel\\Lumen\\Http\\Request))
#18 /Applications/AMPPS/www/farah_accounting/vendor/illuminate/pipeline/Pipeline.php(167): App\\Http\\Middleware\\CorsMiddleware->handle(Object(Laravel\\Lumen\\Http\\Request), Object(Closure))
#19 [internal function]: Illuminate\\Pipeline\\Pipeline->Illuminate\\Pipeline\\{closure}(Object(Laravel\\Lumen\\Http\\Request))
#20 /Applications/AMPPS/www/farah_accounting/vendor/laravel/lumen-framework/src/Routing/Pipeline.php(30): call_user_func(Object(Closure), Object(Laravel\\Lumen\\Http\\Request))
#21 /Applications/AMPPS/www/farah_accounting/vendor/illuminate/pipeline/Pipeline.php(103): Laravel\\Lumen\\Routing\\Pipeline->Laravel\\Lumen\\Routing\\{closure}(Object(Laravel\\Lumen\\Http\\Request))
#22 /Applications/AMPPS/www/farah_accounting/vendor/laravel/lumen-framework/src/Concerns/RoutesRequests.php(423): Illuminate\\Pipeline\\Pipeline->then(Object(Closure))
#23 /Applications/AMPPS/www/farah_accounting/vendor/laravel/lumen-framework/src/Concerns/RoutesRequests.php(172): Laravel\\Lumen\\Application->sendThroughPipeline(Array, Object(Closure))
#24 /Applications/AMPPS/www/farah_accounting/vendor/laravel/lumen-framework/src/Concerns/RoutesRequests.php(109): Laravel\\Lumen\\Application->dispatch(NULL)
#25 /Applications/AMPPS/www/farah_accounting/public/index.php(28): Laravel\\Lumen\\Application->run()
#26 {main}
"} 
