[2020-11-29 14:50:34] local.ERROR: ErrorException: Use of undefined constant nulll - assumed 'nulll' (this will throw an Error in a future version of PHP) in /Applications/AMPPS/www/farah_accounting/app/Http/Controllers/ProductController.php:139
Stack trace:
#0 /Applications/AMPPS/www/farah_accounting/app/Http/Controllers/ProductController.php(139): Laravel\Lumen\Application->Laravel\Lumen\Concerns\{closure}(2, 'Use of undefine...', '/Applications/A...', 139, Array)
#1 /Applications/AMPPS/www/farah_accounting/app/Http/Controllers/ProductController.php(63): App\Http\Controllers\ProductController->isItNotValid(Object(Laravel\Lumen\Http\Request), 'image')
#2 [internal function]: App\Http\Controllers\ProductController->Store(Object(Laravel\Lumen\Http\Request))
#3 /Applications/AMPPS/www/farah_accounting/vendor/illuminate/container/BoundMethod.php(37): call_user_func_array(Array, Array)
#4 /Applications/AMPPS/www/farah_accounting/vendor/illuminate/container/Util.php(37): Illuminate\Container\BoundMethod::Illuminate\Container\{closure}()
#5 /Applications/AMPPS/www/farah_accounting/vendor/illuminate/container/BoundMethod.php(95): Illuminate\Container\Util::unwrapIfClosure(Object(Closure))
#6 /Applications/AMPPS/www/farah_accounting/vendor/illuminate/container/BoundMethod.php(39): Illuminate\Container\BoundMethod::callBoundMethod(Object(Laravel\Lumen\Application), Array, Object(Closure))
#7 /Applications/AMPPS/www/farah_accounting/vendor/illuminate/container/Container.php(596): Illuminate\Container\BoundMethod::call(Object(Laravel\Lumen\Application), Array, Array, NULL)
#8 /Applications/AMPPS/www/farah_accounting/vendor/laravel/lumen-framework/src/Concerns/RoutesRequests.php(386): Illuminate\Container\Container->call(Array, Array)
#9 /Applications/AMPPS/www/farah_accounting/vendor/laravel/lumen-framework/src/Concerns/RoutesRequests.php(352): Laravel\Lumen\Application->callControllerCallable(Array, Array)
#10 /Applications/AMPPS/www/farah_accounting/vendor/laravel/lumen-framework/src/Concerns/RoutesRequests.php(326): Laravel\Lumen\Application->callLumenController(Object(App\Http\Controllers\ProductController), 'Store', Array)
#11 /Applications/AMPPS/www/farah_accounting/vendor/laravel/lumen-framework/src/Concerns/RoutesRequests.php(279): Laravel\Lumen\Application->callControllerAction(Array)
#12 /Applications/AMPPS/www/farah_accounting/vendor/laravel/lumen-framework/src/Concerns/RoutesRequests.php(264): Laravel\Lumen\Application->callActionOnArrayBasedRoute(Array)
#13 /Applications/AMPPS/www/farah_accounting/vendor/laravel/lumen-framework/src/Concerns/RoutesRequests.php(166): Laravel\Lumen\Application->handleFoundRoute(Array)
#14 [internal function]: Laravel\Lumen\Application->Laravel\Lumen\Concerns\{closure}(Object(Laravel\Lumen\Http\Request))
#15 /Applications/AMPPS/www/farah_accounting/vendor/laravel/lumen-framework/src/Routing/Pipeline.php(48): call_user_func(Object(Closure), Object(Laravel\Lumen\Http\Request))
#16 /Applications/AMPPS/www/farah_accounting/app/Http/Middleware/CorsMiddleware.php(39): Laravel\Lumen\Routing\Pipeline->Laravel\Lumen\Routing\{closure}(Object(Laravel\Lumen\Http\Request))
#17 /Applications/AMPPS/www/farah_accounting/vendor/illuminate/pipeline/Pipeline.php(167): App\Http\Middleware\CorsMiddleware->handle(Object(Laravel\Lumen\Http\Request), Object(Closure))
#18 [internal function]: Illuminate\Pipeline\Pipeline->Illuminate\Pipeline\{closure}(Object(Laravel\Lumen\Http\Request))
#19 /Applications/AMPPS/www/farah_accounting/vendor/laravel/lumen-framework/src/Routing/Pipeline.php(30): call_user_func(Object(Closure), Object(Laravel\Lumen\Http\Request))
#20 /Applications/AMPPS/www/farah_accounting/vendor/illuminate/pipeline/Pipeline.php(103): Laravel\Lumen\Routing\Pipeline->Laravel\Lumen\Routing\{closure}(Object(Laravel\Lumen\Http\Request))
#21 /Applications/AMPPS/www/farah_accounting/vendor/laravel/lumen-framework/src/Concerns/RoutesRequests.php(423): Illuminate\Pipeline\Pipeline->then(Object(Closure))
#22 /Applications/AMPPS/www/farah_accounting/vendor/laravel/lumen-framework/src/Concerns/RoutesRequests.php(172): Laravel\Lumen\Application->sendThroughPipeline(Array, Object(Closure))
#23 /Applications/AMPPS/www/farah_accounting/vendor/laravel/lumen-framework/src/Concerns/RoutesRequests.php(109): Laravel\Lumen\Application->dispatch(NULL)
#24 /Applications/AMPPS/www/farah_accounting/public/index.php(28): Laravel\Lumen\Application->run()
#25 {main} {"exception":"[object] (ErrorException(code: 0): Use of undefined constant nulll - assumed 'nulll' (this will throw an Error in a future version of PHP) at /Applications/AMPPS/www/farah_accounting/app/Http/Controllers/ProductController.php:139)
[stacktrace]
#0 /Applications/AMPPS/www/farah_accounting/app/Http/Controllers/ProductController.php(139): Laravel\\Lumen\\Application->Laravel\\Lumen\\Concerns\\{closure}(2, 'Use of undefine...', '/Applications/A...', 139, Array)
#1 /Applications/AMPPS/www/farah_accounting/app/Http/Controllers/ProductController.php(63): App\\Http\\Controllers\\ProductController->isItNotValid(Object(Laravel\\Lumen\\Http\\Request), 'image')
#2 [internal function]: App\\Http\\Controllers\\ProductController->Store(Object(Laravel\\Lumen\\Http\\Request))
#3 /Applications/AMPPS/www/farah_accounting/vendor/illuminate/container/BoundMethod.php(37): call_user_func_array(Array, Array)
#4 /Applications/AMPPS/www/farah_accounting/vendor/illuminate/container/Util.php(37): Illuminate\\Container\\BoundMethod::Illuminate\\Container\\{closure}()
#5 /Applications/AMPPS/www/farah_accounting/vendor/illuminate/container/BoundMethod.php(95): Illuminate\\Container\\Util::unwrapIfClosure(Object(Closure))
#6 /Applications/AMPPS/www/farah_accounting/vendor/illuminate/container/BoundMethod.php(39): Illuminate\\Container\\BoundMethod::callBoundMethod(Object(Laravel\\Lumen\\Application), Array, Object(Closure))
#7 /Applications/AMPPS/www/farah_accounting/vendor/illuminate/container/Container.php(596): Illuminate\\Container\\BoundMethod::call(Object(Laravel\\Lumen\\Application), Array, Array, NULL)
#8 /Applications/AMPPS/www/farah_accounting/vendor/laravel/lumen-framework/src/Concerns/RoutesRequests.php(386): Illuminate\\Container\\Container->call(Array, Array)
#9 /Applications/AMPPS/www/farah_accounting/vendor/laravel/lumen-framework/src/Concerns/RoutesRequests.php(352): Laravel\\Lumen\\Application->callControllerCallable(Array, Array)
#10 /Applications/AMPPS/www/farah_accounting/vendor/laravel/lumen-framework/src/Concerns/RoutesRequests.php(326): Laravel\\Lumen\\Application->callLumenController(Object(App\\Http\\Controllers\\ProductController), 'Store', Array)
#11 /Applications/AMPPS/www/farah_accounting/vendor/laravel/lumen-framework/src/Concerns/RoutesRequests.php(279): Laravel\\Lumen\\Application->callControllerAction(Array)
#12 /Applications/AMPPS/www/farah_accounting/vendor/laravel/lumen-framework/src/Concerns/RoutesRequests.php(264): Laravel\\Lumen\\Application->callActionOnArrayBasedRoute(Array)
#13 /Applications/AMPPS/www/farah_accounting/vendor/laravel/lumen-framework/src/Concerns/RoutesRequests.php(166): Laravel\\Lumen\\Application->handleFoundRoute(Array)
#14 [internal function]: Laravel\\Lumen\\Application->Laravel\\Lumen\\Concerns\\{closure}(Object(Laravel\\Lumen\\Http\\Request))
#15 /Applications/AMPPS/www/farah_accounting/vendor/laravel/lumen-framework/src/Routing/Pipeline.php(48): call_user_func(Object(Closure), Object(Laravel\\Lumen\\Http\\Request))
#16 /Applications/AMPPS/www/farah_accounting/app/Http/Middleware/CorsMiddleware.php(39): Laravel\\Lumen\\Routing\\Pipeline->Laravel\\Lumen\\Routing\\{closure}(Object(Laravel\\Lumen\\Http\\Request))
#17 /Applications/AMPPS/www/farah_accounting/vendor/illuminate/pipeline/Pipeline.php(167): App\\Http\\Middleware\\CorsMiddleware->handle(Object(Laravel\\Lumen\\Http\\Request), Object(Closure))
#18 [internal function]: Illuminate\\Pipeline\\Pipeline->Illuminate\\Pipeline\\{closure}(Object(Laravel\\Lumen\\Http\\Request))
#19 /Applications/AMPPS/www/farah_accounting/vendor/laravel/lumen-framework/src/Routing/Pipeline.php(30): call_user_func(Object(Closure), Object(Laravel\\Lumen\\Http\\Request))
#20 /Applications/AMPPS/www/farah_accounting/vendor/illuminate/pipeline/Pipeline.php(103): Laravel\\Lumen\\Routing\\Pipeline->Laravel\\Lumen\\Routing\\{closure}(Object(Laravel\\Lumen\\Http\\Request))
#21 /Applications/AMPPS/www/farah_accounting/vendor/laravel/lumen-framework/src/Concerns/RoutesRequests.php(423): Illuminate\\Pipeline\\Pipeline->then(Object(Closure))
#22 /Applications/AMPPS/www/farah_accounting/vendor/laravel/lumen-framework/src/Concerns/RoutesRequests.php(172): Laravel\\Lumen\\Application->sendThroughPipeline(Array, Object(Closure))
#23 /Applications/AMPPS/www/farah_accounting/vendor/laravel/lumen-framework/src/Concerns/RoutesRequests.php(109): Laravel\\Lumen\\Application->dispatch(NULL)
#24 /Applications/AMPPS/www/farah_accounting/public/index.php(28): Laravel\\Lumen\\Application->run()
#25 {main}
"} 
[2020-11-29 14:51:57] local.ERROR: ErrorException: Use of undefined constant nulll - assumed 'nulll' (this will throw an Error in a future version of PHP) in /Applications/AMPPS/www/farah_accounting/app/Http/Controllers/ProductController.php:139
Stack trace:
#0 /Applications/AMPPS/www/farah_accounting/app/Http/Controllers/ProductController.php(139): Laravel\Lumen\Application->Laravel\Lumen\Concerns\{closure}(2, 'Use of undefine...', '/Applications/A...', 139, Array)
#1 /Applications/AMPPS/www/farah_accounting/app/Http/Controllers/ProductController.php(63): App\Http\Controllers\ProductController->isItNotValid(Object(Laravel\Lumen\Http\Request), 'image')
#2 [internal function]: App\Http\Controllers\ProductController->Store(Object(Laravel\Lumen\Http\Request))
#3 /Applications/AMPPS/www/farah_accounting/vendor/illuminate/container/BoundMethod.php(37): call_user_func_array(Array, Array)
#4 /Applications/AMPPS/www/farah_accounting/vendor/illuminate/container/Util.php(37): Illuminate\Container\BoundMethod::Illuminate\Container\{closure}()
#5 /Applications/AMPPS/www/farah_accounting/vendor/illuminate/container/BoundMethod.php(95): Illuminate\Container\Util::unwrapIfClosure(Object(Closure))
#6 /Applications/AMPPS/www/farah_accounting/vendor/illuminate/container/BoundMethod.php(39): Illuminate\Container\BoundMethod::callBoundMethod(Object(Laravel\Lumen\Application), Array, Object(Closure))
#7 /Applications/AMPPS/www/farah_accounting/vendor/illuminate/container/Container.php(596): Illuminate\Container\BoundMethod::call(Object(Laravel\Lumen\Application), Array, Array, NULL)
#8 /Applications/AMPPS/www/farah_accounting/vendor/laravel/lumen-framework/src/Concerns/RoutesRequests.php(386): Illuminate\Container\Container->call(Array, Array)
#9 /Applications/AMPPS/www/farah_accounting/vendor/laravel/lumen-framework/src/Concerns/RoutesRequests.php(352): Laravel\Lumen\Application->callControllerCallable(Array, Array)
#10 /Applications/AMPPS/www/farah_accounting/vendor/laravel/lumen-framework/src/Concerns/RoutesRequests.php(326): Laravel\Lumen\Application->callLumenController(Object(App\Http\Controllers\ProductController), 'Store', Array)
#11 /Applications/AMPPS/www/farah_accounting/vendor/laravel/lumen-framework/src/Concerns/RoutesRequests.php(279): Laravel\Lumen\Application->callControllerAction(Array)
#12 /Applications/AMPPS/www/farah_accounting/vendor/laravel/lumen-framework/src/Concerns/RoutesRequests.php(264): Laravel\Lumen\Application->callActionOnArrayBasedRoute(Array)
#13 /Applications/AMPPS/www/farah_accounting/vendor/laravel/lumen-framework/src/Concerns/RoutesRequests.php(166): Laravel\Lumen\Application->handleFoundRoute(Array)
#14 [internal function]: Laravel\Lumen\Application->Laravel\Lumen\Concerns\{closure}(Object(Laravel\Lumen\Http\Request))
#15 /Applications/AMPPS/www/farah_accounting/vendor/laravel/lumen-framework/src/Routing/Pipeline.php(48): call_user_func(Object(Closure), Object(Laravel\Lumen\Http\Request))
#16 /Applications/AMPPS/www/farah_accounting/app/Http/Middleware/CorsMiddleware.php(39): Laravel\Lumen\Routing\Pipeline->Laravel\Lumen\Routing\{closure}(Object(Laravel\Lumen\Http\Request))
#17 /Applications/AMPPS/www/farah_accounting/vendor/illuminate/pipeline/Pipeline.php(167): App\Http\Middleware\CorsMiddleware->handle(Object(Laravel\Lumen\Http\Request), Object(Closure))
#18 [internal function]: Illuminate\Pipeline\Pipeline->Illuminate\Pipeline\{closure}(Object(Laravel\Lumen\Http\Request))
#19 /Applications/AMPPS/www/farah_accounting/vendor/laravel/lumen-framework/src/Routing/Pipeline.php(30): call_user_func(Object(Closure), Object(Laravel\Lumen\Http\Request))
#20 /Applications/AMPPS/www/farah_accounting/vendor/illuminate/pipeline/Pipeline.php(103): Laravel\Lumen\Routing\Pipeline->Laravel\Lumen\Routing\{closure}(Object(Laravel\Lumen\Http\Request))
#21 /Applications/AMPPS/www/farah_accounting/vendor/laravel/lumen-framework/src/Concerns/RoutesRequests.php(423): Illuminate\Pipeline\Pipeline->then(Object(Closure))
#22 /Applications/AMPPS/www/farah_accounting/vendor/laravel/lumen-framework/src/Concerns/RoutesRequests.php(172): Laravel\Lumen\Application->sendThroughPipeline(Array, Object(Closure))
#23 /Applications/AMPPS/www/farah_accounting/vendor/laravel/lumen-framework/src/Concerns/RoutesRequests.php(109): Laravel\Lumen\Application->dispatch(NULL)
#24 /Applications/AMPPS/www/farah_accounting/public/index.php(28): Laravel\Lumen\Application->run()
#25 {main} {"exception":"[object] (ErrorException(code: 0): Use of undefined constant nulll - assumed 'nulll' (this will throw an Error in a future version of PHP) at /Applications/AMPPS/www/farah_accounting/app/Http/Controllers/ProductController.php:139)
[stacktrace]
#0 /Applications/AMPPS/www/farah_accounting/app/Http/Controllers/ProductController.php(139): Laravel\\Lumen\\Application->Laravel\\Lumen\\Concerns\\{closure}(2, 'Use of undefine...', '/Applications/A...', 139, Array)
#1 /Applications/AMPPS/www/farah_accounting/app/Http/Controllers/ProductController.php(63): App\\Http\\Controllers\\ProductController->isItNotValid(Object(Laravel\\Lumen\\Http\\Request), 'image')
#2 [internal function]: App\\Http\\Controllers\\ProductController->Store(Object(Laravel\\Lumen\\Http\\Request))
#3 /Applications/AMPPS/www/farah_accounting/vendor/illuminate/container/BoundMethod.php(37): call_user_func_array(Array, Array)
#4 /Applications/AMPPS/www/farah_accounting/vendor/illuminate/container/Util.php(37): Illuminate\\Container\\BoundMethod::Illuminate\\Container\\{closure}()
#5 /Applications/AMPPS/www/farah_accounting/vendor/illuminate/container/BoundMethod.php(95): Illuminate\\Container\\Util::unwrapIfClosure(Object(Closure))
#6 /Applications/AMPPS/www/farah_accounting/vendor/illuminate/container/BoundMethod.php(39): Illuminate\\Container\\BoundMethod::callBoundMethod(Object(Laravel\\Lumen\\Application), Array, Object(Closure))
#7 /Applications/AMPPS/www/farah_accounting/vendor/illuminate/container/Container.php(596): Illuminate\\Container\\BoundMethod::call(Object(Laravel\\Lumen\\Application), Array, Array, NULL)
#8 /Applications/AMPPS/www/farah_accounting/vendor/laravel/lumen-framework/src/Concerns/RoutesRequests.php(386): Illuminate\\Container\\Container->call(Array, Array)
#9 /Applications/AMPPS/www/farah_accounting/vendor/laravel/lumen-framework/src/Concerns/RoutesRequests.php(352): Laravel\\Lumen\\Application->callControllerCallable(Array, Array)
#10 /Applications/AMPPS/www/farah_accounting/vendor/laravel/lumen-framework/src/Concerns/RoutesRequests.php(326): Laravel\\Lumen\\Application->callLumenController(Object(App\\Http\\Controllers\\ProductController), 'Store', Array)
#11 /Applications/AMPPS/www/farah_accounting/vendor/laravel/lumen-framework/src/Concerns/RoutesRequests.php(279): Laravel\\Lumen\\Application->callControllerAction(Array)
#12 /Applications/AMPPS/www/farah_accounting/vendor/laravel/lumen-framework/src/Concerns/RoutesRequests.php(264): Laravel\\Lumen\\Application->callActionOnArrayBasedRoute(Array)
#13 /Applications/AMPPS/www/farah_accounting/vendor/laravel/lumen-framework/src/Concerns/RoutesRequests.php(166): Laravel\\Lumen\\Application->handleFoundRoute(Array)
#14 [internal function]: Laravel\\Lumen\\Application->Laravel\\Lumen\\Concerns\\{closure}(Object(Laravel\\Lumen\\Http\\Request))
#15 /Applications/AMPPS/www/farah_accounting/vendor/laravel/lumen-framework/src/Routing/Pipeline.php(48): call_user_func(Object(Closure), Object(Laravel\\Lumen\\Http\\Request))
#16 /Applications/AMPPS/www/farah_accounting/app/Http/Middleware/CorsMiddleware.php(39): Laravel\\Lumen\\Routing\\Pipeline->Laravel\\Lumen\\Routing\\{closure}(Object(Laravel\\Lumen\\Http\\Request))
#17 /Applications/AMPPS/www/farah_accounting/vendor/illuminate/pipeline/Pipeline.php(167): App\\Http\\Middleware\\CorsMiddleware->handle(Object(Laravel\\Lumen\\Http\\Request), Object(Closure))
#18 [internal function]: Illuminate\\Pipeline\\Pipeline->Illuminate\\Pipeline\\{closure}(Object(Laravel\\Lumen\\Http\\Request))
#19 /Applications/AMPPS/www/farah_accounting/vendor/laravel/lumen-framework/src/Routing/Pipeline.php(30): call_user_func(Object(Closure), Object(Laravel\\Lumen\\Http\\Request))
#20 /Applications/AMPPS/www/farah_accounting/vendor/illuminate/pipeline/Pipeline.php(103): Laravel\\Lumen\\Routing\\Pipeline->Laravel\\Lumen\\Routing\\{closure}(Object(Laravel\\Lumen\\Http\\Request))
#21 /Applications/AMPPS/www/farah_accounting/vendor/laravel/lumen-framework/src/Concerns/RoutesRequests.php(423): Illuminate\\Pipeline\\Pipeline->then(Object(Closure))
#22 /Applications/AMPPS/www/farah_accounting/vendor/laravel/lumen-framework/src/Concerns/RoutesRequests.php(172): Laravel\\Lumen\\Application->sendThroughPipeline(Array, Object(Closure))
#23 /Applications/AMPPS/www/farah_accounting/vendor/laravel/lumen-framework/src/Concerns/RoutesRequests.php(109): Laravel\\Lumen\\Application->dispatch(NULL)
#24 /Applications/AMPPS/www/farah_accounting/public/index.php(28): Laravel\\Lumen\\Application->run()
#25 {main}
"} 
