[2020-11-26 06:29:13] local.ERROR: PDOException: SQLSTATE[42S22]: Column not found: 1054 Unknown column 'debit' in 'field list' in /Applications/AMPPS/www/farah_accounting/vendor/illuminate/database/Connection.php:331
Stack trace:
#0 /Applications/AMPPS/www/farah_accounting/vendor/illuminate/database/Connection.php(331): PDO->prepare('select sum(`deb...')
#1 /Applications/AMPPS/www/farah_accounting/vendor/illuminate/database/Connection.php(664): Illuminate\Database\Connection->Illuminate\Database\{closure}('select sum(`deb...', Array)
#2 /Applications/AMPPS/www/farah_accounting/vendor/illuminate/database/Connection.php(631): Illuminate\Database\Connection->runQueryCallback('select sum(`deb...', Array, Object(Closure))
#3 /Applications/AMPPS/www/farah_accounting/vendor/illuminate/database/Connection.php(339): Illuminate\Database\Connection->run('select sum(`deb...', Array, Object(Closure))
#4 /Applications/AMPPS/www/farah_accounting/vendor/illuminate/database/Query/Builder.php(2260): Illuminate\Database\Connection->select('select sum(`deb...', Array, true)
#5 /Applications/AMPPS/www/farah_accounting/vendor/illuminate/database/Query/Builder.php(2248): Illuminate\Database\Query\Builder->runSelect()
#6 /Applications/AMPPS/www/farah_accounting/vendor/illuminate/database/Query/Builder.php(2743): Illuminate\Database\Query\Builder->Illuminate\Database\Query\{closure}()
#7 /Applications/AMPPS/www/farah_accounting/vendor/illuminate/database/Query/Builder.php(2249): Illuminate\Database\Query\Builder->onceWithColumns(Array, Object(Closure))
#8 /Applications/AMPPS/www/farah_accounting/vendor/illuminate/database/Query/Builder.php(2670): Illuminate\Database\Query\Builder->get(Array)
#9 /Applications/AMPPS/www/farah_accounting/vendor/illuminate/database/Query/Builder.php(2631): Illuminate\Database\Query\Builder->aggregate('sum', Array)
#10 /Applications/AMPPS/www/farah_accounting/vendor/illuminate/database/Eloquent/Builder.php(1403): Illuminate\Database\Query\Builder->sum('debit')
#11 /Applications/AMPPS/www/farah_accounting/app/Http/Controllers/AccountController.php(98): Illuminate\Database\Eloquent\Builder->__call('sum', Array)
#12 [internal function]: App\Http\Controllers\AccountController->report(Object(Laravel\Lumen\Http\Request))
#13 /Applications/AMPPS/www/farah_accounting/vendor/illuminate/container/BoundMethod.php(37): call_user_func_array(Array, Array)
#14 /Applications/AMPPS/www/farah_accounting/vendor/illuminate/container/Util.php(37): Illuminate\Container\BoundMethod::Illuminate\Container\{closure}()
#15 /Applications/AMPPS/www/farah_accounting/vendor/illuminate/container/BoundMethod.php(95): Illuminate\Container\Util::unwrapIfClosure(Object(Closure))
#16 /Applications/AMPPS/www/farah_accounting/vendor/illuminate/container/BoundMethod.php(39): Illuminate\Container\BoundMethod::callBoundMethod(Object(Laravel\Lumen\Application), Array, Object(Closure))
#17 /Applications/AMPPS/www/farah_accounting/vendor/illuminate/container/Container.php(596): Illuminate\Container\BoundMethod::call(Object(Laravel\Lumen\Application), Array, Array, NULL)
#18 /Applications/AMPPS/www/farah_accounting/vendor/laravel/lumen-framework/src/Concerns/RoutesRequests.php(386): Illuminate\Container\Container->call(Array, Array)
#19 /Applications/AMPPS/www/farah_accounting/vendor/laravel/lumen-framework/src/Concerns/RoutesRequests.php(352): Laravel\Lumen\Application->callControllerCallable(Array, Array)
#20 /Applications/AMPPS/www/farah_accounting/vendor/laravel/lumen-framework/src/Concerns/RoutesRequests.php(326): Laravel\Lumen\Application->callLumenController(Object(App\Http\Controllers\AccountController), 'report', Array)
#21 /Applications/AMPPS/www/farah_accounting/vendor/laravel/lumen-framework/src/Concerns/RoutesRequests.php(279): Laravel\Lumen\Application->callControllerAction(Array)
#22 /Applications/AMPPS/www/farah_accounting/vendor/laravel/lumen-framework/src/Concerns/RoutesRequests.php(264): Laravel\Lumen\Application->callActionOnArrayBasedRoute(Array)
#23 /Applications/AMPPS/www/farah_accounting/vendor/laravel/lumen-framework/src/Concerns/RoutesRequests.php(166): Laravel\Lumen\Application->handleFoundRoute(Array)
#24 [internal function]: Laravel\Lumen\Application->Laravel\Lumen\Concerns\{closure}(Object(Laravel\Lumen\Http\Request))
#25 /Applications/AMPPS/www/farah_accounting/vendor/laravel/lumen-framework/src/Routing/Pipeline.php(48): call_user_func(Object(Closure), Object(Laravel\Lumen\Http\Request))
#26 /Applications/AMPPS/www/farah_accounting/app/Http/Middleware/CorsMiddleware.php(39): Laravel\Lumen\Routing\Pipeline->Laravel\Lumen\Routing\{closure}(Object(Laravel\Lumen\Http\Request))
#27 /Applications/AMPPS/www/farah_accounting/vendor/illuminate/pipeline/Pipeline.php(167): App\Http\Middleware\CorsMiddleware->handle(Object(Laravel\Lumen\Http\Request), Object(Closure))
#28 [internal function]: Illuminate\Pipeline\Pipeline->Illuminate\Pipeline\{closure}(Object(Laravel\Lumen\Http\Request))
#29 /Applications/AMPPS/www/farah_accounting/vendor/laravel/lumen-framework/src/Routing/Pipeline.php(30): call_user_func(Object(Closure), Object(Laravel\Lumen\Http\Request))
#30 /Applications/AMPPS/www/farah_accounting/vendor/illuminate/pipeline/Pipeline.php(103): Laravel\Lumen\Routing\Pipeline->Laravel\Lumen\Routing\{closure}(Object(Laravel\Lumen\Http\Request))
#31 /Applications/AMPPS/www/farah_accounting/vendor/laravel/lumen-framework/src/Concerns/RoutesRequests.php(423): Illuminate\Pipeline\Pipeline->then(Object(Closure))
#32 /Applications/AMPPS/www/farah_accounting/vendor/laravel/lumen-framework/src/Concerns/RoutesRequests.php(172): Laravel\Lumen\Application->sendThroughPipeline(Array, Object(Closure))
#33 /Applications/AMPPS/www/farah_accounting/vendor/laravel/lumen-framework/src/Concerns/RoutesRequests.php(109): Laravel\Lumen\Application->dispatch(NULL)
#34 /Applications/AMPPS/www/farah_accounting/public/index.php(28): Laravel\Lumen\Application->run()
#35 {main}

Next Illuminate\Database\QueryException: SQLSTATE[42S22]: Column not found: 1054 Unknown column 'debit' in 'field list' (SQL: select sum(`debit`) as aggregate from `ledgers` where (`posting_date` >=  and `posting_date` <= ) and `account_id` = 7) in /Applications/AMPPS/www/farah_accounting/vendor/illuminate/database/Connection.php:671
Stack trace:
#0 /Applications/AMPPS/www/farah_accounting/vendor/illuminate/database/Connection.php(631): Illuminate\Database\Connection->runQueryCallback('select sum(`deb...', Array, Object(Closure))
#1 /Applications/AMPPS/www/farah_accounting/vendor/illuminate/database/Connection.php(339): Illuminate\Database\Connection->run('select sum(`deb...', Array, Object(Closure))
#2 /Applications/AMPPS/www/farah_accounting/vendor/illuminate/database/Query/Builder.php(2260): Illuminate\Database\Connection->select('select sum(`deb...', Array, true)
#3 /Applications/AMPPS/www/farah_accounting/vendor/illuminate/database/Query/Builder.php(2248): Illuminate\Database\Query\Builder->runSelect()
#4 /Applications/AMPPS/www/farah_accounting/vendor/illuminate/database/Query/Builder.php(2743): Illuminate\Database\Query\Builder->Illuminate\Database\Query\{closure}()
#5 /Applications/AMPPS/www/farah_accounting/vendor/illuminate/database/Query/Builder.php(2249): Illuminate\Database\Query\Builder->onceWithColumns(Array, Object(Closure))
#6 /Applications/AMPPS/www/farah_accounting/vendor/illuminate/database/Query/Builder.php(2670): Illuminate\Database\Query\Builder->get(Array)
#7 /Applications/AMPPS/www/farah_accounting/vendor/illuminate/database/Query/Builder.php(2631): Illuminate\Database\Query\Builder->aggregate('sum', Array)
#8 /Applications/AMPPS/www/farah_accounting/vendor/illuminate/database/Eloquent/Builder.php(1403): Illuminate\Database\Query\Builder->sum('debit')
#9 /Applications/AMPPS/www/farah_accounting/app/Http/Controllers/AccountController.php(98): Illuminate\Database\Eloquent\Builder->__call('sum', Array)
#10 [internal function]: App\Http\Controllers\AccountController->report(Object(Laravel\Lumen\Http\Request))
#11 /Applications/AMPPS/www/farah_accounting/vendor/illuminate/container/BoundMethod.php(37): call_user_func_array(Array, Array)
#12 /Applications/AMPPS/www/farah_accounting/vendor/illuminate/container/Util.php(37): Illuminate\Container\BoundMethod::Illuminate\Container\{closure}()
#13 /Applications/AMPPS/www/farah_accounting/vendor/illuminate/container/BoundMethod.php(95): Illuminate\Container\Util::unwrapIfClosure(Object(Closure))
#14 /Applications/AMPPS/www/farah_accounting/vendor/illuminate/container/BoundMethod.php(39): Illuminate\Container\BoundMethod::callBoundMethod(Object(Laravel\Lumen\Application), Array, Object(Closure))
#15 /Applications/AMPPS/www/farah_accounting/vendor/illuminate/container/Container.php(596): Illuminate\Container\BoundMethod::call(Object(Laravel\Lumen\Application), Array, Array, NULL)
#16 /Applications/AMPPS/www/farah_accounting/vendor/laravel/lumen-framework/src/Concerns/RoutesRequests.php(386): Illuminate\Container\Container->call(Array, Array)
#17 /Applications/AMPPS/www/farah_accounting/vendor/laravel/lumen-framework/src/Concerns/RoutesRequests.php(352): Laravel\Lumen\Application->callControllerCallable(Array, Array)
#18 /Applications/AMPPS/www/farah_accounting/vendor/laravel/lumen-framework/src/Concerns/RoutesRequests.php(326): Laravel\Lumen\Application->callLumenController(Object(App\Http\Controllers\AccountController), 'report', Array)
#19 /Applications/AMPPS/www/farah_accounting/vendor/laravel/lumen-framework/src/Concerns/RoutesRequests.php(279): Laravel\Lumen\Application->callControllerAction(Array)
#20 /Applications/AMPPS/www/farah_accounting/vendor/laravel/lumen-framework/src/Concerns/RoutesRequests.php(264): Laravel\Lumen\Application->callActionOnArrayBasedRoute(Array)
#21 /Applications/AMPPS/www/farah_accounting/vendor/laravel/lumen-framework/src/Concerns/RoutesRequests.php(166): Laravel\Lumen\Application->handleFoundRoute(Array)
#22 [internal function]: Laravel\Lumen\Application->Laravel\Lumen\Concerns\{closure}(Object(Laravel\Lumen\Http\Request))
#23 /Applications/AMPPS/www/farah_accounting/vendor/laravel/lumen-framework/src/Routing/Pipeline.php(48): call_user_func(Object(Closure), Object(Laravel\Lumen\Http\Request))
#24 /Applications/AMPPS/www/farah_accounting/app/Http/Middleware/CorsMiddleware.php(39): Laravel\Lumen\Routing\Pipeline->Laravel\Lumen\Routing\{closure}(Object(Laravel\Lumen\Http\Request))
#25 /Applications/AMPPS/www/farah_accounting/vendor/illuminate/pipeline/Pipeline.php(167): App\Http\Middleware\CorsMiddleware->handle(Object(Laravel\Lumen\Http\Request), Object(Closure))
#26 [internal function]: Illuminate\Pipeline\Pipeline->Illuminate\Pipeline\{closure}(Object(Laravel\Lumen\Http\Request))
#27 /Applications/AMPPS/www/farah_accounting/vendor/laravel/lumen-framework/src/Routing/Pipeline.php(30): call_user_func(Object(Closure), Object(Laravel\Lumen\Http\Request))
#28 /Applications/AMPPS/www/farah_accounting/vendor/illuminate/pipeline/Pipeline.php(103): Laravel\Lumen\Routing\Pipeline->Laravel\Lumen\Routing\{closure}(Object(Laravel\Lumen\Http\Request))
#29 /Applications/AMPPS/www/farah_accounting/vendor/laravel/lumen-framework/src/Concerns/RoutesRequests.php(423): Illuminate\Pipeline\Pipeline->then(Object(Closure))
#30 /Applications/AMPPS/www/farah_accounting/vendor/laravel/lumen-framework/src/Concerns/RoutesRequests.php(172): Laravel\Lumen\Application->sendThroughPipeline(Array, Object(Closure))
#31 /Applications/AMPPS/www/farah_accounting/vendor/laravel/lumen-framework/src/Concerns/RoutesRequests.php(109): Laravel\Lumen\Application->dispatch(NULL)
#32 /Applications/AMPPS/www/farah_accounting/public/index.php(28): Laravel\Lumen\Application->run()
#33 {main} {"exception":"[object] (Illuminate\\Database\\QueryException(code: 42S22): SQLSTATE[42S22]: Column not found: 1054 Unknown column 'debit' in 'field list' (SQL: select sum(`debit`) as aggregate from `ledgers` where (`posting_date` >=  and `posting_date` <= ) and `account_id` = 7) at /Applications/AMPPS/www/farah_accounting/vendor/illuminate/database/Connection.php:671)
[stacktrace]
#0 /Applications/AMPPS/www/farah_accounting/vendor/illuminate/database/Connection.php(631): Illuminate\\Database\\Connection->runQueryCallback('select sum(`deb...', Array, Object(Closure))
#1 /Applications/AMPPS/www/farah_accounting/vendor/illuminate/database/Connection.php(339): Illuminate\\Database\\Connection->run('select sum(`deb...', Array, Object(Closure))
#2 /Applications/AMPPS/www/farah_accounting/vendor/illuminate/database/Query/Builder.php(2260): Illuminate\\Database\\Connection->select('select sum(`deb...', Array, true)
#3 /Applications/AMPPS/www/farah_accounting/vendor/illuminate/database/Query/Builder.php(2248): Illuminate\\Database\\Query\\Builder->runSelect()
#4 /Applications/AMPPS/www/farah_accounting/vendor/illuminate/database/Query/Builder.php(2743): Illuminate\\Database\\Query\\Builder->Illuminate\\Database\\Query\\{closure}()
#5 /Applications/AMPPS/www/farah_accounting/vendor/illuminate/database/Query/Builder.php(2249): Illuminate\\Database\\Query\\Builder->onceWithColumns(Array, Object(Closure))
#6 /Applications/AMPPS/www/farah_accounting/vendor/illuminate/database/Query/Builder.php(2670): Illuminate\\Database\\Query\\Builder->get(Array)
#7 /Applications/AMPPS/www/farah_accounting/vendor/illuminate/database/Query/Builder.php(2631): Illuminate\\Database\\Query\\Builder->aggregate('sum', Array)
#8 /Applications/AMPPS/www/farah_accounting/vendor/illuminate/database/Eloquent/Builder.php(1403): Illuminate\\Database\\Query\\Builder->sum('debit')
#9 /Applications/AMPPS/www/farah_accounting/app/Http/Controllers/AccountController.php(98): Illuminate\\Database\\Eloquent\\Builder->__call('sum', Array)
#10 [internal function]: App\\Http\\Controllers\\AccountController->report(Object(Laravel\\Lumen\\Http\\Request))
#11 /Applications/AMPPS/www/farah_accounting/vendor/illuminate/container/BoundMethod.php(37): call_user_func_array(Array, Array)
#12 /Applications/AMPPS/www/farah_accounting/vendor/illuminate/container/Util.php(37): Illuminate\\Container\\BoundMethod::Illuminate\\Container\\{closure}()
#13 /Applications/AMPPS/www/farah_accounting/vendor/illuminate/container/BoundMethod.php(95): Illuminate\\Container\\Util::unwrapIfClosure(Object(Closure))
#14 /Applications/AMPPS/www/farah_accounting/vendor/illuminate/container/BoundMethod.php(39): Illuminate\\Container\\BoundMethod::callBoundMethod(Object(Laravel\\Lumen\\Application), Array, Object(Closure))
#15 /Applications/AMPPS/www/farah_accounting/vendor/illuminate/container/Container.php(596): Illuminate\\Container\\BoundMethod::call(Object(Laravel\\Lumen\\Application), Array, Array, NULL)
#16 /Applications/AMPPS/www/farah_accounting/vendor/laravel/lumen-framework/src/Concerns/RoutesRequests.php(386): Illuminate\\Container\\Container->call(Array, Array)
#17 /Applications/AMPPS/www/farah_accounting/vendor/laravel/lumen-framework/src/Concerns/RoutesRequests.php(352): Laravel\\Lumen\\Application->callControllerCallable(Array, Array)
#18 /Applications/AMPPS/www/farah_accounting/vendor/laravel/lumen-framework/src/Concerns/RoutesRequests.php(326): Laravel\\Lumen\\Application->callLumenController(Object(App\\Http\\Controllers\\AccountController), 'report', Array)
#19 /Applications/AMPPS/www/farah_accounting/vendor/laravel/lumen-framework/src/Concerns/RoutesRequests.php(279): Laravel\\Lumen\\Application->callControllerAction(Array)
#20 /Applications/AMPPS/www/farah_accounting/vendor/laravel/lumen-framework/src/Concerns/RoutesRequests.php(264): Laravel\\Lumen\\Application->callActionOnArrayBasedRoute(Array)
#21 /Applications/AMPPS/www/farah_accounting/vendor/laravel/lumen-framework/src/Concerns/RoutesRequests.php(166): Laravel\\Lumen\\Application->handleFoundRoute(Array)
#22 [internal function]: Laravel\\Lumen\\Application->Laravel\\Lumen\\Concerns\\{closure}(Object(Laravel\\Lumen\\Http\\Request))
#23 /Applications/AMPPS/www/farah_accounting/vendor/laravel/lumen-framework/src/Routing/Pipeline.php(48): call_user_func(Object(Closure), Object(Laravel\\Lumen\\Http\\Request))
#24 /Applications/AMPPS/www/farah_accounting/app/Http/Middleware/CorsMiddleware.php(39): Laravel\\Lumen\\Routing\\Pipeline->Laravel\\Lumen\\Routing\\{closure}(Object(Laravel\\Lumen\\Http\\Request))
#25 /Applications/AMPPS/www/farah_accounting/vendor/illuminate/pipeline/Pipeline.php(167): App\\Http\\Middleware\\CorsMiddleware->handle(Object(Laravel\\Lumen\\Http\\Request), Object(Closure))
#26 [internal function]: Illuminate\\Pipeline\\Pipeline->Illuminate\\Pipeline\\{closure}(Object(Laravel\\Lumen\\Http\\Request))
#27 /Applications/AMPPS/www/farah_accounting/vendor/laravel/lumen-framework/src/Routing/Pipeline.php(30): call_user_func(Object(Closure), Object(Laravel\\Lumen\\Http\\Request))
#28 /Applications/AMPPS/www/farah_accounting/vendor/illuminate/pipeline/Pipeline.php(103): Laravel\\Lumen\\Routing\\Pipeline->Laravel\\Lumen\\Routing\\{closure}(Object(Laravel\\Lumen\\Http\\Request))
#29 /Applications/AMPPS/www/farah_accounting/vendor/laravel/lumen-framework/src/Concerns/RoutesRequests.php(423): Illuminate\\Pipeline\\Pipeline->then(Object(Closure))
#30 /Applications/AMPPS/www/farah_accounting/vendor/laravel/lumen-framework/src/Concerns/RoutesRequests.php(172): Laravel\\Lumen\\Application->sendThroughPipeline(Array, Object(Closure))
#31 /Applications/AMPPS/www/farah_accounting/vendor/laravel/lumen-framework/src/Concerns/RoutesRequests.php(109): Laravel\\Lumen\\Application->dispatch(NULL)
#32 /Applications/AMPPS/www/farah_accounting/public/index.php(28): Laravel\\Lumen\\Application->run()
#33 {main}

[previous exception] [object] (PDOException(code: 42S22): SQLSTATE[42S22]: Column not found: 1054 Unknown column 'debit' in 'field list' at /Applications/AMPPS/www/farah_accounting/vendor/illuminate/database/Connection.php:331)
[stacktrace]
#0 /Applications/AMPPS/www/farah_accounting/vendor/illuminate/database/Connection.php(331): PDO->prepare('select sum(`deb...')
#1 /Applications/AMPPS/www/farah_accounting/vendor/illuminate/database/Connection.php(664): Illuminate\\Database\\Connection->Illuminate\\Database\\{closure}('select sum(`deb...', Array)
#2 /Applications/AMPPS/www/farah_accounting/vendor/illuminate/database/Connection.php(631): Illuminate\\Database\\Connection->runQueryCallback('select sum(`deb...', Array, Object(Closure))
#3 /Applications/AMPPS/www/farah_accounting/vendor/illuminate/database/Connection.php(339): Illuminate\\Database\\Connection->run('select sum(`deb...', Array, Object(Closure))
#4 /Applications/AMPPS/www/farah_accounting/vendor/illuminate/database/Query/Builder.php(2260): Illuminate\\Database\\Connection->select('select sum(`deb...', Array, true)
#5 /Applications/AMPPS/www/farah_accounting/vendor/illuminate/database/Query/Builder.php(2248): Illuminate\\Database\\Query\\Builder->runSelect()
#6 /Applications/AMPPS/www/farah_accounting/vendor/illuminate/database/Query/Builder.php(2743): Illuminate\\Database\\Query\\Builder->Illuminate\\Database\\Query\\{closure}()
#7 /Applications/AMPPS/www/farah_accounting/vendor/illuminate/database/Query/Builder.php(2249): Illuminate\\Database\\Query\\Builder->onceWithColumns(Array, Object(Closure))
#8 /Applications/AMPPS/www/farah_accounting/vendor/illuminate/database/Query/Builder.php(2670): Illuminate\\Database\\Query\\Builder->get(Array)
#9 /Applications/AMPPS/www/farah_accounting/vendor/illuminate/database/Query/Builder.php(2631): Illuminate\\Database\\Query\\Builder->aggregate('sum', Array)
#10 /Applications/AMPPS/www/farah_accounting/vendor/illuminate/database/Eloquent/Builder.php(1403): Illuminate\\Database\\Query\\Builder->sum('debit')
#11 /Applications/AMPPS/www/farah_accounting/app/Http/Controllers/AccountController.php(98): Illuminate\\Database\\Eloquent\\Builder->__call('sum', Array)
#12 [internal function]: App\\Http\\Controllers\\AccountController->report(Object(Laravel\\Lumen\\Http\\Request))
#13 /Applications/AMPPS/www/farah_accounting/vendor/illuminate/container/BoundMethod.php(37): call_user_func_array(Array, Array)
#14 /Applications/AMPPS/www/farah_accounting/vendor/illuminate/container/Util.php(37): Illuminate\\Container\\BoundMethod::Illuminate\\Container\\{closure}()
#15 /Applications/AMPPS/www/farah_accounting/vendor/illuminate/container/BoundMethod.php(95): Illuminate\\Container\\Util::unwrapIfClosure(Object(Closure))
#16 /Applications/AMPPS/www/farah_accounting/vendor/illuminate/container/BoundMethod.php(39): Illuminate\\Container\\BoundMethod::callBoundMethod(Object(Laravel\\Lumen\\Application), Array, Object(Closure))
#17 /Applications/AMPPS/www/farah_accounting/vendor/illuminate/container/Container.php(596): Illuminate\\Container\\BoundMethod::call(Object(Laravel\\Lumen\\Application), Array, Array, NULL)
#18 /Applications/AMPPS/www/farah_accounting/vendor/laravel/lumen-framework/src/Concerns/RoutesRequests.php(386): Illuminate\\Container\\Container->call(Array, Array)
#19 /Applications/AMPPS/www/farah_accounting/vendor/laravel/lumen-framework/src/Concerns/RoutesRequests.php(352): Laravel\\Lumen\\Application->callControllerCallable(Array, Array)
#20 /Applications/AMPPS/www/farah_accounting/vendor/laravel/lumen-framework/src/Concerns/RoutesRequests.php(326): Laravel\\Lumen\\Application->callLumenController(Object(App\\Http\\Controllers\\AccountController), 'report', Array)
#21 /Applications/AMPPS/www/farah_accounting/vendor/laravel/lumen-framework/src/Concerns/RoutesRequests.php(279): Laravel\\Lumen\\Application->callControllerAction(Array)
#22 /Applications/AMPPS/www/farah_accounting/vendor/laravel/lumen-framework/src/Concerns/RoutesRequests.php(264): Laravel\\Lumen\\Application->callActionOnArrayBasedRoute(Array)
#23 /Applications/AMPPS/www/farah_accounting/vendor/laravel/lumen-framework/src/Concerns/RoutesRequests.php(166): Laravel\\Lumen\\Application->handleFoundRoute(Array)
#24 [internal function]: Laravel\\Lumen\\Application->Laravel\\Lumen\\Concerns\\{closure}(Object(Laravel\\Lumen\\Http\\Request))
#25 /Applications/AMPPS/www/farah_accounting/vendor/laravel/lumen-framework/src/Routing/Pipeline.php(48): call_user_func(Object(Closure), Object(Laravel\\Lumen\\Http\\Request))
#26 /Applications/AMPPS/www/farah_accounting/app/Http/Middleware/CorsMiddleware.php(39): Laravel\\Lumen\\Routing\\Pipeline->Laravel\\Lumen\\Routing\\{closure}(Object(Laravel\\Lumen\\Http\\Request))
#27 /Applications/AMPPS/www/farah_accounting/vendor/illuminate/pipeline/Pipeline.php(167): App\\Http\\Middleware\\CorsMiddleware->handle(Object(Laravel\\Lumen\\Http\\Request), Object(Closure))
#28 [internal function]: Illuminate\\Pipeline\\Pipeline->Illuminate\\Pipeline\\{closure}(Object(Laravel\\Lumen\\Http\\Request))
#29 /Applications/AMPPS/www/farah_accounting/vendor/laravel/lumen-framework/src/Routing/Pipeline.php(30): call_user_func(Object(Closure), Object(Laravel\\Lumen\\Http\\Request))
#30 /Applications/AMPPS/www/farah_accounting/vendor/illuminate/pipeline/Pipeline.php(103): Laravel\\Lumen\\Routing\\Pipeline->Laravel\\Lumen\\Routing\\{closure}(Object(Laravel\\Lumen\\Http\\Request))
#31 /Applications/AMPPS/www/farah_accounting/vendor/laravel/lumen-framework/src/Concerns/RoutesRequests.php(423): Illuminate\\Pipeline\\Pipeline->then(Object(Closure))
#32 /Applications/AMPPS/www/farah_accounting/vendor/laravel/lumen-framework/src/Concerns/RoutesRequests.php(172): Laravel\\Lumen\\Application->sendThroughPipeline(Array, Object(Closure))
#33 /Applications/AMPPS/www/farah_accounting/vendor/laravel/lumen-framework/src/Concerns/RoutesRequests.php(109): Laravel\\Lumen\\Application->dispatch(NULL)
#34 /Applications/AMPPS/www/farah_accounting/public/index.php(28): Laravel\\Lumen\\Application->run()
#35 {main}
"} 
[2020-11-26 06:32:36] local.ERROR: PDOException: SQLSTATE[42S22]: Column not found: 1054 Unknown column 'journal.debit' in 'field list' in /Applications/AMPPS/www/farah_accounting/vendor/illuminate/database/Connection.php:331
Stack trace:
#0 /Applications/AMPPS/www/farah_accounting/vendor/illuminate/database/Connection.php(331): PDO->prepare('select sum(`jou...')
#1 /Applications/AMPPS/www/farah_accounting/vendor/illuminate/database/Connection.php(664): Illuminate\Database\Connection->Illuminate\Database\{closure}('select sum(`jou...', Array)
#2 /Applications/AMPPS/www/farah_accounting/vendor/illuminate/database/Connection.php(631): Illuminate\Database\Connection->runQueryCallback('select sum(`jou...', Array, Object(Closure))
#3 /Applications/AMPPS/www/farah_accounting/vendor/illuminate/database/Connection.php(339): Illuminate\Database\Connection->run('select sum(`jou...', Array, Object(Closure))
#4 /Applications/AMPPS/www/farah_accounting/vendor/illuminate/database/Query/Builder.php(2260): Illuminate\Database\Connection->select('select sum(`jou...', Array, true)
#5 /Applications/AMPPS/www/farah_accounting/vendor/illuminate/database/Query/Builder.php(2248): Illuminate\Database\Query\Builder->runSelect()
#6 /Applications/AMPPS/www/farah_accounting/vendor/illuminate/database/Query/Builder.php(2743): Illuminate\Database\Query\Builder->Illuminate\Database\Query\{closure}()
#7 /Applications/AMPPS/www/farah_accounting/vendor/illuminate/database/Query/Builder.php(2249): Illuminate\Database\Query\Builder->onceWithColumns(Array, Object(Closure))
#8 /Applications/AMPPS/www/farah_accounting/vendor/illuminate/database/Query/Builder.php(2670): Illuminate\Database\Query\Builder->get(Array)
#9 /Applications/AMPPS/www/farah_accounting/vendor/illuminate/database/Query/Builder.php(2631): Illuminate\Database\Query\Builder->aggregate('sum', Array)
#10 /Applications/AMPPS/www/farah_accounting/vendor/illuminate/database/Eloquent/Builder.php(1403): Illuminate\Database\Query\Builder->sum('journal.debit')
#11 /Applications/AMPPS/www/farah_accounting/app/Http/Controllers/AccountController.php(98): Illuminate\Database\Eloquent\Builder->__call('sum', Array)
#12 [internal function]: App\Http\Controllers\AccountController->report(Object(Laravel\Lumen\Http\Request))
#13 /Applications/AMPPS/www/farah_accounting/vendor/illuminate/container/BoundMethod.php(37): call_user_func_array(Array, Array)
#14 /Applications/AMPPS/www/farah_accounting/vendor/illuminate/container/Util.php(37): Illuminate\Container\BoundMethod::Illuminate\Container\{closure}()
#15 /Applications/AMPPS/www/farah_accounting/vendor/illuminate/container/BoundMethod.php(95): Illuminate\Container\Util::unwrapIfClosure(Object(Closure))
#16 /Applications/AMPPS/www/farah_accounting/vendor/illuminate/container/BoundMethod.php(39): Illuminate\Container\BoundMethod::callBoundMethod(Object(Laravel\Lumen\Application), Array, Object(Closure))
#17 /Applications/AMPPS/www/farah_accounting/vendor/illuminate/container/Container.php(596): Illuminate\Container\BoundMethod::call(Object(Laravel\Lumen\Application), Array, Array, NULL)
#18 /Applications/AMPPS/www/farah_accounting/vendor/laravel/lumen-framework/src/Concerns/RoutesRequests.php(386): Illuminate\Container\Container->call(Array, Array)
#19 /Applications/AMPPS/www/farah_accounting/vendor/laravel/lumen-framework/src/Concerns/RoutesRequests.php(352): Laravel\Lumen\Application->callControllerCallable(Array, Array)
#20 /Applications/AMPPS/www/farah_accounting/vendor/laravel/lumen-framework/src/Concerns/RoutesRequests.php(326): Laravel\Lumen\Application->callLumenController(Object(App\Http\Controllers\AccountController), 'report', Array)
#21 /Applications/AMPPS/www/farah_accounting/vendor/laravel/lumen-framework/src/Concerns/RoutesRequests.php(279): Laravel\Lumen\Application->callControllerAction(Array)
#22 /Applications/AMPPS/www/farah_accounting/vendor/laravel/lumen-framework/src/Concerns/RoutesRequests.php(264): Laravel\Lumen\Application->callActionOnArrayBasedRoute(Array)
#23 /Applications/AMPPS/www/farah_accounting/vendor/laravel/lumen-framework/src/Concerns/RoutesRequests.php(166): Laravel\Lumen\Application->handleFoundRoute(Array)
#24 [internal function]: Laravel\Lumen\Application->Laravel\Lumen\Concerns\{closure}(Object(Laravel\Lumen\Http\Request))
#25 /Applications/AMPPS/www/farah_accounting/vendor/laravel/lumen-framework/src/Routing/Pipeline.php(48): call_user_func(Object(Closure), Object(Laravel\Lumen\Http\Request))
#26 /Applications/AMPPS/www/farah_accounting/app/Http/Middleware/CorsMiddleware.php(39): Laravel\Lumen\Routing\Pipeline->Laravel\Lumen\Routing\{closure}(Object(Laravel\Lumen\Http\Request))
#27 /Applications/AMPPS/www/farah_accounting/vendor/illuminate/pipeline/Pipeline.php(167): App\Http\Middleware\CorsMiddleware->handle(Object(Laravel\Lumen\Http\Request), Object(Closure))
#28 [internal function]: Illuminate\Pipeline\Pipeline->Illuminate\Pipeline\{closure}(Object(Laravel\Lumen\Http\Request))
#29 /Applications/AMPPS/www/farah_accounting/vendor/laravel/lumen-framework/src/Routing/Pipeline.php(30): call_user_func(Object(Closure), Object(Laravel\Lumen\Http\Request))
#30 /Applications/AMPPS/www/farah_accounting/vendor/illuminate/pipeline/Pipeline.php(103): Laravel\Lumen\Routing\Pipeline->Laravel\Lumen\Routing\{closure}(Object(Laravel\Lumen\Http\Request))
#31 /Applications/AMPPS/www/farah_accounting/vendor/laravel/lumen-framework/src/Concerns/RoutesRequests.php(423): Illuminate\Pipeline\Pipeline->then(Object(Closure))
#32 /Applications/AMPPS/www/farah_accounting/vendor/laravel/lumen-framework/src/Concerns/RoutesRequests.php(172): Laravel\Lumen\Application->sendThroughPipeline(Array, Object(Closure))
#33 /Applications/AMPPS/www/farah_accounting/vendor/laravel/lumen-framework/src/Concerns/RoutesRequests.php(109): Laravel\Lumen\Application->dispatch(NULL)
#34 /Applications/AMPPS/www/farah_accounting/public/index.php(28): Laravel\Lumen\Application->run()
#35 {main}

Next Illuminate\Database\QueryException: SQLSTATE[42S22]: Column not found: 1054 Unknown column 'journal.debit' in 'field list' (SQL: select sum(`journal`.`debit`) as aggregate from `ledgers` where (`posting_date` >=  and `posting_date` <= ) and `account_id` = 7) in /Applications/AMPPS/www/farah_accounting/vendor/illuminate/database/Connection.php:671
Stack trace:
#0 /Applications/AMPPS/www/farah_accounting/vendor/illuminate/database/Connection.php(631): Illuminate\Database\Connection->runQueryCallback('select sum(`jou...', Array, Object(Closure))
#1 /Applications/AMPPS/www/farah_accounting/vendor/illuminate/database/Connection.php(339): Illuminate\Database\Connection->run('select sum(`jou...', Array, Object(Closure))
#2 /Applications/AMPPS/www/farah_accounting/vendor/illuminate/database/Query/Builder.php(2260): Illuminate\Database\Connection->select('select sum(`jou...', Array, true)
#3 /Applications/AMPPS/www/farah_accounting/vendor/illuminate/database/Query/Builder.php(2248): Illuminate\Database\Query\Builder->runSelect()
#4 /Applications/AMPPS/www/farah_accounting/vendor/illuminate/database/Query/Builder.php(2743): Illuminate\Database\Query\Builder->Illuminate\Database\Query\{closure}()
#5 /Applications/AMPPS/www/farah_accounting/vendor/illuminate/database/Query/Builder.php(2249): Illuminate\Database\Query\Builder->onceWithColumns(Array, Object(Closure))
#6 /Applications/AMPPS/www/farah_accounting/vendor/illuminate/database/Query/Builder.php(2670): Illuminate\Database\Query\Builder->get(Array)
#7 /Applications/AMPPS/www/farah_accounting/vendor/illuminate/database/Query/Builder.php(2631): Illuminate\Database\Query\Builder->aggregate('sum', Array)
#8 /Applications/AMPPS/www/farah_accounting/vendor/illuminate/database/Eloquent/Builder.php(1403): Illuminate\Database\Query\Builder->sum('journal.debit')
#9 /Applications/AMPPS/www/farah_accounting/app/Http/Controllers/AccountController.php(98): Illuminate\Database\Eloquent\Builder->__call('sum', Array)
#10 [internal function]: App\Http\Controllers\AccountController->report(Object(Laravel\Lumen\Http\Request))
#11 /Applications/AMPPS/www/farah_accounting/vendor/illuminate/container/BoundMethod.php(37): call_user_func_array(Array, Array)
#12 /Applications/AMPPS/www/farah_accounting/vendor/illuminate/container/Util.php(37): Illuminate\Container\BoundMethod::Illuminate\Container\{closure}()
#13 /Applications/AMPPS/www/farah_accounting/vendor/illuminate/container/BoundMethod.php(95): Illuminate\Container\Util::unwrapIfClosure(Object(Closure))
#14 /Applications/AMPPS/www/farah_accounting/vendor/illuminate/container/BoundMethod.php(39): Illuminate\Container\BoundMethod::callBoundMethod(Object(Laravel\Lumen\Application), Array, Object(Closure))
#15 /Applications/AMPPS/www/farah_accounting/vendor/illuminate/container/Container.php(596): Illuminate\Container\BoundMethod::call(Object(Laravel\Lumen\Application), Array, Array, NULL)
#16 /Applications/AMPPS/www/farah_accounting/vendor/laravel/lumen-framework/src/Concerns/RoutesRequests.php(386): Illuminate\Container\Container->call(Array, Array)
#17 /Applications/AMPPS/www/farah_accounting/vendor/laravel/lumen-framework/src/Concerns/RoutesRequests.php(352): Laravel\Lumen\Application->callControllerCallable(Array, Array)
#18 /Applications/AMPPS/www/farah_accounting/vendor/laravel/lumen-framework/src/Concerns/RoutesRequests.php(326): Laravel\Lumen\Application->callLumenController(Object(App\Http\Controllers\AccountController), 'report', Array)
#19 /Applications/AMPPS/www/farah_accounting/vendor/laravel/lumen-framework/src/Concerns/RoutesRequests.php(279): Laravel\Lumen\Application->callControllerAction(Array)
#20 /Applications/AMPPS/www/farah_accounting/vendor/laravel/lumen-framework/src/Concerns/RoutesRequests.php(264): Laravel\Lumen\Application->callActionOnArrayBasedRoute(Array)
#21 /Applications/AMPPS/www/farah_accounting/vendor/laravel/lumen-framework/src/Concerns/RoutesRequests.php(166): Laravel\Lumen\Application->handleFoundRoute(Array)
#22 [internal function]: Laravel\Lumen\Application->Laravel\Lumen\Concerns\{closure}(Object(Laravel\Lumen\Http\Request))
#23 /Applications/AMPPS/www/farah_accounting/vendor/laravel/lumen-framework/src/Routing/Pipeline.php(48): call_user_func(Object(Closure), Object(Laravel\Lumen\Http\Request))
#24 /Applications/AMPPS/www/farah_accounting/app/Http/Middleware/CorsMiddleware.php(39): Laravel\Lumen\Routing\Pipeline->Laravel\Lumen\Routing\{closure}(Object(Laravel\Lumen\Http\Request))
#25 /Applications/AMPPS/www/farah_accounting/vendor/illuminate/pipeline/Pipeline.php(167): App\Http\Middleware\CorsMiddleware->handle(Object(Laravel\Lumen\Http\Request), Object(Closure))
#26 [internal function]: Illuminate\Pipeline\Pipeline->Illuminate\Pipeline\{closure}(Object(Laravel\Lumen\Http\Request))
#27 /Applications/AMPPS/www/farah_accounting/vendor/laravel/lumen-framework/src/Routing/Pipeline.php(30): call_user_func(Object(Closure), Object(Laravel\Lumen\Http\Request))
#28 /Applications/AMPPS/www/farah_accounting/vendor/illuminate/pipeline/Pipeline.php(103): Laravel\Lumen\Routing\Pipeline->Laravel\Lumen\Routing\{closure}(Object(Laravel\Lumen\Http\Request))
#29 /Applications/AMPPS/www/farah_accounting/vendor/laravel/lumen-framework/src/Concerns/RoutesRequests.php(423): Illuminate\Pipeline\Pipeline->then(Object(Closure))
#30 /Applications/AMPPS/www/farah_accounting/vendor/laravel/lumen-framework/src/Concerns/RoutesRequests.php(172): Laravel\Lumen\Application->sendThroughPipeline(Array, Object(Closure))
#31 /Applications/AMPPS/www/farah_accounting/vendor/laravel/lumen-framework/src/Concerns/RoutesRequests.php(109): Laravel\Lumen\Application->dispatch(NULL)
#32 /Applications/AMPPS/www/farah_accounting/public/index.php(28): Laravel\Lumen\Application->run()
#33 {main} {"exception":"[object] (Illuminate\\Database\\QueryException(code: 42S22): SQLSTATE[42S22]: Column not found: 1054 Unknown column 'journal.debit' in 'field list' (SQL: select sum(`journal`.`debit`) as aggregate from `ledgers` where (`posting_date` >=  and `posting_date` <= ) and `account_id` = 7) at /Applications/AMPPS/www/farah_accounting/vendor/illuminate/database/Connection.php:671)
[stacktrace]
#0 /Applications/AMPPS/www/farah_accounting/vendor/illuminate/database/Connection.php(631): Illuminate\\Database\\Connection->runQueryCallback('select sum(`jou...', Array, Object(Closure))
#1 /Applications/AMPPS/www/farah_accounting/vendor/illuminate/database/Connection.php(339): Illuminate\\Database\\Connection->run('select sum(`jou...', Array, Object(Closure))
#2 /Applications/AMPPS/www/farah_accounting/vendor/illuminate/database/Query/Builder.php(2260): Illuminate\\Database\\Connection->select('select sum(`jou...', Array, true)
#3 /Applications/AMPPS/www/farah_accounting/vendor/illuminate/database/Query/Builder.php(2248): Illuminate\\Database\\Query\\Builder->runSelect()
#4 /Applications/AMPPS/www/farah_accounting/vendor/illuminate/database/Query/Builder.php(2743): Illuminate\\Database\\Query\\Builder->Illuminate\\Database\\Query\\{closure}()
#5 /Applications/AMPPS/www/farah_accounting/vendor/illuminate/database/Query/Builder.php(2249): Illuminate\\Database\\Query\\Builder->onceWithColumns(Array, Object(Closure))
#6 /Applications/AMPPS/www/farah_accounting/vendor/illuminate/database/Query/Builder.php(2670): Illuminate\\Database\\Query\\Builder->get(Array)
#7 /Applications/AMPPS/www/farah_accounting/vendor/illuminate/database/Query/Builder.php(2631): Illuminate\\Database\\Query\\Builder->aggregate('sum', Array)
#8 /Applications/AMPPS/www/farah_accounting/vendor/illuminate/database/Eloquent/Builder.php(1403): Illuminate\\Database\\Query\\Builder->sum('journal.debit')
#9 /Applications/AMPPS/www/farah_accounting/app/Http/Controllers/AccountController.php(98): Illuminate\\Database\\Eloquent\\Builder->__call('sum', Array)
#10 [internal function]: App\\Http\\Controllers\\AccountController->report(Object(Laravel\\Lumen\\Http\\Request))
#11 /Applications/AMPPS/www/farah_accounting/vendor/illuminate/container/BoundMethod.php(37): call_user_func_array(Array, Array)
#12 /Applications/AMPPS/www/farah_accounting/vendor/illuminate/container/Util.php(37): Illuminate\\Container\\BoundMethod::Illuminate\\Container\\{closure}()
#13 /Applications/AMPPS/www/farah_accounting/vendor/illuminate/container/BoundMethod.php(95): Illuminate\\Container\\Util::unwrapIfClosure(Object(Closure))
#14 /Applications/AMPPS/www/farah_accounting/vendor/illuminate/container/BoundMethod.php(39): Illuminate\\Container\\BoundMethod::callBoundMethod(Object(Laravel\\Lumen\\Application), Array, Object(Closure))
#15 /Applications/AMPPS/www/farah_accounting/vendor/illuminate/container/Container.php(596): Illuminate\\Container\\BoundMethod::call(Object(Laravel\\Lumen\\Application), Array, Array, NULL)
#16 /Applications/AMPPS/www/farah_accounting/vendor/laravel/lumen-framework/src/Concerns/RoutesRequests.php(386): Illuminate\\Container\\Container->call(Array, Array)
#17 /Applications/AMPPS/www/farah_accounting/vendor/laravel/lumen-framework/src/Concerns/RoutesRequests.php(352): Laravel\\Lumen\\Application->callControllerCallable(Array, Array)
#18 /Applications/AMPPS/www/farah_accounting/vendor/laravel/lumen-framework/src/Concerns/RoutesRequests.php(326): Laravel\\Lumen\\Application->callLumenController(Object(App\\Http\\Controllers\\AccountController), 'report', Array)
#19 /Applications/AMPPS/www/farah_accounting/vendor/laravel/lumen-framework/src/Concerns/RoutesRequests.php(279): Laravel\\Lumen\\Application->callControllerAction(Array)
#20 /Applications/AMPPS/www/farah_accounting/vendor/laravel/lumen-framework/src/Concerns/RoutesRequests.php(264): Laravel\\Lumen\\Application->callActionOnArrayBasedRoute(Array)
#21 /Applications/AMPPS/www/farah_accounting/vendor/laravel/lumen-framework/src/Concerns/RoutesRequests.php(166): Laravel\\Lumen\\Application->handleFoundRoute(Array)
#22 [internal function]: Laravel\\Lumen\\Application->Laravel\\Lumen\\Concerns\\{closure}(Object(Laravel\\Lumen\\Http\\Request))
#23 /Applications/AMPPS/www/farah_accounting/vendor/laravel/lumen-framework/src/Routing/Pipeline.php(48): call_user_func(Object(Closure), Object(Laravel\\Lumen\\Http\\Request))
#24 /Applications/AMPPS/www/farah_accounting/app/Http/Middleware/CorsMiddleware.php(39): Laravel\\Lumen\\Routing\\Pipeline->Laravel\\Lumen\\Routing\\{closure}(Object(Laravel\\Lumen\\Http\\Request))
#25 /Applications/AMPPS/www/farah_accounting/vendor/illuminate/pipeline/Pipeline.php(167): App\\Http\\Middleware\\CorsMiddleware->handle(Object(Laravel\\Lumen\\Http\\Request), Object(Closure))
#26 [internal function]: Illuminate\\Pipeline\\Pipeline->Illuminate\\Pipeline\\{closure}(Object(Laravel\\Lumen\\Http\\Request))
#27 /Applications/AMPPS/www/farah_accounting/vendor/laravel/lumen-framework/src/Routing/Pipeline.php(30): call_user_func(Object(Closure), Object(Laravel\\Lumen\\Http\\Request))
#28 /Applications/AMPPS/www/farah_accounting/vendor/illuminate/pipeline/Pipeline.php(103): Laravel\\Lumen\\Routing\\Pipeline->Laravel\\Lumen\\Routing\\{closure}(Object(Laravel\\Lumen\\Http\\Request))
#29 /Applications/AMPPS/www/farah_accounting/vendor/laravel/lumen-framework/src/Concerns/RoutesRequests.php(423): Illuminate\\Pipeline\\Pipeline->then(Object(Closure))
#30 /Applications/AMPPS/www/farah_accounting/vendor/laravel/lumen-framework/src/Concerns/RoutesRequests.php(172): Laravel\\Lumen\\Application->sendThroughPipeline(Array, Object(Closure))
#31 /Applications/AMPPS/www/farah_accounting/vendor/laravel/lumen-framework/src/Concerns/RoutesRequests.php(109): Laravel\\Lumen\\Application->dispatch(NULL)
#32 /Applications/AMPPS/www/farah_accounting/public/index.php(28): Laravel\\Lumen\\Application->run()
#33 {main}

[previous exception] [object] (PDOException(code: 42S22): SQLSTATE[42S22]: Column not found: 1054 Unknown column 'journal.debit' in 'field list' at /Applications/AMPPS/www/farah_accounting/vendor/illuminate/database/Connection.php:331)
[stacktrace]
#0 /Applications/AMPPS/www/farah_accounting/vendor/illuminate/database/Connection.php(331): PDO->prepare('select sum(`jou...')
#1 /Applications/AMPPS/www/farah_accounting/vendor/illuminate/database/Connection.php(664): Illuminate\\Database\\Connection->Illuminate\\Database\\{closure}('select sum(`jou...', Array)
#2 /Applications/AMPPS/www/farah_accounting/vendor/illuminate/database/Connection.php(631): Illuminate\\Database\\Connection->runQueryCallback('select sum(`jou...', Array, Object(Closure))
#3 /Applications/AMPPS/www/farah_accounting/vendor/illuminate/database/Connection.php(339): Illuminate\\Database\\Connection->run('select sum(`jou...', Array, Object(Closure))
#4 /Applications/AMPPS/www/farah_accounting/vendor/illuminate/database/Query/Builder.php(2260): Illuminate\\Database\\Connection->select('select sum(`jou...', Array, true)
#5 /Applications/AMPPS/www/farah_accounting/vendor/illuminate/database/Query/Builder.php(2248): Illuminate\\Database\\Query\\Builder->runSelect()
#6 /Applications/AMPPS/www/farah_accounting/vendor/illuminate/database/Query/Builder.php(2743): Illuminate\\Database\\Query\\Builder->Illuminate\\Database\\Query\\{closure}()
#7 /Applications/AMPPS/www/farah_accounting/vendor/illuminate/database/Query/Builder.php(2249): Illuminate\\Database\\Query\\Builder->onceWithColumns(Array, Object(Closure))
#8 /Applications/AMPPS/www/farah_accounting/vendor/illuminate/database/Query/Builder.php(2670): Illuminate\\Database\\Query\\Builder->get(Array)
#9 /Applications/AMPPS/www/farah_accounting/vendor/illuminate/database/Query/Builder.php(2631): Illuminate\\Database\\Query\\Builder->aggregate('sum', Array)
#10 /Applications/AMPPS/www/farah_accounting/vendor/illuminate/database/Eloquent/Builder.php(1403): Illuminate\\Database\\Query\\Builder->sum('journal.debit')
#11 /Applications/AMPPS/www/farah_accounting/app/Http/Controllers/AccountController.php(98): Illuminate\\Database\\Eloquent\\Builder->__call('sum', Array)
#12 [internal function]: App\\Http\\Controllers\\AccountController->report(Object(Laravel\\Lumen\\Http\\Request))
#13 /Applications/AMPPS/www/farah_accounting/vendor/illuminate/container/BoundMethod.php(37): call_user_func_array(Array, Array)
#14 /Applications/AMPPS/www/farah_accounting/vendor/illuminate/container/Util.php(37): Illuminate\\Container\\BoundMethod::Illuminate\\Container\\{closure}()
#15 /Applications/AMPPS/www/farah_accounting/vendor/illuminate/container/BoundMethod.php(95): Illuminate\\Container\\Util::unwrapIfClosure(Object(Closure))
#16 /Applications/AMPPS/www/farah_accounting/vendor/illuminate/container/BoundMethod.php(39): Illuminate\\Container\\BoundMethod::callBoundMethod(Object(Laravel\\Lumen\\Application), Array, Object(Closure))
#17 /Applications/AMPPS/www/farah_accounting/vendor/illuminate/container/Container.php(596): Illuminate\\Container\\BoundMethod::call(Object(Laravel\\Lumen\\Application), Array, Array, NULL)
#18 /Applications/AMPPS/www/farah_accounting/vendor/laravel/lumen-framework/src/Concerns/RoutesRequests.php(386): Illuminate\\Container\\Container->call(Array, Array)
#19 /Applications/AMPPS/www/farah_accounting/vendor/laravel/lumen-framework/src/Concerns/RoutesRequests.php(352): Laravel\\Lumen\\Application->callControllerCallable(Array, Array)
#20 /Applications/AMPPS/www/farah_accounting/vendor/laravel/lumen-framework/src/Concerns/RoutesRequests.php(326): Laravel\\Lumen\\Application->callLumenController(Object(App\\Http\\Controllers\\AccountController), 'report', Array)
#21 /Applications/AMPPS/www/farah_accounting/vendor/laravel/lumen-framework/src/Concerns/RoutesRequests.php(279): Laravel\\Lumen\\Application->callControllerAction(Array)
#22 /Applications/AMPPS/www/farah_accounting/vendor/laravel/lumen-framework/src/Concerns/RoutesRequests.php(264): Laravel\\Lumen\\Application->callActionOnArrayBasedRoute(Array)
#23 /Applications/AMPPS/www/farah_accounting/vendor/laravel/lumen-framework/src/Concerns/RoutesRequests.php(166): Laravel\\Lumen\\Application->handleFoundRoute(Array)
#24 [internal function]: Laravel\\Lumen\\Application->Laravel\\Lumen\\Concerns\\{closure}(Object(Laravel\\Lumen\\Http\\Request))
#25 /Applications/AMPPS/www/farah_accounting/vendor/laravel/lumen-framework/src/Routing/Pipeline.php(48): call_user_func(Object(Closure), Object(Laravel\\Lumen\\Http\\Request))
#26 /Applications/AMPPS/www/farah_accounting/app/Http/Middleware/CorsMiddleware.php(39): Laravel\\Lumen\\Routing\\Pipeline->Laravel\\Lumen\\Routing\\{closure}(Object(Laravel\\Lumen\\Http\\Request))
#27 /Applications/AMPPS/www/farah_accounting/vendor/illuminate/pipeline/Pipeline.php(167): App\\Http\\Middleware\\CorsMiddleware->handle(Object(Laravel\\Lumen\\Http\\Request), Object(Closure))
#28 [internal function]: Illuminate\\Pipeline\\Pipeline->Illuminate\\Pipeline\\{closure}(Object(Laravel\\Lumen\\Http\\Request))
#29 /Applications/AMPPS/www/farah_accounting/vendor/laravel/lumen-framework/src/Routing/Pipeline.php(30): call_user_func(Object(Closure), Object(Laravel\\Lumen\\Http\\Request))
#30 /Applications/AMPPS/www/farah_accounting/vendor/illuminate/pipeline/Pipeline.php(103): Laravel\\Lumen\\Routing\\Pipeline->Laravel\\Lumen\\Routing\\{closure}(Object(Laravel\\Lumen\\Http\\Request))
#31 /Applications/AMPPS/www/farah_accounting/vendor/laravel/lumen-framework/src/Concerns/RoutesRequests.php(423): Illuminate\\Pipeline\\Pipeline->then(Object(Closure))
#32 /Applications/AMPPS/www/farah_accounting/vendor/laravel/lumen-framework/src/Concerns/RoutesRequests.php(172): Laravel\\Lumen\\Application->sendThroughPipeline(Array, Object(Closure))
#33 /Applications/AMPPS/www/farah_accounting/vendor/laravel/lumen-framework/src/Concerns/RoutesRequests.php(109): Laravel\\Lumen\\Application->dispatch(NULL)
#34 /Applications/AMPPS/www/farah_accounting/public/index.php(28): Laravel\\Lumen\\Application->run()
#35 {main}
"} 
[2020-11-26 06:33:12] local.ERROR: PDOException: SQLSTATE[42S22]: Column not found: 1054 Unknown column 'journals.debit' in 'field list' in /Applications/AMPPS/www/farah_accounting/vendor/illuminate/database/Connection.php:331
Stack trace:
#0 /Applications/AMPPS/www/farah_accounting/vendor/illuminate/database/Connection.php(331): PDO->prepare('select sum(`jou...')
#1 /Applications/AMPPS/www/farah_accounting/vendor/illuminate/database/Connection.php(664): Illuminate\Database\Connection->Illuminate\Database\{closure}('select sum(`jou...', Array)
#2 /Applications/AMPPS/www/farah_accounting/vendor/illuminate/database/Connection.php(631): Illuminate\Database\Connection->runQueryCallback('select sum(`jou...', Array, Object(Closure))
#3 /Applications/AMPPS/www/farah_accounting/vendor/illuminate/database/Connection.php(339): Illuminate\Database\Connection->run('select sum(`jou...', Array, Object(Closure))
#4 /Applications/AMPPS/www/farah_accounting/vendor/illuminate/database/Query/Builder.php(2260): Illuminate\Database\Connection->select('select sum(`jou...', Array, true)
#5 /Applications/AMPPS/www/farah_accounting/vendor/illuminate/database/Query/Builder.php(2248): Illuminate\Database\Query\Builder->runSelect()
#6 /Applications/AMPPS/www/farah_accounting/vendor/illuminate/database/Query/Builder.php(2743): Illuminate\Database\Query\Builder->Illuminate\Database\Query\{closure}()
#7 /Applications/AMPPS/www/farah_accounting/vendor/illuminate/database/Query/Builder.php(2249): Illuminate\Database\Query\Builder->onceWithColumns(Array, Object(Closure))
#8 /Applications/AMPPS/www/farah_accounting/vendor/illuminate/database/Query/Builder.php(2670): Illuminate\Database\Query\Builder->get(Array)
#9 /Applications/AMPPS/www/farah_accounting/vendor/illuminate/database/Query/Builder.php(2631): Illuminate\Database\Query\Builder->aggregate('sum', Array)
#10 /Applications/AMPPS/www/farah_accounting/vendor/illuminate/database/Eloquent/Builder.php(1403): Illuminate\Database\Query\Builder->sum('journals.debit')
#11 /Applications/AMPPS/www/farah_accounting/app/Http/Controllers/AccountController.php(98): Illuminate\Database\Eloquent\Builder->__call('sum', Array)
#12 [internal function]: App\Http\Controllers\AccountController->report(Object(Laravel\Lumen\Http\Request))
#13 /Applications/AMPPS/www/farah_accounting/vendor/illuminate/container/BoundMethod.php(37): call_user_func_array(Array, Array)
#14 /Applications/AMPPS/www/farah_accounting/vendor/illuminate/container/Util.php(37): Illuminate\Container\BoundMethod::Illuminate\Container\{closure}()
#15 /Applications/AMPPS/www/farah_accounting/vendor/illuminate/container/BoundMethod.php(95): Illuminate\Container\Util::unwrapIfClosure(Object(Closure))
#16 /Applications/AMPPS/www/farah_accounting/vendor/illuminate/container/BoundMethod.php(39): Illuminate\Container\BoundMethod::callBoundMethod(Object(Laravel\Lumen\Application), Array, Object(Closure))
#17 /Applications/AMPPS/www/farah_accounting/vendor/illuminate/container/Container.php(596): Illuminate\Container\BoundMethod::call(Object(Laravel\Lumen\Application), Array, Array, NULL)
#18 /Applications/AMPPS/www/farah_accounting/vendor/laravel/lumen-framework/src/Concerns/RoutesRequests.php(386): Illuminate\Container\Container->call(Array, Array)
#19 /Applications/AMPPS/www/farah_accounting/vendor/laravel/lumen-framework/src/Concerns/RoutesRequests.php(352): Laravel\Lumen\Application->callControllerCallable(Array, Array)
#20 /Applications/AMPPS/www/farah_accounting/vendor/laravel/lumen-framework/src/Concerns/RoutesRequests.php(326): Laravel\Lumen\Application->callLumenController(Object(App\Http\Controllers\AccountController), 'report', Array)
#21 /Applications/AMPPS/www/farah_accounting/vendor/laravel/lumen-framework/src/Concerns/RoutesRequests.php(279): Laravel\Lumen\Application->callControllerAction(Array)
#22 /Applications/AMPPS/www/farah_accounting/vendor/laravel/lumen-framework/src/Concerns/RoutesRequests.php(264): Laravel\Lumen\Application->callActionOnArrayBasedRoute(Array)
#23 /Applications/AMPPS/www/farah_accounting/vendor/laravel/lumen-framework/src/Concerns/RoutesRequests.php(166): Laravel\Lumen\Application->handleFoundRoute(Array)
#24 [internal function]: Laravel\Lumen\Application->Laravel\Lumen\Concerns\{closure}(Object(Laravel\Lumen\Http\Request))
#25 /Applications/AMPPS/www/farah_accounting/vendor/laravel/lumen-framework/src/Routing/Pipeline.php(48): call_user_func(Object(Closure), Object(Laravel\Lumen\Http\Request))
#26 /Applications/AMPPS/www/farah_accounting/app/Http/Middleware/CorsMiddleware.php(39): Laravel\Lumen\Routing\Pipeline->Laravel\Lumen\Routing\{closure}(Object(Laravel\Lumen\Http\Request))
#27 /Applications/AMPPS/www/farah_accounting/vendor/illuminate/pipeline/Pipeline.php(167): App\Http\Middleware\CorsMiddleware->handle(Object(Laravel\Lumen\Http\Request), Object(Closure))
#28 [internal function]: Illuminate\Pipeline\Pipeline->Illuminate\Pipeline\{closure}(Object(Laravel\Lumen\Http\Request))
#29 /Applications/AMPPS/www/farah_accounting/vendor/laravel/lumen-framework/src/Routing/Pipeline.php(30): call_user_func(Object(Closure), Object(Laravel\Lumen\Http\Request))
#30 /Applications/AMPPS/www/farah_accounting/vendor/illuminate/pipeline/Pipeline.php(103): Laravel\Lumen\Routing\Pipeline->Laravel\Lumen\Routing\{closure}(Object(Laravel\Lumen\Http\Request))
#31 /Applications/AMPPS/www/farah_accounting/vendor/laravel/lumen-framework/src/Concerns/RoutesRequests.php(423): Illuminate\Pipeline\Pipeline->then(Object(Closure))
#32 /Applications/AMPPS/www/farah_accounting/vendor/laravel/lumen-framework/src/Concerns/RoutesRequests.php(172): Laravel\Lumen\Application->sendThroughPipeline(Array, Object(Closure))
#33 /Applications/AMPPS/www/farah_accounting/vendor/laravel/lumen-framework/src/Concerns/RoutesRequests.php(109): Laravel\Lumen\Application->dispatch(NULL)
#34 /Applications/AMPPS/www/farah_accounting/public/index.php(28): Laravel\Lumen\Application->run()
#35 {main}

Next Illuminate\Database\QueryException: SQLSTATE[42S22]: Column not found: 1054 Unknown column 'journals.debit' in 'field list' (SQL: select sum(`journals`.`debit`) as aggregate from `ledgers` where (`posting_date` >=  and `posting_date` <= ) and `account_id` = 7) in /Applications/AMPPS/www/farah_accounting/vendor/illuminate/database/Connection.php:671
Stack trace:
#0 /Applications/AMPPS/www/farah_accounting/vendor/illuminate/database/Connection.php(631): Illuminate\Database\Connection->runQueryCallback('select sum(`jou...', Array, Object(Closure))
#1 /Applications/AMPPS/www/farah_accounting/vendor/illuminate/database/Connection.php(339): Illuminate\Database\Connection->run('select sum(`jou...', Array, Object(Closure))
#2 /Applications/AMPPS/www/farah_accounting/vendor/illuminate/database/Query/Builder.php(2260): Illuminate\Database\Connection->select('select sum(`jou...', Array, true)
#3 /Applications/AMPPS/www/farah_accounting/vendor/illuminate/database/Query/Builder.php(2248): Illuminate\Database\Query\Builder->runSelect()
#4 /Applications/AMPPS/www/farah_accounting/vendor/illuminate/database/Query/Builder.php(2743): Illuminate\Database\Query\Builder->Illuminate\Database\Query\{closure}()
#5 /Applications/AMPPS/www/farah_accounting/vendor/illuminate/database/Query/Builder.php(2249): Illuminate\Database\Query\Builder->onceWithColumns(Array, Object(Closure))
#6 /Applications/AMPPS/www/farah_accounting/vendor/illuminate/database/Query/Builder.php(2670): Illuminate\Database\Query\Builder->get(Array)
#7 /Applications/AMPPS/www/farah_accounting/vendor/illuminate/database/Query/Builder.php(2631): Illuminate\Database\Query\Builder->aggregate('sum', Array)
#8 /Applications/AMPPS/www/farah_accounting/vendor/illuminate/database/Eloquent/Builder.php(1403): Illuminate\Database\Query\Builder->sum('journals.debit')
#9 /Applications/AMPPS/www/farah_accounting/app/Http/Controllers/AccountController.php(98): Illuminate\Database\Eloquent\Builder->__call('sum', Array)
#10 [internal function]: App\Http\Controllers\AccountController->report(Object(Laravel\Lumen\Http\Request))
#11 /Applications/AMPPS/www/farah_accounting/vendor/illuminate/container/BoundMethod.php(37): call_user_func_array(Array, Array)
#12 /Applications/AMPPS/www/farah_accounting/vendor/illuminate/container/Util.php(37): Illuminate\Container\BoundMethod::Illuminate\Container\{closure}()
#13 /Applications/AMPPS/www/farah_accounting/vendor/illuminate/container/BoundMethod.php(95): Illuminate\Container\Util::unwrapIfClosure(Object(Closure))
#14 /Applications/AMPPS/www/farah_accounting/vendor/illuminate/container/BoundMethod.php(39): Illuminate\Container\BoundMethod::callBoundMethod(Object(Laravel\Lumen\Application), Array, Object(Closure))
#15 /Applications/AMPPS/www/farah_accounting/vendor/illuminate/container/Container.php(596): Illuminate\Container\BoundMethod::call(Object(Laravel\Lumen\Application), Array, Array, NULL)
#16 /Applications/AMPPS/www/farah_accounting/vendor/laravel/lumen-framework/src/Concerns/RoutesRequests.php(386): Illuminate\Container\Container->call(Array, Array)
#17 /Applications/AMPPS/www/farah_accounting/vendor/laravel/lumen-framework/src/Concerns/RoutesRequests.php(352): Laravel\Lumen\Application->callControllerCallable(Array, Array)
#18 /Applications/AMPPS/www/farah_accounting/vendor/laravel/lumen-framework/src/Concerns/RoutesRequests.php(326): Laravel\Lumen\Application->callLumenController(Object(App\Http\Controllers\AccountController), 'report', Array)
#19 /Applications/AMPPS/www/farah_accounting/vendor/laravel/lumen-framework/src/Concerns/RoutesRequests.php(279): Laravel\Lumen\Application->callControllerAction(Array)
#20 /Applications/AMPPS/www/farah_accounting/vendor/laravel/lumen-framework/src/Concerns/RoutesRequests.php(264): Laravel\Lumen\Application->callActionOnArrayBasedRoute(Array)
#21 /Applications/AMPPS/www/farah_accounting/vendor/laravel/lumen-framework/src/Concerns/RoutesRequests.php(166): Laravel\Lumen\Application->handleFoundRoute(Array)
#22 [internal function]: Laravel\Lumen\Application->Laravel\Lumen\Concerns\{closure}(Object(Laravel\Lumen\Http\Request))
#23 /Applications/AMPPS/www/farah_accounting/vendor/laravel/lumen-framework/src/Routing/Pipeline.php(48): call_user_func(Object(Closure), Object(Laravel\Lumen\Http\Request))
#24 /Applications/AMPPS/www/farah_accounting/app/Http/Middleware/CorsMiddleware.php(39): Laravel\Lumen\Routing\Pipeline->Laravel\Lumen\Routing\{closure}(Object(Laravel\Lumen\Http\Request))
#25 /Applications/AMPPS/www/farah_accounting/vendor/illuminate/pipeline/Pipeline.php(167): App\Http\Middleware\CorsMiddleware->handle(Object(Laravel\Lumen\Http\Request), Object(Closure))
#26 [internal function]: Illuminate\Pipeline\Pipeline->Illuminate\Pipeline\{closure}(Object(Laravel\Lumen\Http\Request))
#27 /Applications/AMPPS/www/farah_accounting/vendor/laravel/lumen-framework/src/Routing/Pipeline.php(30): call_user_func(Object(Closure), Object(Laravel\Lumen\Http\Request))
#28 /Applications/AMPPS/www/farah_accounting/vendor/illuminate/pipeline/Pipeline.php(103): Laravel\Lumen\Routing\Pipeline->Laravel\Lumen\Routing\{closure}(Object(Laravel\Lumen\Http\Request))
#29 /Applications/AMPPS/www/farah_accounting/vendor/laravel/lumen-framework/src/Concerns/RoutesRequests.php(423): Illuminate\Pipeline\Pipeline->then(Object(Closure))
#30 /Applications/AMPPS/www/farah_accounting/vendor/laravel/lumen-framework/src/Concerns/RoutesRequests.php(172): Laravel\Lumen\Application->sendThroughPipeline(Array, Object(Closure))
#31 /Applications/AMPPS/www/farah_accounting/vendor/laravel/lumen-framework/src/Concerns/RoutesRequests.php(109): Laravel\Lumen\Application->dispatch(NULL)
#32 /Applications/AMPPS/www/farah_accounting/public/index.php(28): Laravel\Lumen\Application->run()
#33 {main} {"exception":"[object] (Illuminate\\Database\\QueryException(code: 42S22): SQLSTATE[42S22]: Column not found: 1054 Unknown column 'journals.debit' in 'field list' (SQL: select sum(`journals`.`debit`) as aggregate from `ledgers` where (`posting_date` >=  and `posting_date` <= ) and `account_id` = 7) at /Applications/AMPPS/www/farah_accounting/vendor/illuminate/database/Connection.php:671)
[stacktrace]
#0 /Applications/AMPPS/www/farah_accounting/vendor/illuminate/database/Connection.php(631): Illuminate\\Database\\Connection->runQueryCallback('select sum(`jou...', Array, Object(Closure))
#1 /Applications/AMPPS/www/farah_accounting/vendor/illuminate/database/Connection.php(339): Illuminate\\Database\\Connection->run('select sum(`jou...', Array, Object(Closure))
#2 /Applications/AMPPS/www/farah_accounting/vendor/illuminate/database/Query/Builder.php(2260): Illuminate\\Database\\Connection->select('select sum(`jou...', Array, true)
#3 /Applications/AMPPS/www/farah_accounting/vendor/illuminate/database/Query/Builder.php(2248): Illuminate\\Database\\Query\\Builder->runSelect()
#4 /Applications/AMPPS/www/farah_accounting/vendor/illuminate/database/Query/Builder.php(2743): Illuminate\\Database\\Query\\Builder->Illuminate\\Database\\Query\\{closure}()
#5 /Applications/AMPPS/www/farah_accounting/vendor/illuminate/database/Query/Builder.php(2249): Illuminate\\Database\\Query\\Builder->onceWithColumns(Array, Object(Closure))
#6 /Applications/AMPPS/www/farah_accounting/vendor/illuminate/database/Query/Builder.php(2670): Illuminate\\Database\\Query\\Builder->get(Array)
#7 /Applications/AMPPS/www/farah_accounting/vendor/illuminate/database/Query/Builder.php(2631): Illuminate\\Database\\Query\\Builder->aggregate('sum', Array)
#8 /Applications/AMPPS/www/farah_accounting/vendor/illuminate/database/Eloquent/Builder.php(1403): Illuminate\\Database\\Query\\Builder->sum('journals.debit')
#9 /Applications/AMPPS/www/farah_accounting/app/Http/Controllers/AccountController.php(98): Illuminate\\Database\\Eloquent\\Builder->__call('sum', Array)
#10 [internal function]: App\\Http\\Controllers\\AccountController->report(Object(Laravel\\Lumen\\Http\\Request))
#11 /Applications/AMPPS/www/farah_accounting/vendor/illuminate/container/BoundMethod.php(37): call_user_func_array(Array, Array)
#12 /Applications/AMPPS/www/farah_accounting/vendor/illuminate/container/Util.php(37): Illuminate\\Container\\BoundMethod::Illuminate\\Container\\{closure}()
#13 /Applications/AMPPS/www/farah_accounting/vendor/illuminate/container/BoundMethod.php(95): Illuminate\\Container\\Util::unwrapIfClosure(Object(Closure))
#14 /Applications/AMPPS/www/farah_accounting/vendor/illuminate/container/BoundMethod.php(39): Illuminate\\Container\\BoundMethod::callBoundMethod(Object(Laravel\\Lumen\\Application), Array, Object(Closure))
#15 /Applications/AMPPS/www/farah_accounting/vendor/illuminate/container/Container.php(596): Illuminate\\Container\\BoundMethod::call(Object(Laravel\\Lumen\\Application), Array, Array, NULL)
#16 /Applications/AMPPS/www/farah_accounting/vendor/laravel/lumen-framework/src/Concerns/RoutesRequests.php(386): Illuminate\\Container\\Container->call(Array, Array)
#17 /Applications/AMPPS/www/farah_accounting/vendor/laravel/lumen-framework/src/Concerns/RoutesRequests.php(352): Laravel\\Lumen\\Application->callControllerCallable(Array, Array)
#18 /Applications/AMPPS/www/farah_accounting/vendor/laravel/lumen-framework/src/Concerns/RoutesRequests.php(326): Laravel\\Lumen\\Application->callLumenController(Object(App\\Http\\Controllers\\AccountController), 'report', Array)
#19 /Applications/AMPPS/www/farah_accounting/vendor/laravel/lumen-framework/src/Concerns/RoutesRequests.php(279): Laravel\\Lumen\\Application->callControllerAction(Array)
#20 /Applications/AMPPS/www/farah_accounting/vendor/laravel/lumen-framework/src/Concerns/RoutesRequests.php(264): Laravel\\Lumen\\Application->callActionOnArrayBasedRoute(Array)
#21 /Applications/AMPPS/www/farah_accounting/vendor/laravel/lumen-framework/src/Concerns/RoutesRequests.php(166): Laravel\\Lumen\\Application->handleFoundRoute(Array)
#22 [internal function]: Laravel\\Lumen\\Application->Laravel\\Lumen\\Concerns\\{closure}(Object(Laravel\\Lumen\\Http\\Request))
#23 /Applications/AMPPS/www/farah_accounting/vendor/laravel/lumen-framework/src/Routing/Pipeline.php(48): call_user_func(Object(Closure), Object(Laravel\\Lumen\\Http\\Request))
#24 /Applications/AMPPS/www/farah_accounting/app/Http/Middleware/CorsMiddleware.php(39): Laravel\\Lumen\\Routing\\Pipeline->Laravel\\Lumen\\Routing\\{closure}(Object(Laravel\\Lumen\\Http\\Request))
#25 /Applications/AMPPS/www/farah_accounting/vendor/illuminate/pipeline/Pipeline.php(167): App\\Http\\Middleware\\CorsMiddleware->handle(Object(Laravel\\Lumen\\Http\\Request), Object(Closure))
#26 [internal function]: Illuminate\\Pipeline\\Pipeline->Illuminate\\Pipeline\\{closure}(Object(Laravel\\Lumen\\Http\\Request))
#27 /Applications/AMPPS/www/farah_accounting/vendor/laravel/lumen-framework/src/Routing/Pipeline.php(30): call_user_func(Object(Closure), Object(Laravel\\Lumen\\Http\\Request))
#28 /Applications/AMPPS/www/farah_accounting/vendor/illuminate/pipeline/Pipeline.php(103): Laravel\\Lumen\\Routing\\Pipeline->Laravel\\Lumen\\Routing\\{closure}(Object(Laravel\\Lumen\\Http\\Request))
#29 /Applications/AMPPS/www/farah_accounting/vendor/laravel/lumen-framework/src/Concerns/RoutesRequests.php(423): Illuminate\\Pipeline\\Pipeline->then(Object(Closure))
#30 /Applications/AMPPS/www/farah_accounting/vendor/laravel/lumen-framework/src/Concerns/RoutesRequests.php(172): Laravel\\Lumen\\Application->sendThroughPipeline(Array, Object(Closure))
#31 /Applications/AMPPS/www/farah_accounting/vendor/laravel/lumen-framework/src/Concerns/RoutesRequests.php(109): Laravel\\Lumen\\Application->dispatch(NULL)
#32 /Applications/AMPPS/www/farah_accounting/public/index.php(28): Laravel\\Lumen\\Application->run()
#33 {main}

[previous exception] [object] (PDOException(code: 42S22): SQLSTATE[42S22]: Column not found: 1054 Unknown column 'journals.debit' in 'field list' at /Applications/AMPPS/www/farah_accounting/vendor/illuminate/database/Connection.php:331)
[stacktrace]
#0 /Applications/AMPPS/www/farah_accounting/vendor/illuminate/database/Connection.php(331): PDO->prepare('select sum(`jou...')
#1 /Applications/AMPPS/www/farah_accounting/vendor/illuminate/database/Connection.php(664): Illuminate\\Database\\Connection->Illuminate\\Database\\{closure}('select sum(`jou...', Array)
#2 /Applications/AMPPS/www/farah_accounting/vendor/illuminate/database/Connection.php(631): Illuminate\\Database\\Connection->runQueryCallback('select sum(`jou...', Array, Object(Closure))
#3 /Applications/AMPPS/www/farah_accounting/vendor/illuminate/database/Connection.php(339): Illuminate\\Database\\Connection->run('select sum(`jou...', Array, Object(Closure))
#4 /Applications/AMPPS/www/farah_accounting/vendor/illuminate/database/Query/Builder.php(2260): Illuminate\\Database\\Connection->select('select sum(`jou...', Array, true)
#5 /Applications/AMPPS/www/farah_accounting/vendor/illuminate/database/Query/Builder.php(2248): Illuminate\\Database\\Query\\Builder->runSelect()
#6 /Applications/AMPPS/www/farah_accounting/vendor/illuminate/database/Query/Builder.php(2743): Illuminate\\Database\\Query\\Builder->Illuminate\\Database\\Query\\{closure}()
#7 /Applications/AMPPS/www/farah_accounting/vendor/illuminate/database/Query/Builder.php(2249): Illuminate\\Database\\Query\\Builder->onceWithColumns(Array, Object(Closure))
#8 /Applications/AMPPS/www/farah_accounting/vendor/illuminate/database/Query/Builder.php(2670): Illuminate\\Database\\Query\\Builder->get(Array)
#9 /Applications/AMPPS/www/farah_accounting/vendor/illuminate/database/Query/Builder.php(2631): Illuminate\\Database\\Query\\Builder->aggregate('sum', Array)
#10 /Applications/AMPPS/www/farah_accounting/vendor/illuminate/database/Eloquent/Builder.php(1403): Illuminate\\Database\\Query\\Builder->sum('journals.debit')
#11 /Applications/AMPPS/www/farah_accounting/app/Http/Controllers/AccountController.php(98): Illuminate\\Database\\Eloquent\\Builder->__call('sum', Array)
#12 [internal function]: App\\Http\\Controllers\\AccountController->report(Object(Laravel\\Lumen\\Http\\Request))
#13 /Applications/AMPPS/www/farah_accounting/vendor/illuminate/container/BoundMethod.php(37): call_user_func_array(Array, Array)
#14 /Applications/AMPPS/www/farah_accounting/vendor/illuminate/container/Util.php(37): Illuminate\\Container\\BoundMethod::Illuminate\\Container\\{closure}()
#15 /Applications/AMPPS/www/farah_accounting/vendor/illuminate/container/BoundMethod.php(95): Illuminate\\Container\\Util::unwrapIfClosure(Object(Closure))
#16 /Applications/AMPPS/www/farah_accounting/vendor/illuminate/container/BoundMethod.php(39): Illuminate\\Container\\BoundMethod::callBoundMethod(Object(Laravel\\Lumen\\Application), Array, Object(Closure))
#17 /Applications/AMPPS/www/farah_accounting/vendor/illuminate/container/Container.php(596): Illuminate\\Container\\BoundMethod::call(Object(Laravel\\Lumen\\Application), Array, Array, NULL)
#18 /Applications/AMPPS/www/farah_accounting/vendor/laravel/lumen-framework/src/Concerns/RoutesRequests.php(386): Illuminate\\Container\\Container->call(Array, Array)
#19 /Applications/AMPPS/www/farah_accounting/vendor/laravel/lumen-framework/src/Concerns/RoutesRequests.php(352): Laravel\\Lumen\\Application->callControllerCallable(Array, Array)
#20 /Applications/AMPPS/www/farah_accounting/vendor/laravel/lumen-framework/src/Concerns/RoutesRequests.php(326): Laravel\\Lumen\\Application->callLumenController(Object(App\\Http\\Controllers\\AccountController), 'report', Array)
#21 /Applications/AMPPS/www/farah_accounting/vendor/laravel/lumen-framework/src/Concerns/RoutesRequests.php(279): Laravel\\Lumen\\Application->callControllerAction(Array)
#22 /Applications/AMPPS/www/farah_accounting/vendor/laravel/lumen-framework/src/Concerns/RoutesRequests.php(264): Laravel\\Lumen\\Application->callActionOnArrayBasedRoute(Array)
#23 /Applications/AMPPS/www/farah_accounting/vendor/laravel/lumen-framework/src/Concerns/RoutesRequests.php(166): Laravel\\Lumen\\Application->handleFoundRoute(Array)
#24 [internal function]: Laravel\\Lumen\\Application->Laravel\\Lumen\\Concerns\\{closure}(Object(Laravel\\Lumen\\Http\\Request))
#25 /Applications/AMPPS/www/farah_accounting/vendor/laravel/lumen-framework/src/Routing/Pipeline.php(48): call_user_func(Object(Closure), Object(Laravel\\Lumen\\Http\\Request))
#26 /Applications/AMPPS/www/farah_accounting/app/Http/Middleware/CorsMiddleware.php(39): Laravel\\Lumen\\Routing\\Pipeline->Laravel\\Lumen\\Routing\\{closure}(Object(Laravel\\Lumen\\Http\\Request))
#27 /Applications/AMPPS/www/farah_accounting/vendor/illuminate/pipeline/Pipeline.php(167): App\\Http\\Middleware\\CorsMiddleware->handle(Object(Laravel\\Lumen\\Http\\Request), Object(Closure))
#28 [internal function]: Illuminate\\Pipeline\\Pipeline->Illuminate\\Pipeline\\{closure}(Object(Laravel\\Lumen\\Http\\Request))
#29 /Applications/AMPPS/www/farah_accounting/vendor/laravel/lumen-framework/src/Routing/Pipeline.php(30): call_user_func(Object(Closure), Object(Laravel\\Lumen\\Http\\Request))
#30 /Applications/AMPPS/www/farah_accounting/vendor/illuminate/pipeline/Pipeline.php(103): Laravel\\Lumen\\Routing\\Pipeline->Laravel\\Lumen\\Routing\\{closure}(Object(Laravel\\Lumen\\Http\\Request))
#31 /Applications/AMPPS/www/farah_accounting/vendor/laravel/lumen-framework/src/Concerns/RoutesRequests.php(423): Illuminate\\Pipeline\\Pipeline->then(Object(Closure))
#32 /Applications/AMPPS/www/farah_accounting/vendor/laravel/lumen-framework/src/Concerns/RoutesRequests.php(172): Laravel\\Lumen\\Application->sendThroughPipeline(Array, Object(Closure))
#33 /Applications/AMPPS/www/farah_accounting/vendor/laravel/lumen-framework/src/Concerns/RoutesRequests.php(109): Laravel\\Lumen\\Application->dispatch(NULL)
#34 /Applications/AMPPS/www/farah_accounting/public/index.php(28): Laravel\\Lumen\\Application->run()
#35 {main}
"} 
[2020-11-26 11:53:57] local.ERROR: InvalidArgumentException: Illegal operator and value combination. in /Applications/AMPPS/www/farah_accounting/vendor/illuminate/database/Query/Builder.php:754
Stack trace:
#0 /Applications/AMPPS/www/farah_accounting/vendor/illuminate/database/Query/Builder.php(650): Illuminate\Database\Query\Builder->prepareValueAndOperator(NULL, '<', false)
#1 /Applications/AMPPS/www/farah_accounting/vendor/illuminate/database/Eloquent/Builder.php(232): Illuminate\Database\Query\Builder->where('date', '<', NULL)
#2 /Applications/AMPPS/www/farah_accounting/app/Http/Controllers/RawMaterialController.php(127): Illuminate\Database\Eloquent\Builder->where('date', '<', NULL)
#3 /Applications/AMPPS/www/farah_accounting/app/Http/Controllers/RawMaterialController.php(58): App\Http\Controllers\RawMaterialController->previousStock(29, NULL)
#4 [internal function]: App\Http\Controllers\RawMaterialController->report(Object(Laravel\Lumen\Http\Request))
#5 /Applications/AMPPS/www/farah_accounting/vendor/illuminate/container/BoundMethod.php(37): call_user_func_array(Array, Array)
#6 /Applications/AMPPS/www/farah_accounting/vendor/illuminate/container/Util.php(37): Illuminate\Container\BoundMethod::Illuminate\Container\{closure}()
#7 /Applications/AMPPS/www/farah_accounting/vendor/illuminate/container/BoundMethod.php(95): Illuminate\Container\Util::unwrapIfClosure(Object(Closure))
#8 /Applications/AMPPS/www/farah_accounting/vendor/illuminate/container/BoundMethod.php(39): Illuminate\Container\BoundMethod::callBoundMethod(Object(Laravel\Lumen\Application), Array, Object(Closure))
#9 /Applications/AMPPS/www/farah_accounting/vendor/illuminate/container/Container.php(596): Illuminate\Container\BoundMethod::call(Object(Laravel\Lumen\Application), Array, Array, NULL)
#10 /Applications/AMPPS/www/farah_accounting/vendor/laravel/lumen-framework/src/Concerns/RoutesRequests.php(386): Illuminate\Container\Container->call(Array, Array)
#11 /Applications/AMPPS/www/farah_accounting/vendor/laravel/lumen-framework/src/Concerns/RoutesRequests.php(352): Laravel\Lumen\Application->callControllerCallable(Array, Array)
#12 /Applications/AMPPS/www/farah_accounting/vendor/laravel/lumen-framework/src/Concerns/RoutesRequests.php(326): Laravel\Lumen\Application->callLumenController(Object(App\Http\Controllers\RawMaterialController), 'report', Array)
#13 /Applications/AMPPS/www/farah_accounting/vendor/laravel/lumen-framework/src/Concerns/RoutesRequests.php(279): Laravel\Lumen\Application->callControllerAction(Array)
#14 /Applications/AMPPS/www/farah_accounting/vendor/laravel/lumen-framework/src/Concerns/RoutesRequests.php(264): Laravel\Lumen\Application->callActionOnArrayBasedRoute(Array)
#15 /Applications/AMPPS/www/farah_accounting/vendor/laravel/lumen-framework/src/Concerns/RoutesRequests.php(166): Laravel\Lumen\Application->handleFoundRoute(Array)
#16 [internal function]: Laravel\Lumen\Application->Laravel\Lumen\Concerns\{closure}(Object(Laravel\Lumen\Http\Request))
#17 /Applications/AMPPS/www/farah_accounting/vendor/laravel/lumen-framework/src/Routing/Pipeline.php(48): call_user_func(Object(Closure), Object(Laravel\Lumen\Http\Request))
#18 /Applications/AMPPS/www/farah_accounting/app/Http/Middleware/CorsMiddleware.php(39): Laravel\Lumen\Routing\Pipeline->Laravel\Lumen\Routing\{closure}(Object(Laravel\Lumen\Http\Request))
#19 /Applications/AMPPS/www/farah_accounting/vendor/illuminate/pipeline/Pipeline.php(167): App\Http\Middleware\CorsMiddleware->handle(Object(Laravel\Lumen\Http\Request), Object(Closure))
#20 [internal function]: Illuminate\Pipeline\Pipeline->Illuminate\Pipeline\{closure}(Object(Laravel\Lumen\Http\Request))
#21 /Applications/AMPPS/www/farah_accounting/vendor/laravel/lumen-framework/src/Routing/Pipeline.php(30): call_user_func(Object(Closure), Object(Laravel\Lumen\Http\Request))
#22 /Applications/AMPPS/www/farah_accounting/vendor/illuminate/pipeline/Pipeline.php(103): Laravel\Lumen\Routing\Pipeline->Laravel\Lumen\Routing\{closure}(Object(Laravel\Lumen\Http\Request))
#23 /Applications/AMPPS/www/farah_accounting/vendor/laravel/lumen-framework/src/Concerns/RoutesRequests.php(423): Illuminate\Pipeline\Pipeline->then(Object(Closure))
#24 /Applications/AMPPS/www/farah_accounting/vendor/laravel/lumen-framework/src/Concerns/RoutesRequests.php(172): Laravel\Lumen\Application->sendThroughPipeline(Array, Object(Closure))
#25 /Applications/AMPPS/www/farah_accounting/vendor/laravel/lumen-framework/src/Concerns/RoutesRequests.php(109): Laravel\Lumen\Application->dispatch(NULL)
#26 /Applications/AMPPS/www/farah_accounting/public/index.php(28): Laravel\Lumen\Application->run()
#27 {main} {"exception":"[object] (InvalidArgumentException(code: 0): Illegal operator and value combination. at /Applications/AMPPS/www/farah_accounting/vendor/illuminate/database/Query/Builder.php:754)
[stacktrace]
#0 /Applications/AMPPS/www/farah_accounting/vendor/illuminate/database/Query/Builder.php(650): Illuminate\\Database\\Query\\Builder->prepareValueAndOperator(NULL, '<', false)
#1 /Applications/AMPPS/www/farah_accounting/vendor/illuminate/database/Eloquent/Builder.php(232): Illuminate\\Database\\Query\\Builder->where('date', '<', NULL)
#2 /Applications/AMPPS/www/farah_accounting/app/Http/Controllers/RawMaterialController.php(127): Illuminate\\Database\\Eloquent\\Builder->where('date', '<', NULL)
#3 /Applications/AMPPS/www/farah_accounting/app/Http/Controllers/RawMaterialController.php(58): App\\Http\\Controllers\\RawMaterialController->previousStock(29, NULL)
#4 [internal function]: App\\Http\\Controllers\\RawMaterialController->report(Object(Laravel\\Lumen\\Http\\Request))
#5 /Applications/AMPPS/www/farah_accounting/vendor/illuminate/container/BoundMethod.php(37): call_user_func_array(Array, Array)
#6 /Applications/AMPPS/www/farah_accounting/vendor/illuminate/container/Util.php(37): Illuminate\\Container\\BoundMethod::Illuminate\\Container\\{closure}()
#7 /Applications/AMPPS/www/farah_accounting/vendor/illuminate/container/BoundMethod.php(95): Illuminate\\Container\\Util::unwrapIfClosure(Object(Closure))
#8 /Applications/AMPPS/www/farah_accounting/vendor/illuminate/container/BoundMethod.php(39): Illuminate\\Container\\BoundMethod::callBoundMethod(Object(Laravel\\Lumen\\Application), Array, Object(Closure))
#9 /Applications/AMPPS/www/farah_accounting/vendor/illuminate/container/Container.php(596): Illuminate\\Container\\BoundMethod::call(Object(Laravel\\Lumen\\Application), Array, Array, NULL)
#10 /Applications/AMPPS/www/farah_accounting/vendor/laravel/lumen-framework/src/Concerns/RoutesRequests.php(386): Illuminate\\Container\\Container->call(Array, Array)
#11 /Applications/AMPPS/www/farah_accounting/vendor/laravel/lumen-framework/src/Concerns/RoutesRequests.php(352): Laravel\\Lumen\\Application->callControllerCallable(Array, Array)
#12 /Applications/AMPPS/www/farah_accounting/vendor/laravel/lumen-framework/src/Concerns/RoutesRequests.php(326): Laravel\\Lumen\\Application->callLumenController(Object(App\\Http\\Controllers\\RawMaterialController), 'report', Array)
#13 /Applications/AMPPS/www/farah_accounting/vendor/laravel/lumen-framework/src/Concerns/RoutesRequests.php(279): Laravel\\Lumen\\Application->callControllerAction(Array)
#14 /Applications/AMPPS/www/farah_accounting/vendor/laravel/lumen-framework/src/Concerns/RoutesRequests.php(264): Laravel\\Lumen\\Application->callActionOnArrayBasedRoute(Array)
#15 /Applications/AMPPS/www/farah_accounting/vendor/laravel/lumen-framework/src/Concerns/RoutesRequests.php(166): Laravel\\Lumen\\Application->handleFoundRoute(Array)
#16 [internal function]: Laravel\\Lumen\\Application->Laravel\\Lumen\\Concerns\\{closure}(Object(Laravel\\Lumen\\Http\\Request))
#17 /Applications/AMPPS/www/farah_accounting/vendor/laravel/lumen-framework/src/Routing/Pipeline.php(48): call_user_func(Object(Closure), Object(Laravel\\Lumen\\Http\\Request))
#18 /Applications/AMPPS/www/farah_accounting/app/Http/Middleware/CorsMiddleware.php(39): Laravel\\Lumen\\Routing\\Pipeline->Laravel\\Lumen\\Routing\\{closure}(Object(Laravel\\Lumen\\Http\\Request))
#19 /Applications/AMPPS/www/farah_accounting/vendor/illuminate/pipeline/Pipeline.php(167): App\\Http\\Middleware\\CorsMiddleware->handle(Object(Laravel\\Lumen\\Http\\Request), Object(Closure))
#20 [internal function]: Illuminate\\Pipeline\\Pipeline->Illuminate\\Pipeline\\{closure}(Object(Laravel\\Lumen\\Http\\Request))
#21 /Applications/AMPPS/www/farah_accounting/vendor/laravel/lumen-framework/src/Routing/Pipeline.php(30): call_user_func(Object(Closure), Object(Laravel\\Lumen\\Http\\Request))
#22 /Applications/AMPPS/www/farah_accounting/vendor/illuminate/pipeline/Pipeline.php(103): Laravel\\Lumen\\Routing\\Pipeline->Laravel\\Lumen\\Routing\\{closure}(Object(Laravel\\Lumen\\Http\\Request))
#23 /Applications/AMPPS/www/farah_accounting/vendor/laravel/lumen-framework/src/Concerns/RoutesRequests.php(423): Illuminate\\Pipeline\\Pipeline->then(Object(Closure))
#24 /Applications/AMPPS/www/farah_accounting/vendor/laravel/lumen-framework/src/Concerns/RoutesRequests.php(172): Laravel\\Lumen\\Application->sendThroughPipeline(Array, Object(Closure))
#25 /Applications/AMPPS/www/farah_accounting/vendor/laravel/lumen-framework/src/Concerns/RoutesRequests.php(109): Laravel\\Lumen\\Application->dispatch(NULL)
#26 /Applications/AMPPS/www/farah_accounting/public/index.php(28): Laravel\\Lumen\\Application->run()
#27 {main}
"} 
